d:\wbox\libs\freeimage3160\source\libwebp\debug\lossless.obj
d:\wbox\libs\freeimage3160\source\libwebp\debug\enc_sse2.obj
d:\wbox\libs\freeimage3160\source\libwebp\debug\enc_neon.obj
d:\wbox\libs\freeimage3160\source\libwebp\debug\enc.obj
d:\wbox\libs\freeimage3160\source\libwebp\debug\dec_sse2.obj
d:\wbox\libs\freeimage3160\source\libwebp\debug\dec_neon.obj
d:\wbox\libs\freeimage3160\source\libwebp\debug\dec_clip_tables.obj
d:\wbox\libs\freeimage3160\source\libwebp\debug\dec.obj
d:\wbox\libs\freeimage3160\source\libwebp\debug\cpu.obj
d:\wbox\libs\freeimage3160\source\libwebp\debug\dec_webp.obj
d:\wbox\libs\freeimage3160\source\libwebp\debug\dec_vp8l.obj
d:\wbox\libs\freeimage3160\source\libwebp\debug\dec_vp8.obj
d:\wbox\libs\freeimage3160\source\libwebp\debug\dec_tree.obj
d:\wbox\libs\freeimage3160\source\libwebp\debug\dec_quant.obj
d:\wbox\libs\freeimage3160\source\libwebp\debug\dec_layer.obj
d:\wbox\libs\freeimage3160\source\libwebp\debug\dec_io.obj
d:\wbox\libs\freeimage3160\source\libwebp\debug\dec_idec.obj
d:\wbox\libs\freeimage3160\source\libwebp\debug\dec_frame.obj
d:\wbox\libs\freeimage3160\source\libwebp\debug\dec_buffer.obj
d:\wbox\libs\freeimage3160\source\libwebp\debug\dec_alpha.obj
d:\wbox\libs\freeimage3160\source\libwebp\debug\enc_webpenc.obj
d:\wbox\libs\freeimage3160\source\libwebp\debug\enc_vp8l.obj
d:\wbox\libs\freeimage3160\source\libwebp\debug\enc_tree.obj
d:\wbox\libs\freeimage3160\source\libwebp\debug\enc_syntax.obj
d:\wbox\libs\freeimage3160\source\libwebp\debug\enc_quant.obj
d:\wbox\libs\freeimage3160\source\libwebp\debug\enc_picture.obj
d:\wbox\libs\freeimage3160\source\libwebp\debug\enc_layer.obj
d:\wbox\libs\freeimage3160\source\libwebp\debug\enc_iterator.obj
d:\wbox\libs\freeimage3160\source\libwebp\debug\enc_histogram.obj
d:\wbox\libs\freeimage3160\source\libwebp\debug\enc_frame.obj
d:\wbox\libs\freeimage3160\source\libwebp\debug\enc_filter.obj
d:\wbox\libs\freeimage3160\source\libwebp\debug\enc_cost.obj
d:\wbox\libs\freeimage3160\source\libwebp\debug\enc_config.obj
d:\wbox\libs\freeimage3160\source\libwebp\debug\enc_backward_references.obj
d:\wbox\libs\freeimage3160\source\libwebp\debug\enc_analysis.obj
d:\wbox\libs\freeimage3160\source\libwebp\debug\enc_alpha.obj
d:\wbox\libs\freeimage3160\source\libwebp\debug\yuv.obj
d:\wbox\libs\freeimage3160\source\libwebp\debug\upsampling_sse2.obj
d:\wbox\libs\freeimage3160\source\libwebp\debug\upsampling_neon.obj
d:\wbox\libs\freeimage3160\source\libwebp\debug\upsampling.obj
d:\wbox\libs\freeimage3160\source\libwebp\debug\utils.obj
d:\wbox\libs\freeimage3160\source\libwebp\debug\thread.obj
d:\wbox\libs\freeimage3160\source\libwebp\debug\rescaler.obj
d:\wbox\libs\freeimage3160\source\libwebp\debug\random.obj
d:\wbox\libs\freeimage3160\source\libwebp\debug\quant_levels_dec.obj
d:\wbox\libs\freeimage3160\source\libwebp\debug\quant_levels.obj
d:\wbox\libs\freeimage3160\source\libwebp\debug\huffman_encode.obj
d:\wbox\libs\freeimage3160\source\libwebp\debug\huffman.obj
d:\wbox\libs\freeimage3160\source\libwebp\debug\filters.obj
d:\wbox\libs\freeimage3160\source\libwebp\debug\color_cache.obj
d:\wbox\libs\freeimage3160\source\libwebp\debug\bit_writer.obj
d:\wbox\libs\freeimage3160\source\libwebp\debug\bit_reader.obj
d:\wbox\libs\freeimage3160\source\libwebp\debug\alpha_processing.obj
d:\wbox\libs\freeimage3160\source\libwebp\debug\muxread.obj
d:\wbox\libs\freeimage3160\source\libwebp\debug\muxinternal.obj
d:\wbox\libs\freeimage3160\source\libwebp\debug\muxedit.obj
d:\wbox\libs\freeimage3160\source\libwebp\debug\token.obj
d:\wbox\libs\freeimage3160\source\libwebp\debug\vc110.pdb
d:\wbox\libs\freeimage3160\source\libwebp\debug\libwebp.lib
d:\wbox\libs\freeimage3160\source\libwebp\debug\vc120.pdb
d:\wbox\libs\freeimage3160\source\libwebp\debug\cl.command.1.tlog
d:\wbox\libs\freeimage3160\source\libwebp\debug\cl.read.1.tlog
d:\wbox\libs\freeimage3160\source\libwebp\debug\cl.write.1.tlog
d:\wbox\libs\freeimage3160\source\libwebp\debug\lib-link.read.1.tlog
d:\wbox\libs\freeimage3160\source\libwebp\debug\lib-link.write.1.tlog
d:\wbox\libs\freeimage3160\source\libwebp\debug\lib.command.1.tlog
d:\wbox\libs\freeimage3160\source\libwebp\debug\libwebp.tlog\cl.command.1.tlog
d:\wbox\libs\freeimage3160\source\libwebp\debug\libwebp.tlog\cl.read.1.tlog
d:\wbox\libs\freeimage3160\source\libwebp\debug\libwebp.tlog\cl.write.1.tlog
d:\wbox\libs\freeimage3160\source\libwebp\debug\libwebp.tlog\lib-link.read.1.tlog
d:\wbox\libs\freeimage3160\source\libwebp\debug\libwebp.tlog\lib-link.write.1.tlog
d:\wbox\libs\freeimage3160\source\libwebp\debug\libwebp.tlog\lib.command.1.tlog
