Build started 04.06.2015 16:53:28.
     1>Project "D:\wbox\libs\FreeImage3160\Source\LibWebP\LibWebP.2008.vcxproj" on node 5 (Rebuild target(s)).
     1>ClCompile:
         C:\Program Files (x86)\Microsoft Visual Studio 12.0\VC\bin\CL.exe /c /I./src /Zi /nologo /W3 /WX- /Od /Oy- /D WIN32 /D _WINDOWS /D _DEBUG /D _LIB /D WIN32_LEAN_AND_MEAN /GF- /Gm- /RTC1 /MDd /GS /Gy- /fp:precise /Zc:wchar_t /Zc:forScope /Fo"Debug\\" /Fd"Debug\vc120.pdb" /Gd /TC /analyze- /errorReport:prompt src\dec\dec_alpha.c src\dec\dec_buffer.c src\dec\dec_frame.c src\dec\dec_idec.c src\dec\dec_io.c src\dec\dec_layer.c src\dec\dec_quant.c src\dec\dec_tree.c src\dec\dec_vp8.c src\dec\dec_vp8l.c src\dec\dec_webp.c src\dsp\cpu.c src\dsp\dec.c src\dsp\dec_clip_tables.c src\dsp\dec_neon.c src\dsp\dec_sse2.c src\dsp\enc.c src\dsp\enc_neon.c src\dsp\enc_sse2.c src\dsp\lossless.c src\dsp\upsampling.c src\dsp\upsampling_neon.c src\dsp\upsampling_sse2.c src\dsp\yuv.c src\enc\enc_alpha.c src\enc\enc_analysis.c src\enc\enc_backward_references.c src\enc\enc_config.c src\enc\enc_cost.c src\enc\enc_filter.c src\enc\enc_frame.c src\enc\enc_histogram.c src\enc\enc_iterator.c src\enc\enc_layer.c src\enc\enc_picture.c src\enc\enc_quant.c src\enc\enc_syntax.c src\enc\enc_tree.c src\enc\enc_vp8l.c src\enc\enc_webpenc.c src\enc\token.c src\utils\alpha_processing.c src\utils\bit_reader.c src\utils\bit_writer.c src\utils\color_cache.c src\utils\filters.c src\utils\huffman.c src\utils\huffman_encode.c src\utils\quant_levels.c src\utils\quant_levels_dec.c src\utils\random.c src\utils\rescaler.c src\utils\thread.c src\utils\utils.c src\mux\muxedit.c src\mux\muxinternal.c src\mux\muxread.c
         dec_alpha.c
         dec_buffer.c
         dec_frame.c
         dec_idec.c
         dec_io.c
         dec_layer.c
         dec_quant.c
         dec_tree.c
         dec_vp8.c
         dec_vp8l.c
         dec_webp.c
         cpu.c
         dec.c
         dec_clip_tables.c
         dec_neon.c
         dec_sse2.c
         enc.c
         enc_neon.c
         enc_sse2.c
         lossless.c
         Generating Code...
         Compiling...
         upsampling.c
         upsampling_neon.c
         upsampling_sse2.c
         yuv.c
         enc_alpha.c
         enc_analysis.c
         enc_backward_references.c
         enc_config.c
         enc_cost.c
         enc_filter.c
         enc_frame.c
         enc_histogram.c
         enc_iterator.c
         enc_layer.c
         enc_picture.c
         enc_quant.c
         enc_syntax.c
         enc_tree.c
         enc_vp8l.c
         enc_webpenc.c
         Generating Code...
         Compiling...
         token.c
         alpha_processing.c
         bit_reader.c
         bit_writer.c
         color_cache.c
         filters.c
         huffman.c
         huffman_encode.c
         quant_levels.c
         quant_levels_dec.c
         random.c
         rescaler.c
         thread.c
         utils.c
         muxedit.c
         muxinternal.c
         muxread.c
         Generating Code...
     1>C:\Program Files (x86)\MSBuild\Microsoft.Cpp\v4.0\V120\Microsoft.CppBuild.targets(1361,5): warning MSB8012: TargetPath(D:\wbox\libs\FreeImage3160\Debug\LibWebP.lib) does not match the Library's OutputFile property value (D:\wbox\libs\FreeImage3160\Source\LibWebP\Debug\LibWebP.lib). This may cause your project to build incorrectly. To correct this, please make sure that $(OutDir), $(TargetName) and $(TargetExt) property values match the value specified in %(Lib.OutputFile).
       Lib:
         C:\Program Files (x86)\Microsoft Visual Studio 12.0\VC\bin\Lib.exe /OUT:".\Debug\LibWebP.lib" /NOLOGO Debug\dec_alpha.obj
         Debug\dec_buffer.obj
         Debug\dec_frame.obj
         Debug\dec_idec.obj
         Debug\dec_io.obj
         Debug\dec_layer.obj
         Debug\dec_quant.obj
         Debug\dec_tree.obj
         Debug\dec_vp8.obj
         Debug\dec_vp8l.obj
         Debug\dec_webp.obj
         Debug\cpu.obj
         Debug\dec.obj
         Debug\dec_clip_tables.obj
         Debug\dec_neon.obj
         Debug\dec_sse2.obj
         Debug\enc.obj
         Debug\enc_neon.obj
         Debug\enc_sse2.obj
         Debug\lossless.obj
         Debug\upsampling.obj
         Debug\upsampling_neon.obj
         Debug\upsampling_sse2.obj
         Debug\yuv.obj
         Debug\enc_alpha.obj
         Debug\enc_analysis.obj
         Debug\enc_backward_references.obj
         Debug\enc_config.obj
         Debug\enc_cost.obj
         Debug\enc_filter.obj
         Debug\enc_frame.obj
         Debug\enc_histogram.obj
         Debug\enc_iterator.obj
         Debug\enc_layer.obj
         Debug\enc_picture.obj
         Debug\enc_quant.obj
         Debug\enc_syntax.obj
         Debug\enc_tree.obj
         Debug\enc_vp8l.obj
         Debug\enc_webpenc.obj
         Debug\token.obj
         Debug\alpha_processing.obj
         Debug\bit_reader.obj
         Debug\bit_writer.obj
         Debug\color_cache.obj
         Debug\filters.obj
         Debug\huffman.obj
         Debug\huffman_encode.obj
         Debug\quant_levels.obj
         Debug\quant_levels_dec.obj
         Debug\random.obj
         Debug\rescaler.obj
         Debug\thread.obj
         Debug\utils.obj
         Debug\muxedit.obj
         Debug\muxinternal.obj
         Debug\muxread.obj
         LibWebP.2008.vcxproj -> D:\wbox\libs\FreeImage3160\Debug\LibWebP.lib
     1>Done Building Project "D:\wbox\libs\FreeImage3160\Source\LibWebP\LibWebP.2008.vcxproj" (Rebuild target(s)).

Build succeeded.

Time Elapsed 00:00:04.15
