d:\wbox\libs\freeimage3160\source\freeimagelib\debug\conversion16_565.obj
d:\wbox\libs\freeimage3160\source\freeimagelib\debug\conversion16_555.obj
d:\wbox\libs\freeimage3160\source\freeimagelib\debug\conversion.obj
d:\wbox\libs\freeimage3160\source\freeimagelib\debug\colorlookup.obj
d:\wbox\libs\freeimage3160\source\freeimagelib\debug\cachefile.obj
d:\wbox\libs\freeimage3160\source\freeimagelib\debug\bitmapaccess.obj
d:\wbox\libs\freeimage3160\source\freeimagelib\debug\resize.obj
d:\wbox\libs\freeimage3160\source\freeimagelib\debug\rescale.obj
d:\wbox\libs\freeimage3160\source\freeimagelib\debug\multigridpoissonsolver.obj
d:\wbox\libs\freeimage3160\source\freeimagelib\debug\jpegtransform.obj
d:\wbox\libs\freeimage3160\source\freeimagelib\debug\flip.obj
d:\wbox\libs\freeimage3160\source\freeimagelib\debug\display.obj
d:\wbox\libs\freeimage3160\source\freeimagelib\debug\copypaste.obj
d:\wbox\libs\freeimage3160\source\freeimagelib\debug\colors.obj
d:\wbox\libs\freeimage3160\source\freeimagelib\debug\classicrotate.obj
d:\wbox\libs\freeimage3160\source\freeimagelib\debug\channels.obj
d:\wbox\libs\freeimage3160\source\freeimagelib\debug\background.obj
d:\wbox\libs\freeimage3160\source\freeimagelib\debug\bsplinerotate.obj
d:\wbox\libs\freeimage3160\source\freeimagelib\debug\deprecated.obj
d:\wbox\libs\freeimage3160\source\freeimagelib\debug\pixelaccess.obj
d:\wbox\libs\freeimage3160\source\freeimagelib\debug\psdparser.obj
d:\wbox\libs\freeimage3160\source\freeimagelib\debug\nnquantizer.obj
d:\wbox\libs\freeimage3160\source\freeimagelib\debug\multipage.obj
d:\wbox\libs\freeimage3160\source\freeimagelib\debug\memoryio.obj
d:\wbox\libs\freeimage3160\source\freeimagelib\debug\mnghelper.obj
d:\wbox\libs\freeimage3160\source\freeimagelib\debug\j2khelper.obj
d:\wbox\libs\freeimage3160\source\freeimagelib\debug\halftoning.obj
d:\wbox\libs\freeimage3160\source\freeimagelib\debug\gettype.obj
d:\wbox\libs\freeimage3160\source\freeimagelib\debug\freeimageio.obj
d:\wbox\libs\freeimage3160\source\freeimagelib\debug\conversionuint16.obj
d:\wbox\libs\freeimage3160\source\freeimagelib\debug\conversiontype.obj
d:\wbox\libs\freeimage3160\source\freeimagelib\debug\conversionrgbf.obj
d:\wbox\libs\freeimage3160\source\freeimagelib\debug\conversionrgb16.obj
d:\wbox\libs\freeimage3160\source\freeimagelib\debug\conversionfloat.obj
d:\wbox\libs\freeimage3160\source\freeimagelib\debug\conversion8.obj
d:\wbox\libs\freeimage3160\source\freeimagelib\debug\conversion4.obj
d:\wbox\libs\freeimage3160\source\freeimagelib\debug\conversion32.obj
d:\wbox\libs\freeimage3160\source\freeimagelib\debug\conversion24.obj
d:\wbox\libs\freeimage3160\source\freeimagelib\debug\pluginpfm.obj
d:\wbox\libs\freeimage3160\source\freeimagelib\debug\pluginpcx.obj
d:\wbox\libs\freeimage3160\source\freeimagelib\debug\pluginpcd.obj
d:\wbox\libs\freeimage3160\source\freeimagelib\debug\pluginmng.obj
d:\wbox\libs\freeimage3160\source\freeimagelib\debug\pluginkoala.obj
d:\wbox\libs\freeimage3160\source\freeimagelib\debug\pluginjpeg.obj
d:\wbox\libs\freeimage3160\source\freeimagelib\debug\pluginjp2.obj
d:\wbox\libs\freeimage3160\source\freeimagelib\debug\pluginjng.obj
d:\wbox\libs\freeimage3160\source\freeimagelib\debug\pluginj2k.obj
d:\wbox\libs\freeimage3160\source\freeimagelib\debug\pluginiff.obj
d:\wbox\libs\freeimage3160\source\freeimagelib\debug\pluginico.obj
d:\wbox\libs\freeimage3160\source\freeimagelib\debug\pluginhdr.obj
d:\wbox\libs\freeimage3160\source\freeimagelib\debug\plugingif.obj
d:\wbox\libs\freeimage3160\source\freeimagelib\debug\pluging3.obj
d:\wbox\libs\freeimage3160\source\freeimagelib\debug\pluginexr.obj
d:\wbox\libs\freeimage3160\source\freeimagelib\debug\plugindds.obj
d:\wbox\libs\freeimage3160\source\freeimagelib\debug\plugincut.obj
d:\wbox\libs\freeimage3160\source\freeimagelib\debug\pluginbmp.obj
d:\wbox\libs\freeimage3160\source\freeimagelib\debug\tmofattal02.obj
d:\wbox\libs\freeimage3160\source\freeimagelib\debug\tmodrago03.obj
d:\wbox\libs\freeimage3160\source\freeimagelib\debug\tmocolorconvert.obj
d:\wbox\libs\freeimage3160\source\freeimagelib\debug\zlibinterface.obj
d:\wbox\libs\freeimage3160\source\freeimagelib\debug\wuquantizer.obj
d:\wbox\libs\freeimage3160\source\freeimagelib\debug\tonemapping.obj
d:\wbox\libs\freeimage3160\source\freeimagelib\debug\tifflogluv.obj
d:\wbox\libs\freeimage3160\source\freeimagelib\debug\pluginxpm.obj
d:\wbox\libs\freeimage3160\source\freeimagelib\debug\pluginxbm.obj
d:\wbox\libs\freeimage3160\source\freeimagelib\debug\pluginwebp.obj
d:\wbox\libs\freeimage3160\source\freeimagelib\debug\pluginwbmp.obj
d:\wbox\libs\freeimage3160\source\freeimagelib\debug\plugintiff.obj
d:\wbox\libs\freeimage3160\source\freeimagelib\debug\plugintarga.obj
d:\wbox\libs\freeimage3160\source\freeimagelib\debug\pluginsgi.obj
d:\wbox\libs\freeimage3160\source\freeimagelib\debug\pluginras.obj
d:\wbox\libs\freeimage3160\source\freeimagelib\debug\pluginpsd.obj
d:\wbox\libs\freeimage3160\source\freeimagelib\debug\pluginpnm.obj
d:\wbox\libs\freeimage3160\source\freeimagelib\debug\pluginpng.obj
d:\wbox\libs\freeimage3160\source\freeimagelib\debug\pluginpict.obj
d:\wbox\libs\freeimage3160\source\freeimagelib\debug\xtiff.obj
d:\wbox\libs\freeimage3160\source\freeimagelib\debug\taglib.obj
d:\wbox\libs\freeimage3160\source\freeimagelib\debug\tagconversion.obj
d:\wbox\libs\freeimage3160\source\freeimagelib\debug\iptc.obj
d:\wbox\libs\freeimage3160\source\freeimagelib\debug\freeimagetag.obj
d:\wbox\libs\freeimage3160\source\freeimagelib\debug\firational.obj
d:\wbox\libs\freeimage3160\source\freeimagelib\debug\exif.obj
d:\wbox\libs\freeimage3160\source\freeimagelib\debug\tmoreinhard05.obj
d:\wbox\libs\freeimage3160\source\freeimagelib\debug\deprecationmgr.obj
d:\wbox\libs\freeimage3160\source\freeimagelib\debug\freeimage.obj
d:\wbox\libs\freeimage3160\source\freeimagelib\debug\plugin.obj
d:\wbox\libs\freeimage3160\source\freeimagelib\debug\pluginjxr.obj
d:\wbox\libs\freeimage3160\source\freeimagelib\debug\pluginraw.obj
d:\wbox\libs\freeimage3160\source\freeimagelib\debug\vc110.pdb
d:\wbox\libs\freeimage3160\source\freeimagelib\debug\freeimaged.lib
d:\wbox\libs\freeimage3160\source\freeimagelib\debug\vc120.pdb
d:\wbox\libs\freeimage3160\source\freeimagelib\debug\vc120.idb
d:\wbox\libs\freeimage3160\source\freeimagelib\debug\freeimagelib.2008.vcxprojresolveassemblyreference.cache
d:\wbox\libs\freeimage3160\source\freeimagelib\debug\cl.command.1.tlog
d:\wbox\libs\freeimage3160\source\freeimagelib\debug\cl.read.1.tlog
d:\wbox\libs\freeimage3160\source\freeimagelib\debug\cl.write.1.tlog
d:\wbox\libs\freeimage3160\source\freeimagelib\debug\lib-link.read.1.tlog
d:\wbox\libs\freeimage3160\source\freeimagelib\debug\lib-link.write.1.tlog
d:\wbox\libs\freeimage3160\source\freeimagelib\debug\lib.command.1.tlog
d:\wbox\libs\freeimage3160\source\freeimagelib\debug\vc110.idb
d:\wbox\libs\freeimage3160\source\freeimagelib\debug\freeimagelib.tlog\cl.command.1.tlog
d:\wbox\libs\freeimage3160\source\freeimagelib\debug\freeimagelib.tlog\cl.read.1.tlog
d:\wbox\libs\freeimage3160\source\freeimagelib\debug\freeimagelib.tlog\cl.write.1.tlog
d:\wbox\libs\freeimage3160\source\freeimagelib\debug\freeimagelib.tlog\lib-link.read.1.tlog
d:\wbox\libs\freeimage3160\source\freeimagelib\debug\freeimagelib.tlog\lib-link.write.1.tlog
d:\wbox\libs\freeimage3160\source\freeimagelib\debug\freeimagelib.tlog\lib.command.1.tlog
