Build started 04.06.2015 16:54:04.
     1>Project "D:\wbox\libs\FreeImage3160\Source\FreeImageLib\FreeImageLib.2008.vcxproj" on node 3 (Rebuild target(s)).
     1>ClCompile:
         C:\Program Files (x86)\Microsoft Visual Studio 12.0\VC\bin\CL.exe /c /I..\ /I..\ZLib /I..\DeprecationManager /I..\OpenEXR\Half /I..\OpenEXR\Iex /I..\OpenEXR\IlmImf /I..\OpenEXR\Imath /I..\OpenEXR\IlmThread /I..\LibJXR\jxrgluelib /I..\LibJXR\image\sys /ZI /nologo /W3 /WX- /Od /Oy- /D WIN32 /D _DEBUG /D OPJ_STATIC /D FREEIMAGE_LIB /D _CRT_SECURE_NO_DEPRECATE /D LIBRAW_NODLL /D _VC80_UPGRADE=0x0710 /D _MBCS /GF /Gm- /EHsc /RTC1 /MDd /GS /fp:precise /Zc:wchar_t /Zc:forScope /Fo".\Debug/" /Fd".\Debug/vc120.pdb" /Gd /TP /analyze- /errorReport:prompt ..\FreeImage\BitmapAccess.cpp ..\FreeImage\ColorLookup.cpp ..\FreeImage\FreeImage.cpp ..\FreeImage\FreeImageIO.cpp ..\FreeImage\GetType.cpp ..\FreeImage\MemoryIO.cpp ..\FreeImage\PixelAccess.cpp ..\FreeImage\NNQuantizer.cpp ..\FreeImage\WuQuantizer.cpp ..\FreeImage\Conversion.cpp ..\FreeImage\Conversion16_555.cpp ..\FreeImage\Conversion16_565.cpp ..\FreeImage\Conversion24.cpp ..\FreeImage\Conversion32.cpp ..\FreeImage\Conversion4.cpp ..\FreeImage\Conversion8.cpp ..\FreeImage\ConversionFloat.cpp ..\FreeImage\ConversionRGB16.cpp ..\FreeImage\ConversionRGBF.cpp ..\FreeImage\ConversionType.cpp ..\FreeImage\ConversionUINT16.cpp ..\FreeImage\Halftoning.cpp ..\FreeImage\tmoColorConvert.cpp ..\FreeImage\tmoDrago03.cpp ..\FreeImage\tmoFattal02.cpp ..\FreeImage\tmoReinhard05.cpp ..\FreeImage\ToneMapping.cpp ..\FreeImage\J2KHelper.cpp ..\FreeImage\MNGHelper.cpp ..\FreeImage\Plugin.cpp ..\FreeImage\PluginBMP.cpp ..\FreeImage\PluginCUT.cpp ..\FreeImage\PluginDDS.cpp ..\FreeImage\PluginEXR.cpp ..\FreeImage\PluginG3.cpp ..\FreeImage\PluginGIF.cpp ..\FreeImage\PluginHDR.cpp ..\FreeImage\PluginICO.cpp ..\FreeImage\PluginIFF.cpp ..\FreeImage\PluginJ2K.cpp ..\FreeImage\PluginJNG.cpp ..\FreeImage\PluginJP2.cpp ..\FreeImage\PluginJPEG.cpp ..\FreeImage\PluginJXR.cpp ..\FreeImage\PluginKOALA.cpp ..\FreeImage\PluginMNG.cpp ..\FreeImage\PluginPCD.cpp ..\FreeImage\PluginPCX.cpp ..\FreeImage\PluginPFM.cpp ..\FreeImage\PluginPICT.cpp ..\FreeImage\PluginPNG.cpp ..\FreeImage\PluginPNM.cpp ..\FreeImage\PluginPSD.cpp ..\FreeImage\PluginRAS.cpp ..\FreeImage\PluginRAW.cpp ..\FreeImage\PluginSGI.cpp ..\FreeImage\PluginTARGA.cpp ..\FreeImage\PluginTIFF.cpp ..\FreeImage\PluginWBMP.cpp ..\FreeImage\PluginWebP.cpp ..\FreeImage\PluginXBM.cpp ..\FreeImage\PluginXPM.cpp ..\FreeImage\PSDParser.cpp ..\FreeImage\TIFFLogLuv.cpp ..\DeprecationManager\Deprecated.cpp ..\DeprecationManager\DeprecationMgr.cpp ..\FreeImage\CacheFile.cpp ..\FreeImage\MultiPage.cpp ..\FreeImage\ZLibInterface.cpp ..\Metadata\Exif.cpp ..\Metadata\FIRational.cpp ..\Metadata\FreeImageTag.cpp ..\Metadata\IPTC.cpp ..\Metadata\TagConversion.cpp ..\Metadata\TagLib.cpp ..\Metadata\XTIFF.cpp ..\FreeImageToolkit\Background.cpp ..\FreeImageToolkit\BSplineRotate.cpp ..\FreeImageToolkit\Channels.cpp ..\FreeImageToolkit\ClassicRotate.cpp ..\FreeImageToolkit\Colors.cpp ..\FreeImageToolkit\CopyPaste.cpp ..\FreeImageToolkit\Display.cpp ..\FreeImageToolkit\Flip.cpp ..\FreeImageToolkit\JPEGTransform.cpp ..\FreeImageToolkit\MultigridPoissonSolver.cpp ..\FreeImageToolkit\Rescale.cpp ..\FreeImageToolkit\Resize.cpp
         BitmapAccess.cpp
         ColorLookup.cpp
         FreeImage.cpp
         FreeImageIO.cpp
         GetType.cpp
         MemoryIO.cpp
         PixelAccess.cpp
         NNQuantizer.cpp
         WuQuantizer.cpp
         Conversion.cpp
         Conversion16_555.cpp
         Conversion16_565.cpp
         Conversion24.cpp
         Conversion32.cpp
         Conversion4.cpp
         Conversion8.cpp
         ConversionFloat.cpp
         ConversionRGB16.cpp
         ConversionRGBF.cpp
         ConversionType.cpp
         Generating Code...
         Compiling...
         ConversionUINT16.cpp
         Halftoning.cpp
         tmoColorConvert.cpp
         tmoDrago03.cpp
         tmoFattal02.cpp
         tmoReinhard05.cpp
         ToneMapping.cpp
         J2KHelper.cpp
         MNGHelper.cpp
         Plugin.cpp
         PluginBMP.cpp
         PluginCUT.cpp
         PluginDDS.cpp
         PluginEXR.cpp
         PluginG3.cpp
         PluginGIF.cpp
         PluginHDR.cpp
         PluginICO.cpp
         PluginIFF.cpp
         PluginJ2K.cpp
         Generating Code...
         Compiling...
         PluginJNG.cpp
         PluginJP2.cpp
         PluginJPEG.cpp
         PluginJXR.cpp
         PluginKOALA.cpp
         PluginMNG.cpp
         PluginPCD.cpp
         PluginPCX.cpp
         PluginPFM.cpp
         PluginPICT.cpp
         PluginPNG.cpp
         PluginPNM.cpp
         PluginPSD.cpp
         PluginRAS.cpp
         PluginRAW.cpp
         PluginSGI.cpp
         PluginTARGA.cpp
         PluginTIFF.cpp
         PluginWBMP.cpp
         PluginWebP.cpp
         Generating Code...
         Compiling...
         PluginXBM.cpp
         PluginXPM.cpp
         PSDParser.cpp
         TIFFLogLuv.cpp
         Deprecated.cpp
         DeprecationMgr.cpp
         CacheFile.cpp
         MultiPage.cpp
         ZLibInterface.cpp
         Exif.cpp
         FIRational.cpp
         FreeImageTag.cpp
         IPTC.cpp
         TagConversion.cpp
         TagLib.cpp
         XTIFF.cpp
         Background.cpp
         BSplineRotate.cpp
         Channels.cpp
         ClassicRotate.cpp
         Generating Code...
         Compiling...
         Colors.cpp
         CopyPaste.cpp
         Display.cpp
         Flip.cpp
         JPEGTransform.cpp
         MultigridPoissonSolver.cpp
         Rescale.cpp
         Resize.cpp
         Generating Code...
     1>C:\Program Files (x86)\MSBuild\Microsoft.Cpp\v4.0\V120\Microsoft.CppBuild.targets(1361,5): warning MSB8012: TargetPath(D:\wbox\libs\FreeImage3160\Source\FreeImageLib\Debug\FreeImageLib.lib) does not match the Library's OutputFile property value (D:\wbox\libs\FreeImage3160\Source\FreeImageLib\Debug\FreeImaged.lib). This may cause your project to build incorrectly. To correct this, please make sure that $(OutDir), $(TargetName) and $(TargetExt) property values match the value specified in %(Lib.OutputFile).
     1>C:\Program Files (x86)\MSBuild\Microsoft.Cpp\v4.0\V120\Microsoft.CppBuild.targets(1363,5): warning MSB8012: TargetName(FreeImageLib) does not match the Library's OutputFile property value (FreeImaged). This may cause your project to build incorrectly. To correct this, please make sure that $(OutDir), $(TargetName) and $(TargetExt) property values match the value specified in %(Lib.OutputFile).
       Lib:
         C:\Program Files (x86)\Microsoft Visual Studio 12.0\VC\bin\Lib.exe /OUT:"Debug\FreeImaged.lib" /NOLOGO .\Debug/BitmapAccess.obj
         .\Debug/ColorLookup.obj
         .\Debug/FreeImage.obj
         .\Debug/FreeImageIO.obj
         .\Debug/GetType.obj
         .\Debug/MemoryIO.obj
         .\Debug/PixelAccess.obj
         .\Debug/NNQuantizer.obj
         .\Debug/WuQuantizer.obj
         .\Debug/Conversion.obj
         .\Debug/Conversion16_555.obj
         .\Debug/Conversion16_565.obj
         .\Debug/Conversion24.obj
         .\Debug/Conversion32.obj
         .\Debug/Conversion4.obj
         .\Debug/Conversion8.obj
         .\Debug/ConversionFloat.obj
         .\Debug/ConversionRGB16.obj
         .\Debug/ConversionRGBF.obj
         .\Debug/ConversionType.obj
         .\Debug/ConversionUINT16.obj
         .\Debug/Halftoning.obj
         .\Debug/tmoColorConvert.obj
         .\Debug/tmoDrago03.obj
         .\Debug/tmoFattal02.obj
         .\Debug/tmoReinhard05.obj
         .\Debug/ToneMapping.obj
         .\Debug/J2KHelper.obj
         .\Debug/MNGHelper.obj
         .\Debug/Plugin.obj
         .\Debug/PluginBMP.obj
         .\Debug/PluginCUT.obj
         .\Debug/PluginDDS.obj
         .\Debug/PluginEXR.obj
         .\Debug/PluginG3.obj
         .\Debug/PluginGIF.obj
         .\Debug/PluginHDR.obj
         .\Debug/PluginICO.obj
         .\Debug/PluginIFF.obj
         .\Debug/PluginJ2K.obj
         .\Debug/PluginJNG.obj
         .\Debug/PluginJP2.obj
         .\Debug/PluginJPEG.obj
         .\Debug/PluginJXR.obj
         .\Debug/PluginKOALA.obj
         .\Debug/PluginMNG.obj
         .\Debug/PluginPCD.obj
         .\Debug/PluginPCX.obj
         .\Debug/PluginPFM.obj
         .\Debug/PluginPICT.obj
         .\Debug/PluginPNG.obj
         .\Debug/PluginPNM.obj
         .\Debug/PluginPSD.obj
         .\Debug/PluginRAS.obj
         .\Debug/PluginRAW.obj
         .\Debug/PluginSGI.obj
         .\Debug/PluginTARGA.obj
         .\Debug/PluginTIFF.obj
         .\Debug/PluginWBMP.obj
         .\Debug/PluginWebP.obj
         .\Debug/PluginXBM.obj
         .\Debug/PluginXPM.obj
         .\Debug/PSDParser.obj
         .\Debug/TIFFLogLuv.obj
         .\Debug/Deprecated.obj
         .\Debug/DeprecationMgr.obj
         .\Debug/CacheFile.obj
         .\Debug/MultiPage.obj
         .\Debug/ZLibInterface.obj
         .\Debug/Exif.obj
         .\Debug/FIRational.obj
         .\Debug/FreeImageTag.obj
         .\Debug/IPTC.obj
         .\Debug/TagConversion.obj
         .\Debug/TagLib.obj
         .\Debug/XTIFF.obj
         .\Debug/Background.obj
         .\Debug/BSplineRotate.obj
         .\Debug/Channels.obj
         .\Debug/ClassicRotate.obj
         .\Debug/Colors.obj
         .\Debug/CopyPaste.obj
         .\Debug/Display.obj
         .\Debug/Flip.obj
         .\Debug/JPEGTransform.obj
         .\Debug/MultigridPoissonSolver.obj
         .\Debug/Rescale.obj
         .\Debug/Resize.obj
         D:\wbox\libs\FreeImage3160\Source\LibJPEG\Debug\LibJPEG.lib
         D:\wbox\libs\FreeImage3160\Debug\LibJXR.lib
         D:\wbox\libs\FreeImage3160\Source\LibOpenJPEG\Debug\LibOpenJPEG.lib
         D:\wbox\libs\FreeImage3160\Source\ZLib\Debug\ZLib.lib
         D:\wbox\libs\FreeImage3160\Source\LibPNG\Debug\LibPNG.lib
         D:\wbox\libs\FreeImage3160\Source\LibRawLite\Debug\LibRawLite.lib
         D:\wbox\libs\FreeImage3160\Source\LibTIFF4\Debug\LibTIFF4.lib
         D:\wbox\libs\FreeImage3160\Source\LibWebP\Debug\LibWebP.lib
         D:\wbox\libs\FreeImage3160\Source\OpenEXR\Debug\OpenEXR.lib
     1>OpenEXR.lib(ImathBox.obj) : warning LNK4221: This object file does not define any previously undefined public symbols, so it will not be used by any link operation that consumes this library
     1>OpenEXR.lib(ImathShear.obj) : warning LNK4221: This object file does not define any previously undefined public symbols, so it will not be used by any link operation that consumes this library
         FreeImageLib.2008.vcxproj -> D:\wbox\libs\FreeImage3160\Source\FreeImageLib\Debug\FreeImageLib.lib
       PostBuildEvent:
         echo copy Debug\FreeImaged.lib ..\..\Dist\
         echo copy ..\FreeImage.h ..\..\Dist\
         
         :VCEnd
         copy Debug\FreeImaged.lib ..\..\Dist\
         copy ..\FreeImage.h ..\..\Dist\
     1>Done Building Project "D:\wbox\libs\FreeImage3160\Source\FreeImageLib\FreeImageLib.2008.vcxproj" (Rebuild target(s)).

Build succeeded.

Time Elapsed 00:00:36.45
