Build started 28.05.2015 19:28:02.
     1>Project "D:\wbox\libs\FreeImage3160\Source\LibWebP\LibWebP.2008.vcxproj" on node 5 (Build target(s)).
       Project file contains ToolsVersion="12.0". This toolset may be unknown or missing, in which case you may be able to resolve this by installing the appropriate version of MSBuild, or the build may have been forced to a particular ToolsVersion for policy reasons. Treating the project as if it had ToolsVersion="4.0". For more information, please see http://go.microsoft.com/fwlink/?LinkId=291333.
     1>ClCompile:
         C:\Program Files (x86)\Microsoft Visual Studio 11.0\VC\bin\CL.exe /c /Zi /nologo /W3 /WX- /O2 /Oi /Oy- /GL /D WIN32 /D NDEBUG /D _LIB /D _MBCS /GF- /Gm- /MT /GS /Gy- /fp:precise /Zc:wchar_t /Zc:forScope /Fo"Release\\" /Fd"Release\vc110.pdb" /Gd /TC /analyze- /errorReport:prompt src\dec\dec_alpha.c src\dec\dec_buffer.c src\dec\dec_frame.c src\dec\dec_idec.c src\dec\dec_io.c src\dec\dec_layer.c src\dec\dec_quant.c src\dec\dec_tree.c src\dec\dec_vp8.c src\dec\dec_vp8l.c src\dec\dec_webp.c src\dsp\cpu.c src\dsp\dec.c src\dsp\dec_clip_tables.c src\dsp\dec_neon.c src\dsp\dec_sse2.c src\dsp\enc.c src\dsp\enc_neon.c src\dsp\enc_sse2.c src\dsp\lossless.c src\dsp\upsampling.c src\dsp\upsampling_neon.c src\dsp\upsampling_sse2.c src\dsp\yuv.c src\enc\enc_alpha.c src\enc\enc_analysis.c src\enc\enc_backward_references.c src\enc\enc_config.c src\enc\enc_cost.c src\enc\enc_filter.c src\enc\enc_frame.c src\enc\enc_histogram.c src\enc\enc_iterator.c src\enc\enc_layer.c src\enc\enc_picture.c src\enc\enc_quant.c src\enc\enc_syntax.c src\enc\enc_tree.c src\enc\enc_vp8l.c src\enc\enc_webpenc.c src\enc\token.c src\utils\alpha_processing.c src\utils\bit_reader.c src\utils\bit_writer.c src\utils\color_cache.c src\utils\filters.c src\utils\huffman.c src\utils\huffman_encode.c src\utils\quant_levels.c src\utils\quant_levels_dec.c src\utils\random.c src\utils\rescaler.c src\utils\thread.c src\utils\utils.c src\mux\muxedit.c src\mux\muxinternal.c src\mux\muxread.c
         dec_alpha.c
         dec_buffer.c
         dec_frame.c
         dec_idec.c
         dec_io.c
         dec_layer.c
         dec_quant.c
         dec_tree.c
         dec_vp8.c
         dec_vp8l.c
         dec_webp.c
         cpu.c
         dec.c
         dec_clip_tables.c
         dec_neon.c
         dec_sse2.c
         enc.c
         enc_neon.c
         enc_sse2.c
         lossless.c
         Компиляция...
         upsampling.c
         upsampling_neon.c
         upsampling_sse2.c
         yuv.c
         enc_alpha.c
         enc_analysis.c
         enc_backward_references.c
         enc_config.c
         enc_cost.c
         enc_filter.c
         enc_frame.c
         enc_histogram.c
         enc_iterator.c
         enc_layer.c
         enc_picture.c
         enc_quant.c
         enc_syntax.c
         enc_tree.c
         enc_vp8l.c
         enc_webpenc.c
         Компиляция...
         token.c
         alpha_processing.c
         bit_reader.c
         bit_writer.c
         color_cache.c
         filters.c
         huffman.c
         huffman_encode.c
         quant_levels.c
         quant_levels_dec.c
         random.c
         rescaler.c
         thread.c
         utils.c
         muxedit.c
         muxinternal.c
         muxread.c
     1>C:\Program Files (x86)\MSBuild\Microsoft.Cpp\v4.0\V110\Microsoft.CppBuild.targets(1299,5): warning MSB8012: TargetPath(D:\wbox\libs\FreeImage3160\Release\LibWebP.lib) does not match the Library's OutputFile property value (D:\wbox\libs\FreeImage3160\Source\LibWebP\Release\LibWebP.lib). This may cause your project to build incorrectly. To correct this, please make sure that $(OutDir), $(TargetName) and $(TargetExt) property values match the value specified in %(Lib.OutputFile).
       Lib:
         C:\Program Files (x86)\Microsoft Visual Studio 11.0\VC\bin\Lib.exe /OUT:".\Release\LibWebP.lib" /NOLOGO /LTCG Release\dec_alpha.obj
         Release\dec_buffer.obj
         Release\dec_frame.obj
         Release\dec_idec.obj
         Release\dec_io.obj
         Release\dec_layer.obj
         Release\dec_quant.obj
         Release\dec_tree.obj
         Release\dec_vp8.obj
         Release\dec_vp8l.obj
         Release\dec_webp.obj
         Release\cpu.obj
         Release\dec.obj
         Release\dec_clip_tables.obj
         Release\dec_neon.obj
         Release\dec_sse2.obj
         Release\enc.obj
         Release\enc_neon.obj
         Release\enc_sse2.obj
         Release\lossless.obj
         Release\upsampling.obj
         Release\upsampling_neon.obj
         Release\upsampling_sse2.obj
         Release\yuv.obj
         Release\enc_alpha.obj
         Release\enc_analysis.obj
         Release\enc_backward_references.obj
         Release\enc_config.obj
         Release\enc_cost.obj
         Release\enc_filter.obj
         Release\enc_frame.obj
         Release\enc_histogram.obj
         Release\enc_iterator.obj
         Release\enc_layer.obj
         Release\enc_picture.obj
         Release\enc_quant.obj
         Release\enc_syntax.obj
         Release\enc_tree.obj
         Release\enc_vp8l.obj
         Release\enc_webpenc.obj
         Release\token.obj
         Release\alpha_processing.obj
         Release\bit_reader.obj
         Release\bit_writer.obj
         Release\color_cache.obj
         Release\filters.obj
         Release\huffman.obj
         Release\huffman_encode.obj
         Release\quant_levels.obj
         Release\quant_levels_dec.obj
         Release\random.obj
         Release\rescaler.obj
         Release\thread.obj
         Release\utils.obj
         Release\muxedit.obj
         Release\muxinternal.obj
         Release\muxread.obj
         LibWebP.2008.vcxproj -> D:\wbox\libs\FreeImage3160\Release\LibWebP.lib
     1>Done Building Project "D:\wbox\libs\FreeImage3160\Source\LibWebP\LibWebP.2008.vcxproj" (Build target(s)).

Build succeeded.

Time Elapsed 00:00:04.28
