Build started 28.05.2015 19:33:09.
     1>Project "D:\wbox\libs\FreeImage3160\Wrapper\FreeImagePlus\FreeImagePlus.2008.vcxproj" on node 3 (Build target(s)).
       Project file contains ToolsVersion="12.0". This toolset may be unknown or missing, in which case you may be able to resolve this by installing the appropriate version of MSBuild, or the build may have been forced to a particular ToolsVersion for policy reasons. Treating the project as if it had ToolsVersion="4.0". For more information, please see http://go.microsoft.com/fwlink/?LinkId=291333.
     1>Project "D:\wbox\libs\FreeImage3160\Wrapper\FreeImagePlus\FreeImagePlus.2008.vcxproj" (1) is building "D:\wbox\libs\FreeImage3160\FreeImage.2008.vcxproj" (2) on node 2 (GetTargetPath target(s)).
       Project file contains ToolsVersion="12.0". This toolset may be unknown or missing, in which case you may be able to resolve this by installing the appropriate version of MSBuild, or the build may have been forced to a particular ToolsVersion for policy reasons. Treating the project as if it had ToolsVersion="4.0". For more information, please see http://go.microsoft.com/fwlink/?LinkId=291333.
     2>Done Building Project "D:\wbox\libs\FreeImage3160\FreeImage.2008.vcxproj" (GetTargetPath target(s)).
     1>Project "D:\wbox\libs\FreeImage3160\Wrapper\FreeImagePlus\FreeImagePlus.2008.vcxproj" (1) is building "D:\wbox\libs\FreeImage3160\FreeImage.2008.vcxproj" (2:2) on node 2 (GetNativeManifest target(s)).
       Project file contains ToolsVersion="12.0". This toolset may be unknown or missing, in which case you may be able to resolve this by installing the appropriate version of MSBuild, or the build may have been forced to a particular ToolsVersion for policy reasons. Treating the project as if it had ToolsVersion="4.0". For more information, please see http://go.microsoft.com/fwlink/?LinkId=291333.
     2>Done Building Project "D:\wbox\libs\FreeImage3160\FreeImage.2008.vcxproj" (GetNativeManifest target(s)).
     1>Project "D:\wbox\libs\FreeImage3160\Wrapper\FreeImagePlus\FreeImagePlus.2008.vcxproj" (1) is building "D:\wbox\libs\FreeImage3160\FreeImage.2008.vcxproj" (2:3) on node 2 (GetResolvedLinkLibs target(s)).
       Project file contains ToolsVersion="12.0". This toolset may be unknown or missing, in which case you may be able to resolve this by installing the appropriate version of MSBuild, or the build may have been forced to a particular ToolsVersion for policy reasons. Treating the project as if it had ToolsVersion="4.0". For more information, please see http://go.microsoft.com/fwlink/?LinkId=291333.
     2>Done Building Project "D:\wbox\libs\FreeImage3160\FreeImage.2008.vcxproj" (GetResolvedLinkLibs target(s)).
     1>C:\Program Files (x86)\MSBuild\Microsoft.Cpp\v4.0\V110\Microsoft.CppBuild.targets(1137,5): warning MSB8012: TargetPath(D:\wbox\libs\FreeImage3160\Wrapper\FreeImagePlus\.\Debug\FreeImagePlus.dll) does not match the Linker's OutputFile property value (D:\wbox\libs\FreeImage3160\Wrapper\FreeImagePlus\Debug\FreeImagePlusd.dll). This may cause your project to build incorrectly. To correct this, please make sure that $(OutDir), $(TargetName) and $(TargetExt) property values match the value specified in %(Link.OutputFile).
     1>C:\Program Files (x86)\MSBuild\Microsoft.Cpp\v4.0\V110\Microsoft.CppBuild.targets(1139,5): warning MSB8012: TargetName(FreeImagePlus) does not match the Linker's OutputFile property value (FreeImagePlusd). This may cause your project to build incorrectly. To correct this, please make sure that $(OutDir), $(TargetName) and $(TargetExt) property values match the value specified in %(Link.OutputFile).
     1>Link:
         C:\Program Files (x86)\Microsoft Visual Studio 11.0\VC\bin\link.exe /ERRORREPORT:PROMPT /OUT:"Debug/FreeImagePlusd.dll" /INCREMENTAL /NOLOGO ../../Dist/FreeImaged.lib odbc32.lib odbccp32.lib kernel32.lib user32.lib gdi32.lib winspool.lib comdlg32.lib advapi32.lib shell32.lib ole32.lib oleaut32.lib uuid.lib odbc32.lib odbccp32.lib /MANIFEST /MANIFESTUAC:"level='asInvoker' uiAccess='false'" /manifest:embed /DEBUG /PDB:".\Debug/FreeImagePlusd.pdb" /TLBID:1 /DYNAMICBASE:NO /IMPLIB:".\Debug/FreeImagePlusd.lib" /MACHINE:X86 /SAFESEH /DLL .\Debug\FreeImagePlus.res
         .\Debug/fipImage.obj
         .\Debug/fipMemoryIO.obj
         .\Debug/fipMetadataFind.obj
         .\Debug/fipMultiPage.obj
         .\Debug/fipTag.obj
         .\Debug/fipWinImage.obj
         .\Debug/FreeImagePlus.obj
         D:\wbox\libs\FreeImage3160\Debug\FreeImaged.lib
     1>LINK : fatal error LNK1104: не удается открыть файл "../../Dist/FreeImaged.lib"
     1>Done Building Project "D:\wbox\libs\FreeImage3160\Wrapper\FreeImagePlus\FreeImagePlus.2008.vcxproj" (Build target(s)) -- FAILED.

Build FAILED.

Time Elapsed 00:00:00.09
