Build started 04.06.2015 16:53:28.
     1>Project "D:\wbox\libs\FreeImage3160\Source\ZLib\ZLib.2008.vcxproj" on node 3 (Rebuild target(s)).
     1>ClCompile:
         C:\Program Files (x86)\Microsoft Visual Studio 12.0\VC\bin\CL.exe /c /ZI /nologo /W3 /WX- /Od /Oy- /D WIN32 /D _DEBUG /D _LIB /D _CRT_SECURE_NO_DEPRECATE /D _VC80_UPGRADE=0x0710 /D _MBCS /GF /Gm- /EHsc /RTC1 /MDd /GS /fp:precise /Zc:wchar_t /Zc:forScope /Fo".\Debug/" /Fd".\Debug/vc120.pdb" /Gd /TC /analyze- /errorReport:prompt adler32.c compress.c crc32.c deflate.c gzclose.c gzlib.c gzread.c gzwrite.c infback.c inffast.c inflate.c inftrees.c trees.c uncompr.c zutil.c
         adler32.c
         compress.c
         crc32.c
         deflate.c
         gzclose.c
         gzlib.c
     1>d:\wbox\libs\freeimage3160\source\zlib\gzlib.c(245): warning C4996: 'open': The POSIX name for this item is deprecated. Instead, use the ISO C++ conformant name: _open. See online help for details.
                 c:\program files (x86)\microsoft visual studio 12.0\vc\include\io.h(336) : see declaration of 'open'
         gzread.c
     1>d:\wbox\libs\freeimage3160\source\zlib\gzread.c(30): warning C4996: 'read': The POSIX name for this item is deprecated. Instead, use the ISO C++ conformant name: _read. See online help for details.
                 c:\program files (x86)\microsoft visual studio 12.0\vc\include\io.h(337) : see declaration of 'read'
     1>d:\wbox\libs\freeimage3160\source\zlib\gzread.c(591): warning C4996: 'close': The POSIX name for this item is deprecated. Instead, use the ISO C++ conformant name: _close. See online help for details.
                 c:\program files (x86)\microsoft visual studio 12.0\vc\include\io.h(326) : see declaration of 'close'
         gzwrite.c
     1>d:\wbox\libs\freeimage3160\source\zlib\gzwrite.c(84): warning C4996: 'write': The POSIX name for this item is deprecated. Instead, use the ISO C++ conformant name: _write. See online help for details.
                 c:\program files (x86)\microsoft visual studio 12.0\vc\include\io.h(342) : see declaration of 'write'
     1>d:\wbox\libs\freeimage3160\source\zlib\gzwrite.c(102): warning C4996: 'write': The POSIX name for this item is deprecated. Instead, use the ISO C++ conformant name: _write. See online help for details.
                 c:\program files (x86)\microsoft visual studio 12.0\vc\include\io.h(342) : see declaration of 'write'
     1>d:\wbox\libs\freeimage3160\source\zlib\gzwrite.c(573): warning C4996: 'close': The POSIX name for this item is deprecated. Instead, use the ISO C++ conformant name: _close. See online help for details.
                 c:\program files (x86)\microsoft visual studio 12.0\vc\include\io.h(326) : see declaration of 'close'
         infback.c
         inffast.c
         inflate.c
         inftrees.c
         trees.c
         uncompr.c
         zutil.c
         Generating Code...
       Lib:
         C:\Program Files (x86)\Microsoft Visual Studio 12.0\VC\bin\Lib.exe /OUT:".\Debug\ZLib.lib" /NOLOGO .\Debug/adler32.obj
         .\Debug/compress.obj
         .\Debug/crc32.obj
         .\Debug/deflate.obj
         .\Debug/gzclose.obj
         .\Debug/gzlib.obj
         .\Debug/gzread.obj
         .\Debug/gzwrite.obj
         .\Debug/infback.obj
         .\Debug/inffast.obj
         .\Debug/inflate.obj
         .\Debug/inftrees.obj
         .\Debug/trees.obj
         .\Debug/uncompr.obj
         .\Debug/zutil.obj
         ZLib.2008.vcxproj -> D:\wbox\libs\FreeImage3160\Source\ZLib\.\Debug\ZLib.lib
     1>Done Building Project "D:\wbox\libs\FreeImage3160\Source\ZLib\ZLib.2008.vcxproj" (Rebuild target(s)).

Build succeeded.

Time Elapsed 00:00:01.25
