Build started 04.06.2015 16:53:35.
     1>Project "D:\wbox\libs\FreeImage3160\Source\LibTIFF4\LibTIFF4.2008.vcxproj" on node 2 (Rebuild target(s)).
     1>ClCompile:
         C:\Program Files (x86)\Microsoft Visual Studio 12.0\VC\bin\CL.exe /c /ZI /nologo /W3 /WX- /Od /Oy- /D WIN32 /D _DEBUG /D _LIB /D _CRT_SECURE_NO_DEPRECATE /D _VC80_UPGRADE=0x0710 /D _MBCS /GF /Gm- /EHsc /RTC1 /MDd /GS /fp:precise /Zc:wchar_t /Zc:forScope /Fo".\Debug/" /Fd".\Debug/vc120.pdb" /Gd /TC /analyze- /errorReport:prompt tif_aux.c tif_close.c tif_codec.c tif_color.c tif_compress.c tif_dir.c tif_dirinfo.c tif_dirread.c tif_dirwrite.c tif_dumpmode.c tif_error.c tif_extension.c tif_fax3.c tif_fax3sm.c tif_flush.c tif_getimage.c tif_jpeg.c tif_luv.c tif_lzma.c tif_lzw.c tif_next.c tif_ojpeg.c tif_open.c tif_packbits.c tif_pixarlog.c tif_predict.c tif_print.c tif_read.c tif_strip.c tif_swab.c tif_thunder.c tif_tile.c tif_version.c tif_warning.c tif_write.c tif_zip.c
         tif_aux.c
         tif_close.c
         tif_codec.c
         tif_color.c
         tif_compress.c
         tif_dir.c
         tif_dirinfo.c
         tif_dirread.c
         tif_dirwrite.c
         tif_dumpmode.c
         tif_error.c
         tif_extension.c
         tif_fax3.c
         tif_fax3sm.c
         tif_flush.c
         tif_getimage.c
         tif_jpeg.c
         tif_luv.c
         tif_lzma.c
         tif_lzw.c
         Generating Code...
         Compiling...
         tif_next.c
         tif_ojpeg.c
         tif_open.c
         tif_packbits.c
         tif_pixarlog.c
         tif_predict.c
         tif_print.c
         tif_read.c
         tif_strip.c
         tif_swab.c
         tif_thunder.c
         tif_tile.c
         tif_version.c
         tif_warning.c
         tif_write.c
         tif_zip.c
         Generating Code...
       Lib:
         C:\Program Files (x86)\Microsoft Visual Studio 12.0\VC\bin\Lib.exe /OUT:".\Debug\LibTIFF4.lib" /NOLOGO .\Debug/tif_aux.obj
         .\Debug/tif_close.obj
         .\Debug/tif_codec.obj
         .\Debug/tif_color.obj
         .\Debug/tif_compress.obj
         .\Debug/tif_dir.obj
         .\Debug/tif_dirinfo.obj
         .\Debug/tif_dirread.obj
         .\Debug/tif_dirwrite.obj
         .\Debug/tif_dumpmode.obj
         .\Debug/tif_error.obj
         .\Debug/tif_extension.obj
         .\Debug/tif_fax3.obj
         .\Debug/tif_fax3sm.obj
         .\Debug/tif_flush.obj
         .\Debug/tif_getimage.obj
         .\Debug/tif_jpeg.obj
         .\Debug/tif_luv.obj
         .\Debug/tif_lzma.obj
         .\Debug/tif_lzw.obj
         .\Debug/tif_next.obj
         .\Debug/tif_ojpeg.obj
         .\Debug/tif_open.obj
         .\Debug/tif_packbits.obj
         .\Debug/tif_pixarlog.obj
         .\Debug/tif_predict.obj
         .\Debug/tif_print.obj
         .\Debug/tif_read.obj
         .\Debug/tif_strip.obj
         .\Debug/tif_swab.obj
         .\Debug/tif_thunder.obj
         .\Debug/tif_tile.obj
         .\Debug/tif_version.obj
         .\Debug/tif_warning.obj
         .\Debug/tif_write.obj
         .\Debug/tif_zip.obj
         LibTIFF4.2008.vcxproj -> D:\wbox\libs\FreeImage3160\Source\LibTIFF4\.\Debug\LibTIFF4.lib
     1>Done Building Project "D:\wbox\libs\FreeImage3160\Source\LibTIFF4\LibTIFF4.2008.vcxproj" (Rebuild target(s)).

Build succeeded.

Time Elapsed 00:00:03.37
