d:\wbox\libs\freeimage3160\source\libpng\debug\pngwutil.obj
d:\wbox\libs\freeimage3160\source\libpng\debug\pngwtran.obj
d:\wbox\libs\freeimage3160\source\libpng\debug\pngwrite.obj
d:\wbox\libs\freeimage3160\source\libpng\debug\pngwio.obj
d:\wbox\libs\freeimage3160\source\libpng\debug\pngtrans.obj
d:\wbox\libs\freeimage3160\source\libpng\debug\pngset.obj
d:\wbox\libs\freeimage3160\source\libpng\debug\pngrutil.obj
d:\wbox\libs\freeimage3160\source\libpng\debug\pngrtran.obj
d:\wbox\libs\freeimage3160\source\libpng\debug\pngrio.obj
d:\wbox\libs\freeimage3160\source\libpng\debug\pngread.obj
d:\wbox\libs\freeimage3160\source\libpng\debug\pngpread.obj
d:\wbox\libs\freeimage3160\source\libpng\debug\pngmem.obj
d:\wbox\libs\freeimage3160\source\libpng\debug\pngget.obj
d:\wbox\libs\freeimage3160\source\libpng\debug\pngerror.obj
d:\wbox\libs\freeimage3160\source\libpng\debug\png.obj
d:\wbox\libs\freeimage3160\source\libpng\debug\vc110.pdb
d:\wbox\libs\freeimage3160\source\libpng\debug\libpng.lib
d:\wbox\libs\freeimage3160\source\libpng\debug\vc120.pdb
d:\wbox\libs\freeimage3160\source\libpng\debug\vc120.idb
d:\wbox\libs\freeimage3160\source\libpng\debug\cl.command.1.tlog
d:\wbox\libs\freeimage3160\source\libpng\debug\cl.read.1.tlog
d:\wbox\libs\freeimage3160\source\libpng\debug\cl.write.1.tlog
d:\wbox\libs\freeimage3160\source\libpng\debug\lib-link.read.1.tlog
d:\wbox\libs\freeimage3160\source\libpng\debug\lib-link.write.1.tlog
d:\wbox\libs\freeimage3160\source\libpng\debug\lib.command.1.tlog
d:\wbox\libs\freeimage3160\source\libpng\debug\vc110.idb
d:\wbox\libs\freeimage3160\source\libpng\.\debug\libpng.lib
d:\wbox\libs\freeimage3160\source\libpng\debug\libpng.tlog\cl.command.1.tlog
d:\wbox\libs\freeimage3160\source\libpng\debug\libpng.tlog\cl.read.1.tlog
d:\wbox\libs\freeimage3160\source\libpng\debug\libpng.tlog\cl.write.1.tlog
d:\wbox\libs\freeimage3160\source\libpng\debug\libpng.tlog\lib-link.read.1.tlog
d:\wbox\libs\freeimage3160\source\libpng\debug\libpng.tlog\lib-link.write.1.tlog
d:\wbox\libs\freeimage3160\source\libpng\debug\libpng.tlog\lib.command.1.tlog
