Build started 04.06.2015 16:53:29.
     1>Project "D:\wbox\libs\FreeImage3160\Source\LibPNG\LibPNG.2008.vcxproj" on node 2 (Rebuild target(s)).
     1>ClCompile:
         C:\Program Files (x86)\Microsoft Visual Studio 12.0\VC\bin\CL.exe /c /I..\zlib /ZI /nologo /W3 /WX- /Od /Oy- /D WIN32 /D _DEBUG /D _LIB /D _CRT_SECURE_NO_DEPRECATE /D _VC80_UPGRADE=0x0710 /D _MBCS /GF /Gm- /EHsc /RTC1 /MDd /GS /fp:precise /Zc:wchar_t /Zc:forScope /Fo".\Debug/" /Fd".\Debug/vc120.pdb" /Gd /TC /analyze- /errorReport:prompt png.c pngerror.c pngget.c pngmem.c pngpread.c pngread.c pngrio.c pngrtran.c pngrutil.c pngset.c pngtrans.c pngwio.c pngwrite.c pngwtran.c pngwutil.c
         png.c
         pngerror.c
         pngget.c
         pngmem.c
         pngpread.c
         pngread.c
         pngrio.c
         pngrtran.c
         pngrutil.c
         pngset.c
         pngtrans.c
         pngwio.c
         pngwrite.c
         pngwtran.c
         pngwutil.c
         Generating Code...
       Lib:
         C:\Program Files (x86)\Microsoft Visual Studio 12.0\VC\bin\Lib.exe /OUT:".\Debug\LibPNG.lib" /NOLOGO .\Debug/png.obj
         .\Debug/pngerror.obj
         .\Debug/pngget.obj
         .\Debug/pngmem.obj
         .\Debug/pngpread.obj
         .\Debug/pngread.obj
         .\Debug/pngrio.obj
         .\Debug/pngrtran.obj
         .\Debug/pngrutil.obj
         .\Debug/pngset.obj
         .\Debug/pngtrans.obj
         .\Debug/pngwio.obj
         .\Debug/pngwrite.obj
         .\Debug/pngwtran.obj
         .\Debug/pngwutil.obj
         LibPNG.2008.vcxproj -> D:\wbox\libs\FreeImage3160\Source\LibPNG\.\Debug\LibPNG.lib
     1>Done Building Project "D:\wbox\libs\FreeImage3160\Source\LibPNG\LibPNG.2008.vcxproj" (Rebuild target(s)).

Build succeeded.

Time Elapsed 00:00:05.92
