d:\wbox\libs\freeimage3160\source\libtiff4\debug\tif_lzw.obj
d:\wbox\libs\freeimage3160\source\libtiff4\debug\tif_lzma.obj
d:\wbox\libs\freeimage3160\source\libtiff4\debug\tif_luv.obj
d:\wbox\libs\freeimage3160\source\libtiff4\debug\tif_jpeg.obj
d:\wbox\libs\freeimage3160\source\libtiff4\debug\tif_getimage.obj
d:\wbox\libs\freeimage3160\source\libtiff4\debug\tif_flush.obj
d:\wbox\libs\freeimage3160\source\libtiff4\debug\tif_fax3sm.obj
d:\wbox\libs\freeimage3160\source\libtiff4\debug\tif_fax3.obj
d:\wbox\libs\freeimage3160\source\libtiff4\debug\tif_extension.obj
d:\wbox\libs\freeimage3160\source\libtiff4\debug\tif_error.obj
d:\wbox\libs\freeimage3160\source\libtiff4\debug\tif_dumpmode.obj
d:\wbox\libs\freeimage3160\source\libtiff4\debug\tif_dirwrite.obj
d:\wbox\libs\freeimage3160\source\libtiff4\debug\tif_dirread.obj
d:\wbox\libs\freeimage3160\source\libtiff4\debug\tif_dirinfo.obj
d:\wbox\libs\freeimage3160\source\libtiff4\debug\tif_dir.obj
d:\wbox\libs\freeimage3160\source\libtiff4\debug\tif_compress.obj
d:\wbox\libs\freeimage3160\source\libtiff4\debug\tif_color.obj
d:\wbox\libs\freeimage3160\source\libtiff4\debug\tif_codec.obj
d:\wbox\libs\freeimage3160\source\libtiff4\debug\tif_close.obj
d:\wbox\libs\freeimage3160\source\libtiff4\debug\tif_aux.obj
d:\wbox\libs\freeimage3160\source\libtiff4\debug\tif_zip.obj
d:\wbox\libs\freeimage3160\source\libtiff4\debug\tif_write.obj
d:\wbox\libs\freeimage3160\source\libtiff4\debug\tif_warning.obj
d:\wbox\libs\freeimage3160\source\libtiff4\debug\tif_version.obj
d:\wbox\libs\freeimage3160\source\libtiff4\debug\tif_tile.obj
d:\wbox\libs\freeimage3160\source\libtiff4\debug\tif_thunder.obj
d:\wbox\libs\freeimage3160\source\libtiff4\debug\tif_swab.obj
d:\wbox\libs\freeimage3160\source\libtiff4\debug\tif_strip.obj
d:\wbox\libs\freeimage3160\source\libtiff4\debug\tif_read.obj
d:\wbox\libs\freeimage3160\source\libtiff4\debug\tif_print.obj
d:\wbox\libs\freeimage3160\source\libtiff4\debug\tif_predict.obj
d:\wbox\libs\freeimage3160\source\libtiff4\debug\tif_pixarlog.obj
d:\wbox\libs\freeimage3160\source\libtiff4\debug\tif_packbits.obj
d:\wbox\libs\freeimage3160\source\libtiff4\debug\tif_open.obj
d:\wbox\libs\freeimage3160\source\libtiff4\debug\tif_ojpeg.obj
d:\wbox\libs\freeimage3160\source\libtiff4\debug\tif_next.obj
d:\wbox\libs\freeimage3160\source\libtiff4\debug\vc110.pdb
d:\wbox\libs\freeimage3160\source\libtiff4\debug\libtiff4.lib
d:\wbox\libs\freeimage3160\source\libtiff4\debug\vc120.pdb
d:\wbox\libs\freeimage3160\source\libtiff4\debug\vc120.idb
d:\wbox\libs\freeimage3160\source\libtiff4\debug\cl.command.1.tlog
d:\wbox\libs\freeimage3160\source\libtiff4\debug\cl.read.1.tlog
d:\wbox\libs\freeimage3160\source\libtiff4\debug\cl.write.1.tlog
d:\wbox\libs\freeimage3160\source\libtiff4\debug\lib-link.read.1.tlog
d:\wbox\libs\freeimage3160\source\libtiff4\debug\lib-link.write.1.tlog
d:\wbox\libs\freeimage3160\source\libtiff4\debug\lib.command.1.tlog
d:\wbox\libs\freeimage3160\source\libtiff4\debug\vc110.idb
d:\wbox\libs\freeimage3160\source\libtiff4\.\debug\libtiff4.lib
d:\wbox\libs\freeimage3160\source\libtiff4\debug\libtiff4.tlog\cl.command.1.tlog
d:\wbox\libs\freeimage3160\source\libtiff4\debug\libtiff4.tlog\cl.read.1.tlog
d:\wbox\libs\freeimage3160\source\libtiff4\debug\libtiff4.tlog\cl.write.1.tlog
d:\wbox\libs\freeimage3160\source\libtiff4\debug\libtiff4.tlog\lib-link.read.1.tlog
d:\wbox\libs\freeimage3160\source\libtiff4\debug\libtiff4.tlog\lib-link.write.1.tlog
d:\wbox\libs\freeimage3160\source\libtiff4\debug\libtiff4.tlog\lib.command.1.tlog
