Build started 28.05.2015 19:28:07.
     1>Project "D:\wbox\libs\FreeImage3160\Source\LibJXR\LibJXR.2008.vcxproj" on node 4 (Build target(s)).
       Project file contains ToolsVersion="12.0". This toolset may be unknown or missing, in which case you may be able to resolve this by installing the appropriate version of MSBuild, or the build may have been forced to a particular ToolsVersion for policy reasons. Treating the project as if it had ToolsVersion="4.0". For more information, please see http://go.microsoft.com/fwlink/?LinkId=291333.
     1>ClCompile:
         C:\Program Files (x86)\Microsoft Visual Studio 11.0\VC\bin\CL.exe /c /I./image/sys /I./jxrgluelib /Zi /nologo /W3 /WX- /O2 /Ob2 /Oi /Ot /Oy /D WIN32 /D NDEBUG /D _LIB /D DISABLE_PERF_MEASUREMENT /D _UNICODE /D UNICODE /Gm- /EHsc /MT /GS- /Gy /fp:precise /Zc:wchar_t /Zc:forScope /Fo"Release\\" /Fd"Release\vc110.pdb" /Gd /TC /analyze- /errorReport:prompt image\decode\decode.c image\decode\JXRTranscode.c image\decode\postprocess.c image\decode\segdec.c image\decode\strdec.c image\decode\strdec_x86.c image\decode\strInvTransform.c image\decode\strPredQuantDec.c image\encode\encode.c image\encode\segenc.c image\encode\strenc.c image\encode\strenc_x86.c image\encode\strFwdTransform.c image\encode\strPredQuantEnc.c image\sys\adapthuff.c image\sys\image.c image\sys\strcodec.c image\sys\strPredQuant.c image\sys\strTransform.c jxrgluelib\JXRGlue.c jxrgluelib\JXRGlueJxr.c jxrgluelib\JXRGluePFC.c jxrgluelib\JXRMeta.c
         decode.c
         JXRTranscode.c
         postprocess.c
         segdec.c
         strdec.c
         strdec_x86.c
         strInvTransform.c
         strPredQuantDec.c
         encode.c
         segenc.c
         strenc.c
         strenc_x86.c
         strFwdTransform.c
         strPredQuantEnc.c
         adapthuff.c
         image.c
         strcodec.c
         strPredQuant.c
         strTransform.c
         JXRGlue.c
         Создание кода...
         Компиляция...
         JXRGlueJxr.c
         JXRGluePFC.c
         JXRMeta.c
         Создание кода...
       Lib:
         C:\Program Files (x86)\Microsoft Visual Studio 11.0\VC\bin\Lib.exe /OUT:"D:\wbox\libs\FreeImage3160\Release\LibJXR.lib" /NOLOGO /LTCG Release\decode.obj
         Release\JXRTranscode.obj
         Release\postprocess.obj
         Release\segdec.obj
         Release\strdec.obj
         Release\strdec_x86.obj
         Release\strInvTransform.obj
         Release\strPredQuantDec.obj
         Release\encode.obj
         Release\segenc.obj
         Release\strenc.obj
         Release\strenc_x86.obj
         Release\strFwdTransform.obj
         Release\strPredQuantEnc.obj
         Release\adapthuff.obj
         Release\image.obj
         Release\strcodec.obj
         Release\strPredQuant.obj
         Release\strTransform.obj
         Release\JXRGlue.obj
         Release\JXRGlueJxr.obj
         Release\JXRGluePFC.obj
         Release\JXRMeta.obj
         LibJXR.2008.vcxproj -> D:\wbox\libs\FreeImage3160\Release\LibJXR.lib
     1>Done Building Project "D:\wbox\libs\FreeImage3160\Source\LibJXR\LibJXR.2008.vcxproj" (Build target(s)).

Build succeeded.

Time Elapsed 00:00:18.68
