Build started 28.05.2015 19:28:12.
     1>Project "D:\wbox\libs\FreeImage3160\Source\LibTIFF4\LibTIFF4.2008.vcxproj" on node 2 (Build target(s)).
       Project file contains ToolsVersion="12.0". This toolset may be unknown or missing, in which case you may be able to resolve this by installing the appropriate version of MSBuild, or the build may have been forced to a particular ToolsVersion for policy reasons. Treating the project as if it had ToolsVersion="4.0". For more information, please see http://go.microsoft.com/fwlink/?LinkId=291333.
     1>ClCompile:
         C:\Program Files (x86)\Microsoft Visual Studio 11.0\VC\bin\CL.exe /c /Zi /nologo /W3 /WX- /O2 /Ob2 /Oi /Ot /Oy /D WIN32 /D NDEBUG /D _LIB /D _CRT_SECURE_NO_DEPRECATE /D _VC80_UPGRADE=0x0710 /D _MBCS /GF /Gm- /EHsc /MT /GS- /fp:precise /Zc:wchar_t /Zc:forScope /Fo".\Release/" /Fd".\Release/vc110.pdb" /Gd /TC /analyze- /errorReport:prompt tif_aux.c tif_close.c tif_codec.c tif_color.c tif_compress.c tif_dir.c tif_dirinfo.c tif_dirread.c tif_dirwrite.c tif_dumpmode.c tif_error.c tif_extension.c tif_fax3.c tif_fax3sm.c tif_flush.c tif_getimage.c tif_jpeg.c tif_luv.c tif_lzma.c tif_lzw.c tif_next.c tif_ojpeg.c tif_open.c tif_packbits.c tif_pixarlog.c tif_predict.c tif_print.c tif_read.c tif_strip.c tif_swab.c tif_thunder.c tif_tile.c tif_version.c tif_warning.c tif_write.c tif_zip.c
         tif_aux.c
         tif_close.c
         tif_codec.c
         tif_color.c
         tif_compress.c
         tif_dir.c
         tif_dirinfo.c
         tif_dirread.c
         tif_dirwrite.c
         tif_dumpmode.c
         tif_error.c
         tif_extension.c
         tif_fax3.c
         tif_fax3sm.c
         tif_flush.c
         tif_getimage.c
         tif_jpeg.c
         tif_luv.c
         tif_lzma.c
         tif_lzw.c
         Создание кода...
         Компиляция...
         tif_next.c
         tif_ojpeg.c
         tif_open.c
         tif_packbits.c
         tif_pixarlog.c
         tif_predict.c
         tif_print.c
         tif_read.c
         tif_strip.c
         tif_swab.c
         tif_thunder.c
         tif_tile.c
         tif_version.c
         tif_warning.c
         tif_write.c
         tif_zip.c
         Создание кода...
     1>Project "D:\wbox\libs\FreeImage3160\Source\LibTIFF4\LibTIFF4.2008.vcxproj" (1) is building "D:\wbox\libs\FreeImage3160\Source\LibJPEG\LibJPEG.2008.vcxproj" (2:3) on node 2 (GetResolvedLinkLibs target(s)).
       Project file contains ToolsVersion="12.0". This toolset may be unknown or missing, in which case you may be able to resolve this by installing the appropriate version of MSBuild, or the build may have been forced to a particular ToolsVersion for policy reasons. Treating the project as if it had ToolsVersion="4.0". For more information, please see http://go.microsoft.com/fwlink/?LinkId=291333.
     2>Done Building Project "D:\wbox\libs\FreeImage3160\Source\LibJPEG\LibJPEG.2008.vcxproj" (GetResolvedLinkLibs target(s)).
     1>Lib:
         C:\Program Files (x86)\Microsoft Visual Studio 11.0\VC\bin\Lib.exe /OUT:".\Release\LibTIFF4.lib" /NOLOGO .\Release/tif_aux.obj
         .\Release/tif_close.obj
         .\Release/tif_codec.obj
         .\Release/tif_color.obj
         .\Release/tif_compress.obj
         .\Release/tif_dir.obj
         .\Release/tif_dirinfo.obj
         .\Release/tif_dirread.obj
         .\Release/tif_dirwrite.obj
         .\Release/tif_dumpmode.obj
         .\Release/tif_error.obj
         .\Release/tif_extension.obj
         .\Release/tif_fax3.obj
         .\Release/tif_fax3sm.obj
         .\Release/tif_flush.obj
         .\Release/tif_getimage.obj
         .\Release/tif_jpeg.obj
         .\Release/tif_luv.obj
         .\Release/tif_lzma.obj
         .\Release/tif_lzw.obj
         .\Release/tif_next.obj
         .\Release/tif_ojpeg.obj
         .\Release/tif_open.obj
         .\Release/tif_packbits.obj
         .\Release/tif_pixarlog.obj
         .\Release/tif_predict.obj
         .\Release/tif_print.obj
         .\Release/tif_read.obj
         .\Release/tif_strip.obj
         .\Release/tif_swab.obj
         .\Release/tif_thunder.obj
         .\Release/tif_tile.obj
         .\Release/tif_version.obj
         .\Release/tif_warning.obj
         .\Release/tif_write.obj
         .\Release/tif_zip.obj
         LibTIFF4.2008.vcxproj -> D:\wbox\libs\FreeImage3160\Source\LibTIFF4\.\Release\LibTIFF4.lib
     1>Done Building Project "D:\wbox\libs\FreeImage3160\Source\LibTIFF4\LibTIFF4.2008.vcxproj" (Build target(s)).

Build succeeded.

Time Elapsed 00:00:05.22
