d:\wbox\libs\freeimage3160\source\zlib\debug\zutil.obj
d:\wbox\libs\freeimage3160\source\zlib\debug\uncompr.obj
d:\wbox\libs\freeimage3160\source\zlib\debug\trees.obj
d:\wbox\libs\freeimage3160\source\zlib\debug\inftrees.obj
d:\wbox\libs\freeimage3160\source\zlib\debug\inflate.obj
d:\wbox\libs\freeimage3160\source\zlib\debug\inffast.obj
d:\wbox\libs\freeimage3160\source\zlib\debug\infback.obj
d:\wbox\libs\freeimage3160\source\zlib\debug\gzwrite.obj
d:\wbox\libs\freeimage3160\source\zlib\debug\gzread.obj
d:\wbox\libs\freeimage3160\source\zlib\debug\gzlib.obj
d:\wbox\libs\freeimage3160\source\zlib\debug\gzclose.obj
d:\wbox\libs\freeimage3160\source\zlib\debug\deflate.obj
d:\wbox\libs\freeimage3160\source\zlib\debug\crc32.obj
d:\wbox\libs\freeimage3160\source\zlib\debug\compress.obj
d:\wbox\libs\freeimage3160\source\zlib\debug\adler32.obj
d:\wbox\libs\freeimage3160\source\zlib\debug\vc110.pdb
d:\wbox\libs\freeimage3160\source\zlib\debug\zlib.lib
d:\wbox\libs\freeimage3160\source\zlib\debug\vc120.pdb
d:\wbox\libs\freeimage3160\source\zlib\debug\vc120.idb
d:\wbox\libs\freeimage3160\source\zlib\debug\cl.command.1.tlog
d:\wbox\libs\freeimage3160\source\zlib\debug\cl.read.1.tlog
d:\wbox\libs\freeimage3160\source\zlib\debug\cl.write.1.tlog
d:\wbox\libs\freeimage3160\source\zlib\debug\lib-link.read.1.tlog
d:\wbox\libs\freeimage3160\source\zlib\debug\lib-link.write.1.tlog
d:\wbox\libs\freeimage3160\source\zlib\debug\lib.command.1.tlog
d:\wbox\libs\freeimage3160\source\zlib\debug\lib.read.1.tlog
d:\wbox\libs\freeimage3160\source\zlib\debug\vc110.idb
d:\wbox\libs\freeimage3160\source\zlib\.\debug\zlib.lib
d:\wbox\libs\freeimage3160\source\zlib\debug\zlib.tlog\cl.command.1.tlog
d:\wbox\libs\freeimage3160\source\zlib\debug\zlib.tlog\cl.read.1.tlog
d:\wbox\libs\freeimage3160\source\zlib\debug\zlib.tlog\cl.write.1.tlog
d:\wbox\libs\freeimage3160\source\zlib\debug\zlib.tlog\lib-link.read.1.tlog
d:\wbox\libs\freeimage3160\source\zlib\debug\zlib.tlog\lib-link.write.1.tlog
d:\wbox\libs\freeimage3160\source\zlib\debug\zlib.tlog\lib.command.1.tlog
