d:\wbox\libs\freeimage3160\source\libopenjpeg\debug\tgt.obj
d:\wbox\libs\freeimage3160\source\libopenjpeg\debug\tcd.obj
d:\wbox\libs\freeimage3160\source\libopenjpeg\debug\t2.obj
d:\wbox\libs\freeimage3160\source\libopenjpeg\debug\t1.obj
d:\wbox\libs\freeimage3160\source\libopenjpeg\debug\raw.obj
d:\wbox\libs\freeimage3160\source\libopenjpeg\debug\pi.obj
d:\wbox\libs\freeimage3160\source\libopenjpeg\debug\mqc.obj
d:\wbox\libs\freeimage3160\source\libopenjpeg\debug\mct.obj
d:\wbox\libs\freeimage3160\source\libopenjpeg\debug\jp2.obj
d:\wbox\libs\freeimage3160\source\libopenjpeg\debug\j2k.obj
d:\wbox\libs\freeimage3160\source\libopenjpeg\debug\invert.obj
d:\wbox\libs\freeimage3160\source\libopenjpeg\debug\image.obj
d:\wbox\libs\freeimage3160\source\libopenjpeg\debug\function_list.obj
d:\wbox\libs\freeimage3160\source\libopenjpeg\debug\event.obj
d:\wbox\libs\freeimage3160\source\libopenjpeg\debug\dwt.obj
d:\wbox\libs\freeimage3160\source\libopenjpeg\debug\cio.obj
d:\wbox\libs\freeimage3160\source\libopenjpeg\debug\bio.obj
d:\wbox\libs\freeimage3160\source\libopenjpeg\debug\openjpeg.obj
d:\wbox\libs\freeimage3160\source\libopenjpeg\debug\opj_clock.obj
d:\wbox\libs\freeimage3160\source\libopenjpeg\debug\vc110.pdb
d:\wbox\libs\freeimage3160\source\libopenjpeg\debug\libopenjpeg.lib
d:\wbox\libs\freeimage3160\source\libopenjpeg\debug\vc120.pdb
d:\wbox\libs\freeimage3160\source\libopenjpeg\debug\vc120.idb
d:\wbox\libs\freeimage3160\source\libopenjpeg\debug\cl.command.1.tlog
d:\wbox\libs\freeimage3160\source\libopenjpeg\debug\cl.read.1.tlog
d:\wbox\libs\freeimage3160\source\libopenjpeg\debug\cl.write.1.tlog
d:\wbox\libs\freeimage3160\source\libopenjpeg\debug\lib-link.read.1.tlog
d:\wbox\libs\freeimage3160\source\libopenjpeg\debug\lib-link.write.1.tlog
d:\wbox\libs\freeimage3160\source\libopenjpeg\debug\lib.command.1.tlog
d:\wbox\libs\freeimage3160\source\libopenjpeg\debug\vc110.idb
d:\wbox\libs\freeimage3160\source\libopenjpeg\.\debug\libopenjpeg.lib
d:\wbox\libs\freeimage3160\source\libopenjpeg\debug\libopenjpeg.tlog\cl.command.1.tlog
d:\wbox\libs\freeimage3160\source\libopenjpeg\debug\libopenjpeg.tlog\cl.read.1.tlog
d:\wbox\libs\freeimage3160\source\libopenjpeg\debug\libopenjpeg.tlog\cl.write.1.tlog
d:\wbox\libs\freeimage3160\source\libopenjpeg\debug\libopenjpeg.tlog\lib-link.read.1.tlog
d:\wbox\libs\freeimage3160\source\libopenjpeg\debug\libopenjpeg.tlog\lib-link.write.1.tlog
d:\wbox\libs\freeimage3160\source\libopenjpeg\debug\libopenjpeg.tlog\lib.command.1.tlog
