d:\wbox\libs\freeimage3160\source\librawlite\debug\dcraw_common.obj
d:\wbox\libs\freeimage3160\source\librawlite\debug\dcraw_fileio.obj
d:\wbox\libs\freeimage3160\source\librawlite\debug\demosaic_packs.obj
d:\wbox\libs\freeimage3160\source\librawlite\debug\libraw_c_api.obj
d:\wbox\libs\freeimage3160\source\librawlite\debug\libraw_cxx.obj
d:\wbox\libs\freeimage3160\source\librawlite\debug\libraw_datastream.obj
d:\wbox\libs\freeimage3160\source\librawlite\debug\vc110.pdb
d:\wbox\libs\freeimage3160\source\librawlite\debug\librawlite.lib
d:\wbox\libs\freeimage3160\source\librawlite\debug\vc120.pdb
d:\wbox\libs\freeimage3160\source\librawlite\debug\vc120.idb
d:\wbox\libs\freeimage3160\source\librawlite\debug\cl.command.1.tlog
d:\wbox\libs\freeimage3160\source\librawlite\debug\cl.read.1.tlog
d:\wbox\libs\freeimage3160\source\librawlite\debug\cl.write.1.tlog
d:\wbox\libs\freeimage3160\source\librawlite\debug\lib-link.read.1.tlog
d:\wbox\libs\freeimage3160\source\librawlite\debug\lib-link.write.1.tlog
d:\wbox\libs\freeimage3160\source\librawlite\debug\lib.command.1.tlog
d:\wbox\libs\freeimage3160\source\librawlite\debug\vc110.idb
d:\wbox\libs\freeimage3160\source\librawlite\debug\libraw.tlog\cl.command.1.tlog
d:\wbox\libs\freeimage3160\source\librawlite\debug\libraw.tlog\cl.read.1.tlog
d:\wbox\libs\freeimage3160\source\librawlite\debug\libraw.tlog\cl.write.1.tlog
d:\wbox\libs\freeimage3160\source\librawlite\debug\libraw.tlog\lib-link.read.1.tlog
d:\wbox\libs\freeimage3160\source\librawlite\debug\libraw.tlog\lib-link.write.1.tlog
d:\wbox\libs\freeimage3160\source\librawlite\debug\libraw.tlog\lib.command.1.tlog
