d:\wbox\libs\freeimage3160\source\openexr\debug\imfinputfile.obj
d:\wbox\libs\freeimage3160\source\openexr\debug\imfhuf.obj
d:\wbox\libs\freeimage3160\source\openexr\debug\imfheader.obj
d:\wbox\libs\freeimage3160\source\openexr\debug\imfframespersecond.obj
d:\wbox\libs\freeimage3160\source\openexr\debug\imfframebuffer.obj
d:\wbox\libs\freeimage3160\source\openexr\debug\imffloatattribute.obj
d:\wbox\libs\freeimage3160\source\openexr\debug\imfenvmapattribute.obj
d:\wbox\libs\freeimage3160\source\openexr\debug\imfenvmap.obj
d:\wbox\libs\freeimage3160\source\openexr\debug\imfdoubleattribute.obj
d:\wbox\libs\freeimage3160\source\openexr\debug\imfcrgbafile.obj
d:\wbox\libs\freeimage3160\source\openexr\debug\imfconvert.obj
d:\wbox\libs\freeimage3160\source\openexr\debug\imfcompressor.obj
d:\wbox\libs\freeimage3160\source\openexr\debug\imfcompressionattribute.obj
d:\wbox\libs\freeimage3160\source\openexr\debug\imfchromaticitiesattribute.obj
d:\wbox\libs\freeimage3160\source\openexr\debug\imfchromaticities.obj
d:\wbox\libs\freeimage3160\source\openexr\debug\imfchannellistattribute.obj
d:\wbox\libs\freeimage3160\source\openexr\debug\imfchannellist.obj
d:\wbox\libs\freeimage3160\source\openexr\debug\imfboxattribute.obj
d:\wbox\libs\freeimage3160\source\openexr\debug\imfb44compressor.obj
d:\wbox\libs\freeimage3160\source\openexr\debug\imfattribute.obj
d:\wbox\libs\freeimage3160\source\openexr\debug\imfscanlineinputfile.obj
d:\wbox\libs\freeimage3160\source\openexr\debug\imfrlecompressor.obj
d:\wbox\libs\freeimage3160\source\openexr\debug\imfrgbayca.obj
d:\wbox\libs\freeimage3160\source\openexr\debug\imfrgbafile.obj
d:\wbox\libs\freeimage3160\source\openexr\debug\imfrationalattribute.obj
d:\wbox\libs\freeimage3160\source\openexr\debug\imfrational.obj
d:\wbox\libs\freeimage3160\source\openexr\debug\imfpxr24compressor.obj
d:\wbox\libs\freeimage3160\source\openexr\debug\imfpreviewimageattribute.obj
d:\wbox\libs\freeimage3160\source\openexr\debug\imfpreviewimage.obj
d:\wbox\libs\freeimage3160\source\openexr\debug\imfpizcompressor.obj
d:\wbox\libs\freeimage3160\source\openexr\debug\imfoutputfile.obj
d:\wbox\libs\freeimage3160\source\openexr\debug\imfopaqueattribute.obj
d:\wbox\libs\freeimage3160\source\openexr\debug\imfmisc.obj
d:\wbox\libs\freeimage3160\source\openexr\debug\imfmatrixattribute.obj
d:\wbox\libs\freeimage3160\source\openexr\debug\imflut.obj
d:\wbox\libs\freeimage3160\source\openexr\debug\imflineorderattribute.obj
d:\wbox\libs\freeimage3160\source\openexr\debug\imfkeycodeattribute.obj
d:\wbox\libs\freeimage3160\source\openexr\debug\imfkeycode.obj
d:\wbox\libs\freeimage3160\source\openexr\debug\imfio.obj
d:\wbox\libs\freeimage3160\source\openexr\debug\imfintattribute.obj
d:\wbox\libs\freeimage3160\source\openexr\debug\imathcoloralgo.obj
d:\wbox\libs\freeimage3160\source\openexr\debug\imathbox.obj
d:\wbox\libs\freeimage3160\source\openexr\debug\imfzipcompressor.obj
d:\wbox\libs\freeimage3160\source\openexr\debug\imfwav.obj
d:\wbox\libs\freeimage3160\source\openexr\debug\imfversion.obj
d:\wbox\libs\freeimage3160\source\openexr\debug\imfvecattribute.obj
d:\wbox\libs\freeimage3160\source\openexr\debug\imftimecodeattribute.obj
d:\wbox\libs\freeimage3160\source\openexr\debug\imftimecode.obj
d:\wbox\libs\freeimage3160\source\openexr\debug\imftileoffsets.obj
d:\wbox\libs\freeimage3160\source\openexr\debug\imftiledrgbafile.obj
d:\wbox\libs\freeimage3160\source\openexr\debug\imftiledoutputfile.obj
d:\wbox\libs\freeimage3160\source\openexr\debug\imftiledmisc.obj
d:\wbox\libs\freeimage3160\source\openexr\debug\imftiledinputfile.obj
d:\wbox\libs\freeimage3160\source\openexr\debug\imftiledescriptionattribute.obj
d:\wbox\libs\freeimage3160\source\openexr\debug\imfthreading.obj
d:\wbox\libs\freeimage3160\source\openexr\debug\imftestfile.obj
d:\wbox\libs\freeimage3160\source\openexr\debug\imfstringvectorattribute.obj
d:\wbox\libs\freeimage3160\source\openexr\debug\imfstringattribute.obj
d:\wbox\libs\freeimage3160\source\openexr\debug\imfstdio.obj
d:\wbox\libs\freeimage3160\source\openexr\debug\imfstandardattributes.obj
d:\wbox\libs\freeimage3160\source\openexr\debug\ilmthreadsemaphore.obj
d:\wbox\libs\freeimage3160\source\openexr\debug\ilmthreadpool.obj
d:\wbox\libs\freeimage3160\source\openexr\debug\ilmthreadmutex.obj
d:\wbox\libs\freeimage3160\source\openexr\debug\ilmthread.obj
d:\wbox\libs\freeimage3160\source\openexr\debug\half.obj
d:\wbox\libs\freeimage3160\source\openexr\debug\iexthrowerrnoexc.obj
d:\wbox\libs\freeimage3160\source\openexr\debug\iexbaseexc.obj
d:\wbox\libs\freeimage3160\source\openexr\debug\imathvec.obj
d:\wbox\libs\freeimage3160\source\openexr\debug\imathshear.obj
d:\wbox\libs\freeimage3160\source\openexr\debug\imathrandom.obj
d:\wbox\libs\freeimage3160\source\openexr\debug\imathmatrixalgo.obj
d:\wbox\libs\freeimage3160\source\openexr\debug\imathfun.obj
d:\wbox\libs\freeimage3160\source\openexr\debug\vc110.pdb
d:\wbox\libs\freeimage3160\source\openexr\debug\openexr.lib
d:\wbox\libs\freeimage3160\source\openexr\debug\vc120.pdb
d:\wbox\libs\freeimage3160\source\openexr\debug\vc120.idb
d:\wbox\libs\freeimage3160\source\openexr\debug\cl.command.1.tlog
d:\wbox\libs\freeimage3160\source\openexr\debug\cl.read.1.tlog
d:\wbox\libs\freeimage3160\source\openexr\debug\cl.write.1.tlog
d:\wbox\libs\freeimage3160\source\openexr\debug\lib-link.read.1.tlog
d:\wbox\libs\freeimage3160\source\openexr\debug\lib-link.write.1.tlog
d:\wbox\libs\freeimage3160\source\openexr\debug\lib.command.1.tlog
d:\wbox\libs\freeimage3160\source\openexr\debug\vc110.idb
d:\wbox\libs\freeimage3160\source\openexr\.\debug\openexr.lib
d:\wbox\libs\freeimage3160\source\openexr\debug\openexr.tlog\cl.read.1.tlog.uptodatecheck.tmp
d:\wbox\libs\freeimage3160\source\openexr\debug\openexr.tlog\cl.command.1.tlog
d:\wbox\libs\freeimage3160\source\openexr\debug\openexr.tlog\cl.read.1.tlog
d:\wbox\libs\freeimage3160\source\openexr\debug\openexr.tlog\cl.write.1.tlog
d:\wbox\libs\freeimage3160\source\openexr\debug\openexr.tlog\lib-link.read.1.tlog
d:\wbox\libs\freeimage3160\source\openexr\debug\openexr.tlog\lib-link.write.1.tlog
d:\wbox\libs\freeimage3160\source\openexr\debug\openexr.tlog\lib.command.1.tlog
