Build started 04.06.2015 16:53:31.
     1>Project "D:\wbox\libs\FreeImage3160\Source\OpenEXR\OpenEXR.2008.vcxproj" on node 3 (Rebuild target(s)).
     1>ClCompile:
         C:\Program Files (x86)\Microsoft Visual Studio 12.0\VC\bin\CL.exe /c /I./ /I./IlmImf /I./Imath /I./Iex /I./Half /I./IlmThread /I../ZLib /ZI /nologo /W3 /WX- /Od /Oy- /D WIN32 /D _DEBUG /D _LIB /D _CRT_SECURE_NO_DEPRECATE /D _VC80_UPGRADE=0x0710 /D _MBCS /Gm- /EHsc /RTC1 /MDd /GS /fp:precise /Zc:wchar_t /Zc:forScope /GR /Fo".\Debug/" /Fd".\Debug/vc120.pdb" /Gd /TP /wd4290 /analyze- /errorReport:prompt IlmImf\ImfAttribute.cpp IlmImf\ImfB44Compressor.cpp IlmImf\ImfBoxAttribute.cpp IlmImf\ImfChannelList.cpp IlmImf\ImfChannelListAttribute.cpp IlmImf\ImfChromaticities.cpp IlmImf\ImfChromaticitiesAttribute.cpp IlmImf\ImfCompressionAttribute.cpp IlmImf\ImfCompressor.cpp IlmImf\ImfConvert.cpp IlmImf\ImfCRgbaFile.cpp IlmImf\ImfDoubleAttribute.cpp IlmImf\ImfEnvmap.cpp IlmImf\ImfEnvmapAttribute.cpp IlmImf\ImfFloatAttribute.cpp IlmImf\ImfFrameBuffer.cpp IlmImf\ImfFramesPerSecond.cpp IlmImf\ImfHeader.cpp IlmImf\ImfHuf.cpp IlmImf\ImfInputFile.cpp IlmImf\ImfIntAttribute.cpp IlmImf\ImfIO.cpp IlmImf\ImfKeyCode.cpp IlmImf\ImfKeyCodeAttribute.cpp IlmImf\ImfLineOrderAttribute.cpp IlmImf\ImfLut.cpp IlmImf\ImfMatrixAttribute.cpp IlmImf\ImfMisc.cpp IlmImf\ImfOpaqueAttribute.cpp IlmImf\ImfOutputFile.cpp IlmImf\ImfPizCompressor.cpp IlmImf\ImfPreviewImage.cpp IlmImf\ImfPreviewImageAttribute.cpp IlmImf\ImfPxr24Compressor.cpp IlmImf\ImfRational.cpp IlmImf\ImfRationalAttribute.cpp IlmImf\ImfRgbaFile.cpp IlmImf\ImfRgbaYca.cpp IlmImf\ImfRleCompressor.cpp IlmImf\ImfScanLineInputFile.cpp IlmImf\ImfStandardAttributes.cpp IlmImf\ImfStdIO.cpp IlmImf\ImfStringAttribute.cpp IlmImf\ImfStringVectorAttribute.cpp IlmImf\ImfTestFile.cpp IlmImf\ImfThreading.cpp IlmImf\ImfTileDescriptionAttribute.cpp IlmImf\ImfTiledInputFile.cpp IlmImf\ImfTiledMisc.cpp IlmImf\ImfTiledOutputFile.cpp IlmImf\ImfTiledRgbaFile.cpp IlmImf\ImfTileOffsets.cpp IlmImf\ImfTimeCode.cpp IlmImf\ImfTimeCodeAttribute.cpp IlmImf\ImfVecAttribute.cpp IlmImf\ImfVersion.cpp IlmImf\ImfWav.cpp IlmImf\ImfZipCompressor.cpp Imath\ImathBox.cpp Imath\ImathColorAlgo.cpp Imath\ImathFun.cpp Imath\ImathMatrixAlgo.cpp Imath\ImathRandom.cpp Imath\ImathShear.cpp Imath\ImathVec.cpp Iex\IexBaseExc.cpp Iex\IexThrowErrnoExc.cpp Half\half.cpp IlmThread\IlmThread.cpp IlmThread\IlmThreadMutex.cpp IlmThread\IlmThreadPool.cpp IlmThread\IlmThreadSemaphore.cpp
         ImfAttribute.cpp
         ImfB44Compressor.cpp
     1>d:\wbox\libs\freeimage3160\source\openexr\ilmimf\imfb44compressor.cpp(323): warning C4244: '=' : conversion from 'unsigned short' to 'unsigned char', possible loss of data
     1>d:\wbox\libs\freeimage3160\source\openexr\ilmimf\imfb44compressor.cpp(344): warning C4244: '=' : conversion from 'unsigned short' to 'unsigned char', possible loss of data
     1>d:\wbox\libs\freeimage3160\source\openexr\ilmimf\imfcheckedarithmetic.h(65): warning C4101: 'staticAssertionFailed' : unreferenced local variable
                 d:\wbox\libs\freeimage3160\source\openexr\ilmimf\imfb44compressor.cpp(492) : see reference to function template instantiation 'T Imf::uiMult<size_t>(T,T)' being compiled
                 with
                 [
                     T=size_t
                 ]
     1>d:\wbox\libs\freeimage3160\source\openexr\ilmimf\imfcheckedarithmetic.h(147): warning C4101: 'staticAssertionFailed' : unreferenced local variable
                 d:\wbox\libs\freeimage3160\source\openexr\ilmimf\imfb44compressor.cpp(493) : see reference to function template instantiation 'size_t Imf::checkArraySize<T>(T,size_t)' being compiled
                 with
                 [
                     T=size_t
                 ]
     1>d:\wbox\libs\freeimage3160\source\openexr\ilmimf\imfcheckedarithmetic.h(150): warning C4101: 'staticAssertionFailed' : unreferenced local variable
     1>d:\wbox\libs\freeimage3160\source\openexr\ilmimf\imfcheckedarithmetic.h(101): warning C4101: 'staticAssertionFailed' : unreferenced local variable
                 d:\wbox\libs\freeimage3160\source\openexr\ilmimf\imfb44compressor.cpp(516) : see reference to function template instantiation 'T Imf::uiAdd<T>(T,T)' being compiled
                 with
                 [
                     T=size_t
                 ]
         ImfBoxAttribute.cpp
         ImfChannelList.cpp
         ImfChannelListAttribute.cpp
         ImfChromaticities.cpp
         ImfChromaticitiesAttribute.cpp
         ImfCompressionAttribute.cpp
         ImfCompressor.cpp
     1>d:\wbox\libs\freeimage3160\source\openexr\ilmimf\imfcheckedarithmetic.h(65): warning C4101: 'staticAssertionFailed' : unreferenced local variable
                 d:\wbox\libs\freeimage3160\source\openexr\ilmimf\imfcompressor.cpp(162) : see reference to function template instantiation 'T Imf::uiMult<size_t>(T,T)' being compiled
                 with
                 [
                     T=size_t
                 ]
         ImfConvert.cpp
     1>d:\wbox\libs\freeimage3160\source\openexr\ilmimf\imfconvert.cpp(119): warning C4244: 'argument' : conversion from 'unsigned int' to 'float', possible loss of data
         ImfCRgbaFile.cpp
     1>d:\wbox\libs\freeimage3160\source\openexr\ilmimf\imfcrgbafile.cpp(292): warning C4244: '=' : conversion from 'const int' to 'float', possible loss of data
     1>d:\wbox\libs\freeimage3160\source\openexr\ilmimf\imfcrgbafile.cpp(293): warning C4244: '=' : conversion from 'const int' to 'float', possible loss of data
         ImfDoubleAttribute.cpp
         ImfEnvmap.cpp
     1>d:\wbox\libs\freeimage3160\source\openexr\ilmimf\imfenvmap.cpp(77): warning C4244: '=' : conversion from 'double' to 'float', possible loss of data
     1>d:\wbox\libs\freeimage3160\source\openexr\ilmimf\imfenvmap.cpp(88): warning C4244: '=' : conversion from 'double' to 'float', possible loss of data
     1>d:\wbox\libs\freeimage3160\source\openexr\ilmimf\imfenvmap.cpp(102): warning C4244: 'initializing' : conversion from 'double' to 'float', possible loss of data
     1>d:\wbox\libs\freeimage3160\source\openexr\ilmimf\imfenvmap.cpp(103): warning C4244: 'initializing' : conversion from 'double' to 'float', possible loss of data
         ImfEnvmapAttribute.cpp
         ImfFloatAttribute.cpp
         ImfFrameBuffer.cpp
         ImfFramesPerSecond.cpp
         ImfHeader.cpp
     1>d:\wbox\libs\freeimage3160\source\openexr\ilmimf\imfheader.cpp(715): warning C4018: '<' : signed/unsigned mismatch
     1>d:\wbox\libs\freeimage3160\source\openexr\ilmimf\imfheader.cpp(722): warning C4018: '<' : signed/unsigned mismatch
         ImfHuf.cpp
     1>d:\wbox\libs\freeimage3160\source\openexr\ilmimf\imfhuf.cpp(168): warning C4244: '=' : conversion from 'Imath::Int64' to 'char', possible loss of data
     1>d:\wbox\libs\freeimage3160\source\openexr\ilmimf\imfhuf.cpp(247): warning C4244: 'initializing' : conversion from 'Imath::Int64' to 'int', possible loss of data
     1>d:\wbox\libs\freeimage3160\source\openexr\ilmimf\imfhuf.cpp(478): warning C4244: 'initializing' : conversion from 'Imath::Int64' to 'int', possible loss of data
     1>d:\wbox\libs\freeimage3160\source\openexr\ilmimf\imfhuf.cpp(547): warning C4244: 'initializing' : conversion from 'Imath::Int64' to 'int', possible loss of data
     1>d:\wbox\libs\freeimage3160\source\openexr\ilmimf\imfhuf.cpp(559): warning C4244: 'initializing' : conversion from 'Imath::Int64' to 'int', possible loss of data
     1>d:\wbox\libs\freeimage3160\source\openexr\ilmimf\imfhuf.cpp(618): warning C4244: 'initializing' : conversion from 'Imath::Int64' to 'int', possible loss of data
     1>d:\wbox\libs\freeimage3160\source\openexr\ilmimf\imfhuf.cpp(721): warning C4244: 'argument' : conversion from 'Imath::Int64' to 'int', possible loss of data
     1>d:\wbox\libs\freeimage3160\source\openexr\ilmimf\imfhuf.cpp(889): warning C4244: 'initializing' : conversion from 'Imath::Int64' to 'unsigned char', possible loss of data
     1>d:\wbox\libs\freeimage3160\source\openexr\ilmimf\imfhuf.cpp(904): warning C4244: 'initializing' : conversion from 'Imath::Int64' to 'int', possible loss of data
     1>d:\wbox\libs\freeimage3160\source\openexr\ilmimf\imfhuf.cpp(919): warning C4244: 'initializing' : conversion from 'Imath::Int64' to 'unsigned char', possible loss of data
     1>d:\wbox\libs\freeimage3160\source\openexr\ilmimf\imfhuf.cpp(946): warning C4244: 'initializing' : conversion from 'Imath::Int64' to 'unsigned char', possible loss of data
         ImfInputFile.cpp
     1>d:\wbox\libs\freeimage3160\source\openexr\ilmimf\imfinputfile.cpp(296): warning C4018: '<' : signed/unsigned mismatch
         Generating Code...
         Compiling...
         ImfIntAttribute.cpp
         ImfIO.cpp
         ImfKeyCode.cpp
         ImfKeyCodeAttribute.cpp
         ImfLineOrderAttribute.cpp
         ImfLut.cpp
     1>d:\wbox\libs\freeimage3160\source\openexr\ilmimf\imflut.cpp(155): warning C4244: 'initializing' : conversion from 'double' to 'const float', possible loss of data
     1>d:\wbox\libs\freeimage3160\source\openexr\ilmimf\imflut.cpp(173): warning C4244: 'argument' : conversion from 'double' to 'float', possible loss of data
         ImfMatrixAttribute.cpp
         ImfMisc.cpp
     1>d:\wbox\libs\freeimage3160\source\openexr\ilmimf\imfmisc.cpp(141): warning C4018: '<' : signed/unsigned mismatch
     1>d:\wbox\libs\freeimage3160\source\openexr\ilmimf\imfmisc.cpp(221): warning C4244: 'argument' : conversion from 'double' to 'float', possible loss of data
     1>d:\wbox\libs\freeimage3160\source\openexr\ilmimf\imfmisc.cpp(567): warning C4018: '<' : signed/unsigned mismatch
     1>d:\wbox\libs\freeimage3160\source\openexr\ilmimf\imfmisc.cpp(576): warning C4018: '<' : signed/unsigned mismatch
     1>d:\wbox\libs\freeimage3160\source\openexr\ilmimf\imfmisc.cpp(585): warning C4018: '<' : signed/unsigned mismatch
     1>d:\wbox\libs\freeimage3160\source\openexr\ilmimf\imfmisc.cpp(717): warning C4018: '<' : signed/unsigned mismatch
     1>d:\wbox\libs\freeimage3160\source\openexr\ilmimf\imfmisc.cpp(724): warning C4018: '<' : signed/unsigned mismatch
     1>d:\wbox\libs\freeimage3160\source\openexr\ilmimf\imfmisc.cpp(731): warning C4018: '<' : signed/unsigned mismatch
     1>d:\wbox\libs\freeimage3160\source\openexr\ilmimf\imfmisc.cpp(751): warning C4018: '<' : signed/unsigned mismatch
     1>d:\wbox\libs\freeimage3160\source\openexr\ilmimf\imfmisc.cpp(762): warning C4018: '<' : signed/unsigned mismatch
     1>d:\wbox\libs\freeimage3160\source\openexr\ilmimf\imfmisc.cpp(771): warning C4018: '<' : signed/unsigned mismatch
         ImfOpaqueAttribute.cpp
         ImfOutputFile.cpp
     1>d:\wbox\libs\freeimage3160\source\openexr\ilmimf\imfoutputfile.cpp(1110): warning C4018: '<' : signed/unsigned mismatch
         ImfPizCompressor.cpp
     1>d:\wbox\libs\freeimage3160\source\openexr\ilmimf\imfcheckedarithmetic.h(65): warning C4101: 'staticAssertionFailed' : unreferenced local variable
                 d:\wbox\libs\freeimage3160\source\openexr\ilmimf\imfpizcompressor.cpp(186) : see reference to function template instantiation 'T Imf::uiMult<size_t>(T,T)' being compiled
                 with
                 [
                     T=size_t
                 ]
     1>d:\wbox\libs\freeimage3160\source\openexr\ilmimf\imfcheckedarithmetic.h(101): warning C4101: 'staticAssertionFailed' : unreferenced local variable
                 d:\wbox\libs\freeimage3160\source\openexr\ilmimf\imfpizcompressor.cpp(190) : see reference to function template instantiation 'T Imf::uiAdd<T>(T,T)' being compiled
                 with
                 [
                     T=size_t
                 ]
     1>d:\wbox\libs\freeimage3160\source\openexr\ilmimf\imfcheckedarithmetic.h(147): warning C4101: 'staticAssertionFailed' : unreferenced local variable
                 d:\wbox\libs\freeimage3160\source\openexr\ilmimf\imfpizcompressor.cpp(193) : see reference to function template instantiation 'size_t Imf::checkArraySize<size_t>(T,size_t)' being compiled
                 with
                 [
                     T=size_t
                 ]
     1>d:\wbox\libs\freeimage3160\source\openexr\ilmimf\imfcheckedarithmetic.h(150): warning C4101: 'staticAssertionFailed' : unreferenced local variable
         ImfPreviewImage.cpp
     1>d:\wbox\libs\freeimage3160\source\openexr\ilmimf\imfcheckedarithmetic.h(65): warning C4101: 'staticAssertionFailed' : unreferenced local variable
                 d:\wbox\libs\freeimage3160\source\openexr\ilmimf\imfpreviewimage.cpp(56) : see reference to function template instantiation 'T Imf::uiMult<unsigned int>(T,T)' being compiled
                 with
                 [
                     T=unsigned int
                 ]
     1>d:\wbox\libs\freeimage3160\source\openexr\ilmimf\imfcheckedarithmetic.h(147): warning C4101: 'staticAssertionFailed' : unreferenced local variable
                 d:\wbox\libs\freeimage3160\source\openexr\ilmimf\imfpreviewimage.cpp(56) : see reference to function template instantiation 'size_t Imf::checkArraySize<T>(T,size_t)' being compiled
                 with
                 [
                     T=unsigned int
                 ]
     1>d:\wbox\libs\freeimage3160\source\openexr\ilmimf\imfcheckedarithmetic.h(150): warning C4101: 'staticAssertionFailed' : unreferenced local variable
         ImfPreviewImageAttribute.cpp
         ImfPxr24Compressor.cpp
     1>d:\wbox\libs\freeimage3160\source\openexr\ilmimf\imfpxr24compressor.cpp(468): warning C4018: '>' : signed/unsigned mismatch
     1>d:\wbox\libs\freeimage3160\source\openexr\ilmimf\imfpxr24compressor.cpp(494): warning C4018: '>' : signed/unsigned mismatch
     1>d:\wbox\libs\freeimage3160\source\openexr\ilmimf\imfpxr24compressor.cpp(518): warning C4018: '>' : signed/unsigned mismatch
     1>d:\wbox\libs\freeimage3160\source\openexr\ilmimf\imfpxr24compressor.cpp(543): warning C4018: '<' : signed/unsigned mismatch
     1>d:\wbox\libs\freeimage3160\source\openexr\ilmimf\imfcheckedarithmetic.h(65): warning C4101: 'staticAssertionFailed' : unreferenced local variable
                 d:\wbox\libs\freeimage3160\source\openexr\ilmimf\imfpxr24compressor.cpp(191) : see reference to function template instantiation 'T Imf::uiMult<size_t>(T,T)' being compiled
                 with
                 [
                     T=size_t
                 ]
     1>d:\wbox\libs\freeimage3160\source\openexr\ilmimf\imfcheckedarithmetic.h(101): warning C4101: 'staticAssertionFailed' : unreferenced local variable
                 d:\wbox\libs\freeimage3160\source\openexr\ilmimf\imfpxr24compressor.cpp(195) : see reference to function template instantiation 'T Imf::uiAdd<size_t>(T,T)' being compiled
                 with
                 [
                     T=size_t
                 ]
         ImfRational.cpp
         ImfRationalAttribute.cpp
         ImfRgbaFile.cpp
         ImfRgbaYca.cpp
         ImfRleCompressor.cpp
     1>d:\wbox\libs\freeimage3160\source\openexr\ilmimf\imfcheckedarithmetic.h(65): warning C4101: 'staticAssertionFailed' : unreferenced local variable
                 d:\wbox\libs\freeimage3160\source\openexr\ilmimf\imfrlecompressor.cpp(169) : see reference to function template instantiation 'T Imf::uiMult<size_t>(T,T)' being compiled
                 with
                 [
                     T=size_t
                 ]
         ImfScanLineInputFile.cpp
     1>d:\wbox\libs\freeimage3160\source\openexr\ilmimf\imfscanlineinputfile.cpp(964): warning C4018: '<' : signed/unsigned mismatch
         Generating Code...
         Compiling...
         ImfStandardAttributes.cpp
         ImfStdIO.cpp
         ImfStringAttribute.cpp
         ImfStringVectorAttribute.cpp
         ImfTestFile.cpp
         ImfThreading.cpp
         ImfTileDescriptionAttribute.cpp
         ImfTiledInputFile.cpp
     1>d:\wbox\libs\freeimage3160\source\openexr\ilmimf\imftiledinputfile.cpp(1029): warning C4018: '<' : signed/unsigned mismatch
         ImfTiledMisc.cpp
         ImfTiledOutputFile.cpp
     1>d:\wbox\libs\freeimage3160\source\openexr\ilmimf\imftiledoutputfile.cpp(1270): warning C4018: '<' : signed/unsigned mismatch
     1>d:\wbox\libs\freeimage3160\source\openexr\ilmimf\imftiledoutputfile.cpp(1386): warning C4018: '<' : signed/unsigned mismatch
     1>d:\wbox\libs\freeimage3160\source\openexr\ilmimf\imftiledoutputfile.cpp(1393): warning C4018: '<' : signed/unsigned mismatch
     1>d:\wbox\libs\freeimage3160\source\openexr\ilmimf\imftiledoutputfile.cpp(1394): warning C4018: '<' : signed/unsigned mismatch
         ImfTiledRgbaFile.cpp
         ImfTileOffsets.cpp
     1>d:\wbox\libs\freeimage3160\source\openexr\ilmimf\imftileoffsets.cpp(80): warning C4018: '<' : signed/unsigned mismatch
     1>d:\wbox\libs\freeimage3160\source\openexr\ilmimf\imftileoffsets.cpp(82): warning C4018: '<' : signed/unsigned mismatch
     1>d:\wbox\libs\freeimage3160\source\openexr\ilmimf\imftileoffsets.cpp(262): warning C4018: '>' : signed/unsigned mismatch
     1>d:\wbox\libs\freeimage3160\source\openexr\ilmimf\imftileoffsets.cpp(263): warning C4018: '>' : signed/unsigned mismatch
     1>d:\wbox\libs\freeimage3160\source\openexr\ilmimf\imftileoffsets.cpp(274): warning C4018: '>' : signed/unsigned mismatch
     1>d:\wbox\libs\freeimage3160\source\openexr\ilmimf\imftileoffsets.cpp(275): warning C4018: '>' : signed/unsigned mismatch
     1>d:\wbox\libs\freeimage3160\source\openexr\ilmimf\imftileoffsets.cpp(276): warning C4018: '>' : signed/unsigned mismatch
     1>d:\wbox\libs\freeimage3160\source\openexr\ilmimf\imftileoffsets.cpp(287): warning C4018: '>' : signed/unsigned mismatch
     1>d:\wbox\libs\freeimage3160\source\openexr\ilmimf\imftileoffsets.cpp(288): warning C4018: '>' : signed/unsigned mismatch
     1>d:\wbox\libs\freeimage3160\source\openexr\ilmimf\imftileoffsets.cpp(289): warning C4018: '>' : signed/unsigned mismatch
         ImfTimeCode.cpp
     1>d:\wbox\libs\freeimage3160\source\openexr\ilmimf\imftimecode.cpp(236): warning C4800: 'unsigned int' : forcing value to bool 'true' or 'false' (performance warning)
     1>d:\wbox\libs\freeimage3160\source\openexr\ilmimf\imftimecode.cpp(250): warning C4800: 'unsigned int' : forcing value to bool 'true' or 'false' (performance warning)
     1>d:\wbox\libs\freeimage3160\source\openexr\ilmimf\imftimecode.cpp(264): warning C4800: 'unsigned int' : forcing value to bool 'true' or 'false' (performance warning)
     1>d:\wbox\libs\freeimage3160\source\openexr\ilmimf\imftimecode.cpp(278): warning C4800: 'unsigned int' : forcing value to bool 'true' or 'false' (performance warning)
     1>d:\wbox\libs\freeimage3160\source\openexr\ilmimf\imftimecode.cpp(292): warning C4800: 'unsigned int' : forcing value to bool 'true' or 'false' (performance warning)
     1>d:\wbox\libs\freeimage3160\source\openexr\ilmimf\imftimecode.cpp(306): warning C4800: 'unsigned int' : forcing value to bool 'true' or 'false' (performance warning)
         ImfTimeCodeAttribute.cpp
         ImfVecAttribute.cpp
         ImfVersion.cpp
         ImfWav.cpp
         ImfZipCompressor.cpp
     1>d:\wbox\libs\freeimage3160\source\openexr\ilmimf\imfcheckedarithmetic.h(65): warning C4101: 'staticAssertionFailed' : unreferenced local variable
                 d:\wbox\libs\freeimage3160\source\openexr\ilmimf\imfzipcompressor.cpp(64) : see reference to function template instantiation 'T Imf::uiMult<size_t>(T,T)' being compiled
                 with
                 [
                     T=size_t
                 ]
     1>d:\wbox\libs\freeimage3160\source\openexr\ilmimf\imfcheckedarithmetic.h(101): warning C4101: 'staticAssertionFailed' : unreferenced local variable
                 d:\wbox\libs\freeimage3160\source\openexr\ilmimf\imfzipcompressor.cpp(68) : see reference to function template instantiation 'T Imf::uiAdd<size_t>(T,T)' being compiled
                 with
                 [
                     T=size_t
                 ]
         ImathBox.cpp
         ImathColorAlgo.cpp
         Generating Code...
         Compiling...
         ImathFun.cpp
         ImathMatrixAlgo.cpp
     1>d:\wbox\libs\freeimage3160\source\openexr\imath\imathmatrixalgo.cpp(121): warning C4018: '<' : signed/unsigned mismatch
                 d:\wbox\libs\freeimage3160\source\openexr\imath\imathmatrixalgo.cpp(257) : see reference to function template instantiation 'Imath::M44d Imath::procrustesRotationAndTranslation<double>(const Imath::V3d *,const Imath::V3d *,const double *,const size_t,const bool)' being compiled
     1>d:\wbox\libs\freeimage3160\source\openexr\imath\imathmatrixalgo.cpp(130): warning C4018: '<' : signed/unsigned mismatch
     1>d:\wbox\libs\freeimage3160\source\openexr\imath\imathmatrixalgo.cpp(158): warning C4018: '<' : signed/unsigned mismatch
     1>d:\wbox\libs\freeimage3160\source\openexr\imath\imathmatrixalgo.cpp(163): warning C4018: '<' : signed/unsigned mismatch
     1>d:\wbox\libs\freeimage3160\source\openexr\imath\imathmatrixalgo.cpp(203): warning C4018: '<' : signed/unsigned mismatch
     1>d:\wbox\libs\freeimage3160\source\openexr\imath\imathmatrixalgo.cpp(208): warning C4018: '<' : signed/unsigned mismatch
         ImathRandom.cpp
         ImathShear.cpp
         ImathVec.cpp
         IexBaseExc.cpp
         IexThrowErrnoExc.cpp
         half.cpp
         IlmThread.cpp
         IlmThreadMutex.cpp
         IlmThreadPool.cpp
         IlmThreadSemaphore.cpp
         Generating Code...
       Lib:
         C:\Program Files (x86)\Microsoft Visual Studio 12.0\VC\bin\Lib.exe /OUT:".\Debug\OpenEXR.lib" /NOLOGO .\Debug/ImfAttribute.obj
         .\Debug/ImfB44Compressor.obj
         .\Debug/ImfBoxAttribute.obj
         .\Debug/ImfChannelList.obj
         .\Debug/ImfChannelListAttribute.obj
         .\Debug/ImfChromaticities.obj
         .\Debug/ImfChromaticitiesAttribute.obj
         .\Debug/ImfCompressionAttribute.obj
         .\Debug/ImfCompressor.obj
         .\Debug/ImfConvert.obj
         .\Debug/ImfCRgbaFile.obj
         .\Debug/ImfDoubleAttribute.obj
         .\Debug/ImfEnvmap.obj
         .\Debug/ImfEnvmapAttribute.obj
         .\Debug/ImfFloatAttribute.obj
         .\Debug/ImfFrameBuffer.obj
         .\Debug/ImfFramesPerSecond.obj
         .\Debug/ImfHeader.obj
         .\Debug/ImfHuf.obj
         .\Debug/ImfInputFile.obj
         .\Debug/ImfIntAttribute.obj
         .\Debug/ImfIO.obj
         .\Debug/ImfKeyCode.obj
         .\Debug/ImfKeyCodeAttribute.obj
         .\Debug/ImfLineOrderAttribute.obj
         .\Debug/ImfLut.obj
         .\Debug/ImfMatrixAttribute.obj
         .\Debug/ImfMisc.obj
         .\Debug/ImfOpaqueAttribute.obj
         .\Debug/ImfOutputFile.obj
         .\Debug/ImfPizCompressor.obj
         .\Debug/ImfPreviewImage.obj
         .\Debug/ImfPreviewImageAttribute.obj
         .\Debug/ImfPxr24Compressor.obj
         .\Debug/ImfRational.obj
         .\Debug/ImfRationalAttribute.obj
         .\Debug/ImfRgbaFile.obj
         .\Debug/ImfRgbaYca.obj
         .\Debug/ImfRleCompressor.obj
         .\Debug/ImfScanLineInputFile.obj
         .\Debug/ImfStandardAttributes.obj
         .\Debug/ImfStdIO.obj
         .\Debug/ImfStringAttribute.obj
         .\Debug/ImfStringVectorAttribute.obj
         .\Debug/ImfTestFile.obj
         .\Debug/ImfThreading.obj
         .\Debug/ImfTileDescriptionAttribute.obj
         .\Debug/ImfTiledInputFile.obj
         .\Debug/ImfTiledMisc.obj
         .\Debug/ImfTiledOutputFile.obj
         .\Debug/ImfTiledRgbaFile.obj
         .\Debug/ImfTileOffsets.obj
         .\Debug/ImfTimeCode.obj
         .\Debug/ImfTimeCodeAttribute.obj
         .\Debug/ImfVecAttribute.obj
         .\Debug/ImfVersion.obj
         .\Debug/ImfWav.obj
         .\Debug/ImfZipCompressor.obj
         .\Debug/ImathBox.obj
         .\Debug/ImathColorAlgo.obj
         .\Debug/ImathFun.obj
         .\Debug/ImathMatrixAlgo.obj
         .\Debug/ImathRandom.obj
         .\Debug/ImathShear.obj
         .\Debug/ImathVec.obj
         .\Debug/IexBaseExc.obj
         .\Debug/IexThrowErrnoExc.obj
         .\Debug/half.obj
         .\Debug/IlmThread.obj
         .\Debug/IlmThreadMutex.obj
         .\Debug/IlmThreadPool.obj
         .\Debug/IlmThreadSemaphore.obj
     1>ImathShear.obj : warning LNK4221: This object file does not define any previously undefined public symbols, so it will not be used by any link operation that consumes this library
     1>ImathBox.obj : warning LNK4221: This object file does not define any previously undefined public symbols, so it will not be used by any link operation that consumes this library
         OpenEXR.2008.vcxproj -> D:\wbox\libs\FreeImage3160\Source\OpenEXR\.\Debug\OpenEXR.lib
     1>Done Building Project "D:\wbox\libs\FreeImage3160\Source\OpenEXR\OpenEXR.2008.vcxproj" (Rebuild target(s)).

Build succeeded.

Time Elapsed 00:00:32.96
