Build started 28.05.2015 19:32:49.
     1>Project "D:\wbox\libs\FreeImage3160\Source\FreeImageLib\FreeImageLib.2008.vcxproj" on node 2 (Build target(s)).
       Project file contains ToolsVersion="12.0". This toolset may be unknown or missing, in which case you may be able to resolve this by installing the appropriate version of MSBuild, or the build may have been forced to a particular ToolsVersion for policy reasons. Treating the project as if it had ToolsVersion="4.0". For more information, please see http://go.microsoft.com/fwlink/?LinkId=291333.
     1>Project "D:\wbox\libs\FreeImage3160\Source\FreeImageLib\FreeImageLib.2008.vcxproj" (1) is building "D:\wbox\libs\FreeImage3160\Source\LibJXR\LibJXR.2008.vcxproj" (2) on node 1 (GetTargetPath target(s)).
       Project file contains ToolsVersion="12.0". This toolset may be unknown or missing, in which case you may be able to resolve this by installing the appropriate version of MSBuild, or the build may have been forced to a particular ToolsVersion for policy reasons. Treating the project as if it had ToolsVersion="4.0". For more information, please see http://go.microsoft.com/fwlink/?LinkId=291333.
     2>Done Building Project "D:\wbox\libs\FreeImage3160\Source\LibJXR\LibJXR.2008.vcxproj" (GetTargetPath target(s)).
     1>Project "D:\wbox\libs\FreeImage3160\Source\FreeImageLib\FreeImageLib.2008.vcxproj" (1) is building "D:\wbox\libs\FreeImage3160\Source\LibJPEG\LibJPEG.2008.vcxproj" (3) on node 2 (GetTargetPath target(s)).
       Project file contains ToolsVersion="12.0". This toolset may be unknown or missing, in which case you may be able to resolve this by installing the appropriate version of MSBuild, or the build may have been forced to a particular ToolsVersion for policy reasons. Treating the project as if it had ToolsVersion="4.0". For more information, please see http://go.microsoft.com/fwlink/?LinkId=291333.
     3>Done Building Project "D:\wbox\libs\FreeImage3160\Source\LibJPEG\LibJPEG.2008.vcxproj" (GetTargetPath target(s)).
     1>Project "D:\wbox\libs\FreeImage3160\Source\FreeImageLib\FreeImageLib.2008.vcxproj" (1) is building "D:\wbox\libs\FreeImage3160\Source\LibRawLite\LibRawLite.2008.vcxproj" (4) on node 1 (GetTargetPath target(s)).
       Project file contains ToolsVersion="12.0". This toolset may be unknown or missing, in which case you may be able to resolve this by installing the appropriate version of MSBuild, or the build may have been forced to a particular ToolsVersion for policy reasons. Treating the project as if it had ToolsVersion="4.0". For more information, please see http://go.microsoft.com/fwlink/?LinkId=291333.
     4>Done Building Project "D:\wbox\libs\FreeImage3160\Source\LibRawLite\LibRawLite.2008.vcxproj" (GetTargetPath target(s)).
     1>Project "D:\wbox\libs\FreeImage3160\Source\FreeImageLib\FreeImageLib.2008.vcxproj" (1) is building "D:\wbox\libs\FreeImage3160\Source\LibTIFF4\LibTIFF4.2008.vcxproj" (5) on node 2 (GetTargetPath target(s)).
       Project file contains ToolsVersion="12.0". This toolset may be unknown or missing, in which case you may be able to resolve this by installing the appropriate version of MSBuild, or the build may have been forced to a particular ToolsVersion for policy reasons. Treating the project as if it had ToolsVersion="4.0". For more information, please see http://go.microsoft.com/fwlink/?LinkId=291333.
     5>Done Building Project "D:\wbox\libs\FreeImage3160\Source\LibTIFF4\LibTIFF4.2008.vcxproj" (GetTargetPath target(s)).
     1>Project "D:\wbox\libs\FreeImage3160\Source\FreeImageLib\FreeImageLib.2008.vcxproj" (1) is building "D:\wbox\libs\FreeImage3160\Source\LibWebP\LibWebP.2008.vcxproj" (6) on node 1 (GetTargetPath target(s)).
       Project file contains ToolsVersion="12.0". This toolset may be unknown or missing, in which case you may be able to resolve this by installing the appropriate version of MSBuild, or the build may have been forced to a particular ToolsVersion for policy reasons. Treating the project as if it had ToolsVersion="4.0". For more information, please see http://go.microsoft.com/fwlink/?LinkId=291333.
     6>Done Building Project "D:\wbox\libs\FreeImage3160\Source\LibWebP\LibWebP.2008.vcxproj" (GetTargetPath target(s)).
     1>Project "D:\wbox\libs\FreeImage3160\Source\FreeImageLib\FreeImageLib.2008.vcxproj" (1) is building "D:\wbox\libs\FreeImage3160\Source\LibPNG\LibPNG.2008.vcxproj" (7) on node 4 (GetTargetPath target(s)).
       Project file contains ToolsVersion="12.0". This toolset may be unknown or missing, in which case you may be able to resolve this by installing the appropriate version of MSBuild, or the build may have been forced to a particular ToolsVersion for policy reasons. Treating the project as if it had ToolsVersion="4.0". For more information, please see http://go.microsoft.com/fwlink/?LinkId=291333.
     1>Project "D:\wbox\libs\FreeImage3160\Source\FreeImageLib\FreeImageLib.2008.vcxproj" (1) is building "D:\wbox\libs\FreeImage3160\Source\LibOpenJPEG\LibOpenJPEG.2008.vcxproj" (8) on node 3 (GetTargetPath target(s)).
       Project file contains ToolsVersion="12.0". This toolset may be unknown or missing, in which case you may be able to resolve this by installing the appropriate version of MSBuild, or the build may have been forced to a particular ToolsVersion for policy reasons. Treating the project as if it had ToolsVersion="4.0". For more information, please see http://go.microsoft.com/fwlink/?LinkId=291333.
     8>Done Building Project "D:\wbox\libs\FreeImage3160\Source\LibOpenJPEG\LibOpenJPEG.2008.vcxproj" (GetTargetPath target(s)).
     1>Project "D:\wbox\libs\FreeImage3160\Source\FreeImageLib\FreeImageLib.2008.vcxproj" (1) is building "D:\wbox\libs\FreeImage3160\Source\ZLib\ZLib.2008.vcxproj" (9) on node 2 (GetTargetPath target(s)).
       Project file contains ToolsVersion="12.0". This toolset may be unknown or missing, in which case you may be able to resolve this by installing the appropriate version of MSBuild, or the build may have been forced to a particular ToolsVersion for policy reasons. Treating the project as if it had ToolsVersion="4.0". For more information, please see http://go.microsoft.com/fwlink/?LinkId=291333.
     9>Done Building Project "D:\wbox\libs\FreeImage3160\Source\ZLib\ZLib.2008.vcxproj" (GetTargetPath target(s)).
     7>Done Building Project "D:\wbox\libs\FreeImage3160\Source\LibPNG\LibPNG.2008.vcxproj" (GetTargetPath target(s)).
     1>Project "D:\wbox\libs\FreeImage3160\Source\FreeImageLib\FreeImageLib.2008.vcxproj" (1) is building "D:\wbox\libs\FreeImage3160\Source\OpenEXR\OpenEXR.2008.vcxproj" (10) on node 3 (GetTargetPath target(s)).
       Project file contains ToolsVersion="12.0". This toolset may be unknown or missing, in which case you may be able to resolve this by installing the appropriate version of MSBuild, or the build may have been forced to a particular ToolsVersion for policy reasons. Treating the project as if it had ToolsVersion="4.0". For more information, please see http://go.microsoft.com/fwlink/?LinkId=291333.
    10>Done Building Project "D:\wbox\libs\FreeImage3160\Source\OpenEXR\OpenEXR.2008.vcxproj" (GetTargetPath target(s)).
     1>Project "D:\wbox\libs\FreeImage3160\Source\FreeImageLib\FreeImageLib.2008.vcxproj" (1) is building "D:\wbox\libs\FreeImage3160\Source\LibJXR\LibJXR.2008.vcxproj" (2:2) on node 1 (GetNativeManifest target(s)).
       Project file contains ToolsVersion="12.0". This toolset may be unknown or missing, in which case you may be able to resolve this by installing the appropriate version of MSBuild, or the build may have been forced to a particular ToolsVersion for policy reasons. Treating the project as if it had ToolsVersion="4.0". For more information, please see http://go.microsoft.com/fwlink/?LinkId=291333.
     1>Project "D:\wbox\libs\FreeImage3160\Source\FreeImageLib\FreeImageLib.2008.vcxproj" (1) is building "D:\wbox\libs\FreeImage3160\Source\LibJPEG\LibJPEG.2008.vcxproj" (3:2) on node 2 (GetNativeManifest target(s)).
       Project file contains ToolsVersion="12.0". This toolset may be unknown or missing, in which case you may be able to resolve this by installing the appropriate version of MSBuild, or the build may have been forced to a particular ToolsVersion for policy reasons. Treating the project as if it had ToolsVersion="4.0". For more information, please see http://go.microsoft.com/fwlink/?LinkId=291333.
     3>Done Building Project "D:\wbox\libs\FreeImage3160\Source\LibJPEG\LibJPEG.2008.vcxproj" (GetNativeManifest target(s)).
     1>Project "D:\wbox\libs\FreeImage3160\Source\FreeImageLib\FreeImageLib.2008.vcxproj" (1) is building "D:\wbox\libs\FreeImage3160\Source\LibTIFF4\LibTIFF4.2008.vcxproj" (5:2) on node 2 (GetNativeManifest target(s)).
       Project file contains ToolsVersion="12.0". This toolset may be unknown or missing, in which case you may be able to resolve this by installing the appropriate version of MSBuild, or the build may have been forced to a particular ToolsVersion for policy reasons. Treating the project as if it had ToolsVersion="4.0". For more information, please see http://go.microsoft.com/fwlink/?LinkId=291333.
     5>Done Building Project "D:\wbox\libs\FreeImage3160\Source\LibTIFF4\LibTIFF4.2008.vcxproj" (GetNativeManifest target(s)).
     1>Project "D:\wbox\libs\FreeImage3160\Source\FreeImageLib\FreeImageLib.2008.vcxproj" (1) is building "D:\wbox\libs\FreeImage3160\Source\LibOpenJPEG\LibOpenJPEG.2008.vcxproj" (8:2) on node 3 (GetNativeManifest target(s)).
       Project file contains ToolsVersion="12.0". This toolset may be unknown or missing, in which case you may be able to resolve this by installing the appropriate version of MSBuild, or the build may have been forced to a particular ToolsVersion for policy reasons. Treating the project as if it had ToolsVersion="4.0". For more information, please see http://go.microsoft.com/fwlink/?LinkId=291333.
     8>Done Building Project "D:\wbox\libs\FreeImage3160\Source\LibOpenJPEG\LibOpenJPEG.2008.vcxproj" (GetNativeManifest target(s)).
     1>Project "D:\wbox\libs\FreeImage3160\Source\FreeImageLib\FreeImageLib.2008.vcxproj" (1) is building "D:\wbox\libs\FreeImage3160\Source\ZLib\ZLib.2008.vcxproj" (9:2) on node 2 (GetNativeManifest target(s)).
       Project file contains ToolsVersion="12.0". This toolset may be unknown or missing, in which case you may be able to resolve this by installing the appropriate version of MSBuild, or the build may have been forced to a particular ToolsVersion for policy reasons. Treating the project as if it had ToolsVersion="4.0". For more information, please see http://go.microsoft.com/fwlink/?LinkId=291333.
     9>Done Building Project "D:\wbox\libs\FreeImage3160\Source\ZLib\ZLib.2008.vcxproj" (GetNativeManifest target(s)).
     1>Project "D:\wbox\libs\FreeImage3160\Source\FreeImageLib\FreeImageLib.2008.vcxproj" (1) is building "D:\wbox\libs\FreeImage3160\Source\LibPNG\LibPNG.2008.vcxproj" (7:2) on node 4 (GetNativeManifest target(s)).
       Project file contains ToolsVersion="12.0". This toolset may be unknown or missing, in which case you may be able to resolve this by installing the appropriate version of MSBuild, or the build may have been forced to a particular ToolsVersion for policy reasons. Treating the project as if it had ToolsVersion="4.0". For more information, please see http://go.microsoft.com/fwlink/?LinkId=291333.
     7>Done Building Project "D:\wbox\libs\FreeImage3160\Source\LibPNG\LibPNG.2008.vcxproj" (GetNativeManifest target(s)).
     2>Done Building Project "D:\wbox\libs\FreeImage3160\Source\LibJXR\LibJXR.2008.vcxproj" (GetNativeManifest target(s)).
     1>Project "D:\wbox\libs\FreeImage3160\Source\FreeImageLib\FreeImageLib.2008.vcxproj" (1) is building "D:\wbox\libs\FreeImage3160\Source\LibRawLite\LibRawLite.2008.vcxproj" (4:2) on node 1 (GetNativeManifest target(s)).
       Project file contains ToolsVersion="12.0". This toolset may be unknown or missing, in which case you may be able to resolve this by installing the appropriate version of MSBuild, or the build may have been forced to a particular ToolsVersion for policy reasons. Treating the project as if it had ToolsVersion="4.0". For more information, please see http://go.microsoft.com/fwlink/?LinkId=291333.
     4>Done Building Project "D:\wbox\libs\FreeImage3160\Source\LibRawLite\LibRawLite.2008.vcxproj" (GetNativeManifest target(s)).
     1>Project "D:\wbox\libs\FreeImage3160\Source\FreeImageLib\FreeImageLib.2008.vcxproj" (1) is building "D:\wbox\libs\FreeImage3160\Source\LibWebP\LibWebP.2008.vcxproj" (6:2) on node 1 (GetNativeManifest target(s)).
       Project file contains ToolsVersion="12.0". This toolset may be unknown or missing, in which case you may be able to resolve this by installing the appropriate version of MSBuild, or the build may have been forced to a particular ToolsVersion for policy reasons. Treating the project as if it had ToolsVersion="4.0". For more information, please see http://go.microsoft.com/fwlink/?LinkId=291333.
     6>Done Building Project "D:\wbox\libs\FreeImage3160\Source\LibWebP\LibWebP.2008.vcxproj" (GetNativeManifest target(s)).
     1>Project "D:\wbox\libs\FreeImage3160\Source\FreeImageLib\FreeImageLib.2008.vcxproj" (1) is building "D:\wbox\libs\FreeImage3160\Source\OpenEXR\OpenEXR.2008.vcxproj" (10:2) on node 3 (GetNativeManifest target(s)).
       Project file contains ToolsVersion="12.0". This toolset may be unknown or missing, in which case you may be able to resolve this by installing the appropriate version of MSBuild, or the build may have been forced to a particular ToolsVersion for policy reasons. Treating the project as if it had ToolsVersion="4.0". For more information, please see http://go.microsoft.com/fwlink/?LinkId=291333.
    10>Done Building Project "D:\wbox\libs\FreeImage3160\Source\OpenEXR\OpenEXR.2008.vcxproj" (GetNativeManifest target(s)).
     1>ClCompile:
         C:\Program Files (x86)\Microsoft Visual Studio 11.0\VC\bin\CL.exe /c /I..\ /I..\ZLib /I..\DeprecationManager /I..\OpenEXR\Half /I..\OpenEXR\Iex /I..\OpenEXR\IlmImf /I..\OpenEXR\Imath /I..\OpenEXR\IlmThread /I..\LibJXR\jxrgluelib /I..\LibJXR\image\sys /Zi /nologo /W3 /WX- /O2 /Ob2 /Oi /Ot /Oy /GL /D WIN32 /D NDEBUG /D OPJ_STATIC /D FREEIMAGE_LIB /D _CRT_SECURE_NO_DEPRECATE /D LIBRAW_NODLL /D _VC80_UPGRADE=0x0710 /D _MBCS /GF /Gm- /EHsc /MT /GS- /fp:precise /Zc:wchar_t /Zc:forScope /Fo".\Release/" /Fd".\Release/vc110.pdb" /Gd /TP /analyze- /errorReport:prompt ..\FreeImage\BitmapAccess.cpp ..\FreeImage\ColorLookup.cpp ..\FreeImage\FreeImage.cpp ..\FreeImage\FreeImageIO.cpp ..\FreeImage\GetType.cpp ..\FreeImage\MemoryIO.cpp ..\FreeImage\PixelAccess.cpp ..\FreeImage\NNQuantizer.cpp ..\FreeImage\WuQuantizer.cpp ..\FreeImage\Conversion.cpp ..\FreeImage\Conversion16_555.cpp ..\FreeImage\Conversion16_565.cpp ..\FreeImage\Conversion24.cpp ..\FreeImage\Conversion32.cpp ..\FreeImage\Conversion4.cpp ..\FreeImage\Conversion8.cpp ..\FreeImage\ConversionFloat.cpp ..\FreeImage\ConversionRGB16.cpp ..\FreeImage\ConversionRGBF.cpp ..\FreeImage\ConversionType.cpp ..\FreeImage\ConversionUINT16.cpp ..\FreeImage\Halftoning.cpp ..\FreeImage\tmoColorConvert.cpp ..\FreeImage\tmoDrago03.cpp ..\FreeImage\tmoFattal02.cpp ..\FreeImage\tmoReinhard05.cpp ..\FreeImage\ToneMapping.cpp ..\FreeImage\J2KHelper.cpp ..\FreeImage\MNGHelper.cpp ..\FreeImage\Plugin.cpp ..\FreeImage\PluginBMP.cpp ..\FreeImage\PluginCUT.cpp ..\FreeImage\PluginDDS.cpp ..\FreeImage\PluginEXR.cpp ..\FreeImage\PluginG3.cpp ..\FreeImage\PluginGIF.cpp ..\FreeImage\PluginHDR.cpp ..\FreeImage\PluginICO.cpp ..\FreeImage\PluginIFF.cpp ..\FreeImage\PluginJ2K.cpp ..\FreeImage\PluginJNG.cpp ..\FreeImage\PluginJP2.cpp ..\FreeImage\PluginJPEG.cpp ..\FreeImage\PluginJXR.cpp ..\FreeImage\PluginKOALA.cpp ..\FreeImage\PluginMNG.cpp ..\FreeImage\PluginPCD.cpp ..\FreeImage\PluginPCX.cpp ..\FreeImage\PluginPFM.cpp ..\FreeImage\PluginPICT.cpp ..\FreeImage\PluginPNG.cpp ..\FreeImage\PluginPNM.cpp ..\FreeImage\PluginPSD.cpp ..\FreeImage\PluginRAS.cpp ..\FreeImage\PluginRAW.cpp ..\FreeImage\PluginSGI.cpp ..\FreeImage\PluginTARGA.cpp ..\FreeImage\PluginTIFF.cpp ..\FreeImage\PluginWBMP.cpp ..\FreeImage\PluginWebP.cpp ..\FreeImage\PluginXBM.cpp ..\FreeImage\PluginXPM.cpp ..\FreeImage\PSDParser.cpp ..\FreeImage\TIFFLogLuv.cpp ..\DeprecationManager\Deprecated.cpp ..\DeprecationManager\DeprecationMgr.cpp ..\FreeImage\CacheFile.cpp ..\FreeImage\MultiPage.cpp ..\FreeImage\ZLibInterface.cpp ..\Metadata\Exif.cpp ..\Metadata\FIRational.cpp ..\Metadata\FreeImageTag.cpp ..\Metadata\IPTC.cpp ..\Metadata\TagConversion.cpp ..\Metadata\TagLib.cpp ..\Metadata\XTIFF.cpp ..\FreeImageToolkit\Background.cpp ..\FreeImageToolkit\BSplineRotate.cpp ..\FreeImageToolkit\Channels.cpp ..\FreeImageToolkit\ClassicRotate.cpp ..\FreeImageToolkit\Colors.cpp ..\FreeImageToolkit\CopyPaste.cpp ..\FreeImageToolkit\Display.cpp ..\FreeImageToolkit\Flip.cpp ..\FreeImageToolkit\JPEGTransform.cpp ..\FreeImageToolkit\MultigridPoissonSolver.cpp ..\FreeImageToolkit\Rescale.cpp ..\FreeImageToolkit\Resize.cpp
         BitmapAccess.cpp
         ColorLookup.cpp
         FreeImage.cpp
         FreeImageIO.cpp
         GetType.cpp
         MemoryIO.cpp
         PixelAccess.cpp
         NNQuantizer.cpp
         WuQuantizer.cpp
         Conversion.cpp
         Conversion16_555.cpp
         Conversion16_565.cpp
         Conversion24.cpp
         Conversion32.cpp
         Conversion4.cpp
         Conversion8.cpp
         ConversionFloat.cpp
         ConversionRGB16.cpp
         ConversionRGBF.cpp
         ConversionType.cpp
         Компиляция...
         ConversionUINT16.cpp
         Halftoning.cpp
         tmoColorConvert.cpp
     0>MSBUILD : error MSB4166: Child node "2" exited prematurely. Shutting down. Diagnostic information may be found in files in the temporary files directory named MSBuild_*.failure.txt.
     0>MSBUILD : error MSB4166: Child node "4" exited prematurely. Shutting down. Diagnostic information may be found in files in the temporary files directory named MSBuild_*.failure.txt.
     0>MSBUILD : error MSB4166: Child node "3" exited prematurely. Shutting down. Diagnostic information may be found in files in the temporary files directory named MSBuild_*.failure.txt.
