e:\staged\visual\m_vs\vs10\debug\vc140.pdb
e:\staged\visual\m_vs\vs10\debug\vc140.idb
e:\staged\visual\m_vs\vs10\debug\shadergl.obj
e:\staged\visual\m_vs\vs10\debug\texteditor.obj
e:\staged\visual\m_vs\vs10\debug\sound_system.obj
e:\staged\visual\m_vs\vs10\debug\application.obj
e:\staged\visual\m_vs\vs10\debug\keyanalyzer.obj
e:\staged\visual\m_vs\vs10\debug\main.obj
e:\staged\visual\m_vs\vs10\debug\xmlfile.obj
e:\staged\visual\m_vs\vs10\debug\scene1.obj
e:\staged\visual\m_vs\vs10\debug\math.obj
e:\staged\visual\m_vs\vs10\debug\helper.obj
e:\staged\visual\m_vs\vs10\debug\strings.obj
e:\staged\visual\m_vs\vs10\debug\tinyxml.obj
e:\staged\visual\m_vs\vs10\debug\tinyxmlerror.obj
e:\staged\visual\m_vs\vs10\debug\tinyxmlparser.obj
e:\staged\visual\m_vs\vs10\debug\livecoder.pdb
e:\staged\visual\m_vs\vs10\debug\settings.xml
e:\staged\visual\m_vs\vs10\debug\livecoder.tlog\cl.command.1.tlog
e:\staged\visual\m_vs\vs10\debug\livecoder.tlog\cl.read.1.tlog
e:\staged\visual\m_vs\vs10\debug\livecoder.tlog\cl.write.1.tlog
e:\staged\visual\m_vs\vs10\debug\livecoder.tlog\link.13748-cvtres.read.1.tlog
e:\staged\visual\m_vs\vs10\debug\livecoder.tlog\link.13748-cvtres.write.1.tlog
e:\staged\visual\m_vs\vs10\debug\livecoder.tlog\link.13748-rc.read.1.tlog
e:\staged\visual\m_vs\vs10\debug\livecoder.tlog\link.13748-rc.write.1.tlog
e:\staged\visual\m_vs\vs10\debug\livecoder.tlog\link.13748.read.1.tlog
e:\staged\visual\m_vs\vs10\debug\livecoder.tlog\link.13748.write.1.tlog
e:\staged\visual\m_vs\vs10\debug\livecoder.tlog\link.command.1.tlog
e:\staged\visual\m_vs\vs10\debug\livecoder.tlog\link.read.1.tlog
e:\staged\visual\m_vs\vs10\debug\livecoder.tlog\link.write.1.tlog
