Build started 28.05.2015 19:28:06.
     1>Project "D:\wbox\libs\FreeImage3160\Source\OpenEXR\OpenEXR.2008.vcxproj" on node 3 (Build target(s)).
       Project file contains ToolsVersion="12.0". This toolset may be unknown or missing, in which case you may be able to resolve this by installing the appropriate version of MSBuild, or the build may have been forced to a particular ToolsVersion for policy reasons. Treating the project as if it had ToolsVersion="4.0". For more information, please see http://go.microsoft.com/fwlink/?LinkId=291333.
     1>ClCompile:
         C:\Program Files (x86)\Microsoft Visual Studio 11.0\VC\bin\CL.exe /c /I./ /I./IlmImf /I./Imath /I./Iex /I./Half /I./IlmThread /I../ZLib /Zi /nologo /W3 /WX- /O2 /Ob2 /Oi /Ot /Oy /D WIN32 /D NDEBUG /D _LIB /D _CRT_SECURE_NO_DEPRECATE /D _VC80_UPGRADE=0x0710 /D _MBCS /GF /Gm- /EHsc /MT /GS /Gy- /fp:precise /Zc:wchar_t /Zc:forScope /GR /Fo".\Release/" /Fd".\Release/vc110.pdb" /Gd /TP /wd4290 /analyze- /errorReport:prompt IlmImf\ImfAttribute.cpp IlmImf\ImfB44Compressor.cpp IlmImf\ImfBoxAttribute.cpp IlmImf\ImfChannelList.cpp IlmImf\ImfChannelListAttribute.cpp IlmImf\ImfChromaticities.cpp IlmImf\ImfChromaticitiesAttribute.cpp IlmImf\ImfCompressionAttribute.cpp IlmImf\ImfCompressor.cpp IlmImf\ImfConvert.cpp IlmImf\ImfCRgbaFile.cpp IlmImf\ImfDoubleAttribute.cpp IlmImf\ImfEnvmap.cpp IlmImf\ImfEnvmapAttribute.cpp IlmImf\ImfFloatAttribute.cpp IlmImf\ImfFrameBuffer.cpp IlmImf\ImfFramesPerSecond.cpp IlmImf\ImfHeader.cpp IlmImf\ImfHuf.cpp IlmImf\ImfInputFile.cpp IlmImf\ImfIntAttribute.cpp IlmImf\ImfIO.cpp IlmImf\ImfKeyCode.cpp IlmImf\ImfKeyCodeAttribute.cpp IlmImf\ImfLineOrderAttribute.cpp IlmImf\ImfLut.cpp IlmImf\ImfMatrixAttribute.cpp IlmImf\ImfMisc.cpp IlmImf\ImfOpaqueAttribute.cpp IlmImf\ImfOutputFile.cpp IlmImf\ImfPizCompressor.cpp IlmImf\ImfPreviewImage.cpp IlmImf\ImfPreviewImageAttribute.cpp IlmImf\ImfPxr24Compressor.cpp IlmImf\ImfRational.cpp IlmImf\ImfRationalAttribute.cpp IlmImf\ImfRgbaFile.cpp IlmImf\ImfRgbaYca.cpp IlmImf\ImfRleCompressor.cpp IlmImf\ImfScanLineInputFile.cpp IlmImf\ImfStandardAttributes.cpp IlmImf\ImfStdIO.cpp IlmImf\ImfStringAttribute.cpp IlmImf\ImfStringVectorAttribute.cpp IlmImf\ImfTestFile.cpp IlmImf\ImfThreading.cpp IlmImf\ImfTileDescriptionAttribute.cpp IlmImf\ImfTiledInputFile.cpp IlmImf\ImfTiledMisc.cpp IlmImf\ImfTiledOutputFile.cpp IlmImf\ImfTiledRgbaFile.cpp IlmImf\ImfTileOffsets.cpp IlmImf\ImfTimeCode.cpp IlmImf\ImfTimeCodeAttribute.cpp IlmImf\ImfVecAttribute.cpp IlmImf\ImfVersion.cpp IlmImf\ImfWav.cpp IlmImf\ImfZipCompressor.cpp Imath\ImathBox.cpp Imath\ImathColorAlgo.cpp Imath\ImathFun.cpp Imath\ImathMatrixAlgo.cpp Imath\ImathRandom.cpp Imath\ImathShear.cpp Imath\ImathVec.cpp Iex\IexBaseExc.cpp Iex\IexThrowErrnoExc.cpp Half\half.cpp IlmThread\IlmThread.cpp IlmThread\IlmThreadMutex.cpp IlmThread\IlmThreadPool.cpp IlmThread\IlmThreadSemaphore.cpp
         ImfAttribute.cpp
         ImfB44Compressor.cpp
     1>IlmImf\ImfB44Compressor.cpp(323): warning C4244: =: преобразование "unsigned short" в "unsigned char", возможна потеря данных
     1>IlmImf\ImfB44Compressor.cpp(344): warning C4244: =: преобразование "unsigned short" в "unsigned char", возможна потеря данных
     1>D:\wbox\libs\FreeImage3160\Source\OpenEXR\IlmImf\ImfCheckedArithmetic.h(65): warning C4101: staticAssertionFailed: неиспользованная локальная переменная
                 IlmImf\ImfB44Compressor.cpp(492): см. ссылку на создание экземпляров функции шаблон при компиляции "T Imf::uiMult<size_t>(T,T)"
                 with
                 [
                     T=size_t
                 ]
     1>D:\wbox\libs\FreeImage3160\Source\OpenEXR\IlmImf\ImfCheckedArithmetic.h(147): warning C4101: staticAssertionFailed: неиспользованная локальная переменная
                 IlmImf\ImfB44Compressor.cpp(493): см. ссылку на создание экземпляров функции шаблон при компиляции "size_t Imf::checkArraySize<T>(T,size_t)"
                 with
                 [
                     T=size_t
                 ]
     1>D:\wbox\libs\FreeImage3160\Source\OpenEXR\IlmImf\ImfCheckedArithmetic.h(150): warning C4101: staticAssertionFailed: неиспользованная локальная переменная
     1>D:\wbox\libs\FreeImage3160\Source\OpenEXR\IlmImf\ImfCheckedArithmetic.h(101): warning C4101: staticAssertionFailed: неиспользованная локальная переменная
                 IlmImf\ImfB44Compressor.cpp(516): см. ссылку на создание экземпляров функции шаблон при компиляции "T Imf::uiAdd<T>(T,T)"
                 with
                 [
                     T=size_t
                 ]
         ImfBoxAttribute.cpp
         ImfChannelList.cpp
         ImfChannelListAttribute.cpp
         ImfChromaticities.cpp
         ImfChromaticitiesAttribute.cpp
         ImfCompressionAttribute.cpp
         ImfCompressor.cpp
     1>D:\wbox\libs\FreeImage3160\Source\OpenEXR\IlmImf\ImfCheckedArithmetic.h(65): warning C4101: staticAssertionFailed: неиспользованная локальная переменная
                 IlmImf\ImfCompressor.cpp(162): см. ссылку на создание экземпляров функции шаблон при компиляции "T Imf::uiMult<size_t>(T,T)"
                 with
                 [
                     T=size_t
                 ]
         ImfConvert.cpp
     1>IlmImf\ImfConvert.cpp(119): warning C4244: аргумент: преобразование "unsigned int" в "float", возможна потеря данных
         ImfCRgbaFile.cpp
     1>IlmImf\ImfCRgbaFile.cpp(292): warning C4244: =: преобразование "const int" в "float", возможна потеря данных
     1>IlmImf\ImfCRgbaFile.cpp(293): warning C4244: =: преобразование "const int" в "float", возможна потеря данных
         ImfDoubleAttribute.cpp
         ImfEnvmap.cpp
     1>IlmImf\ImfEnvmap.cpp(77): warning C4244: =: преобразование "double" в "float", возможна потеря данных
     1>IlmImf\ImfEnvmap.cpp(88): warning C4244: =: преобразование "double" в "float", возможна потеря данных
     1>IlmImf\ImfEnvmap.cpp(102): warning C4244: инициализация: преобразование "double" в "float", возможна потеря данных
     1>IlmImf\ImfEnvmap.cpp(103): warning C4244: инициализация: преобразование "double" в "float", возможна потеря данных
         ImfEnvmapAttribute.cpp
         ImfFloatAttribute.cpp
         ImfFrameBuffer.cpp
         ImfFramesPerSecond.cpp
         ImfHeader.cpp
     1>IlmImf\ImfHeader.cpp(715): warning C4018: <: несоответствие типов со знаком и без знака
     1>IlmImf\ImfHeader.cpp(722): warning C4018: <: несоответствие типов со знаком и без знака
         ImfHuf.cpp
     1>IlmImf\ImfHuf.cpp(168): warning C4244: =: преобразование "Imath::Int64" в "char", возможна потеря данных
     1>IlmImf\ImfHuf.cpp(247): warning C4244: инициализация: преобразование "Imath::Int64" в "int", возможна потеря данных
     1>IlmImf\ImfHuf.cpp(478): warning C4244: инициализация: преобразование "Imath::Int64" в "int", возможна потеря данных
     1>IlmImf\ImfHuf.cpp(547): warning C4244: инициализация: преобразование "Imath::Int64" в "int", возможна потеря данных
     1>IlmImf\ImfHuf.cpp(559): warning C4244: инициализация: преобразование "Imath::Int64" в "int", возможна потеря данных
     1>IlmImf\ImfHuf.cpp(618): warning C4244: инициализация: преобразование "Imath::Int64" в "int", возможна потеря данных
     1>IlmImf\ImfHuf.cpp(721): warning C4244: аргумент: преобразование "Imath::Int64" в "int", возможна потеря данных
     1>IlmImf\ImfHuf.cpp(889): warning C4244: инициализация: преобразование "Imath::Int64" в "unsigned char", возможна потеря данных
     1>IlmImf\ImfHuf.cpp(904): warning C4244: инициализация: преобразование "Imath::Int64" в "int", возможна потеря данных
     1>IlmImf\ImfHuf.cpp(919): warning C4244: инициализация: преобразование "Imath::Int64" в "unsigned char", возможна потеря данных
     1>IlmImf\ImfHuf.cpp(946): warning C4244: инициализация: преобразование "Imath::Int64" в "unsigned char", возможна потеря данных
         ImfInputFile.cpp
     1>IlmImf\ImfInputFile.cpp(296): warning C4018: <: несоответствие типов со знаком и без знака
         Создание кода...
         Компиляция...
         ImfIntAttribute.cpp
         ImfIO.cpp
         ImfKeyCode.cpp
         ImfKeyCodeAttribute.cpp
         ImfLineOrderAttribute.cpp
         ImfLut.cpp
     1>IlmImf\ImfLut.cpp(155): warning C4244: инициализация: преобразование "double" в "const float", возможна потеря данных
     1>IlmImf\ImfLut.cpp(173): warning C4244: аргумент: преобразование "double" в "float", возможна потеря данных
         ImfMatrixAttribute.cpp
         ImfMisc.cpp
     1>IlmImf\ImfMisc.cpp(141): warning C4018: <: несоответствие типов со знаком и без знака
     1>IlmImf\ImfMisc.cpp(221): warning C4244: аргумент: преобразование "double" в "float", возможна потеря данных
     1>IlmImf\ImfMisc.cpp(567): warning C4018: <: несоответствие типов со знаком и без знака
     1>IlmImf\ImfMisc.cpp(576): warning C4018: <: несоответствие типов со знаком и без знака
     1>IlmImf\ImfMisc.cpp(585): warning C4018: <: несоответствие типов со знаком и без знака
     1>IlmImf\ImfMisc.cpp(717): warning C4018: <: несоответствие типов со знаком и без знака
     1>IlmImf\ImfMisc.cpp(724): warning C4018: <: несоответствие типов со знаком и без знака
     1>IlmImf\ImfMisc.cpp(731): warning C4018: <: несоответствие типов со знаком и без знака
     1>IlmImf\ImfMisc.cpp(751): warning C4018: <: несоответствие типов со знаком и без знака
     1>IlmImf\ImfMisc.cpp(762): warning C4018: <: несоответствие типов со знаком и без знака
     1>IlmImf\ImfMisc.cpp(771): warning C4018: <: несоответствие типов со знаком и без знака
         ImfOpaqueAttribute.cpp
         ImfOutputFile.cpp
     1>IlmImf\ImfOutputFile.cpp(1110): warning C4018: <: несоответствие типов со знаком и без знака
         ImfPizCompressor.cpp
     1>D:\wbox\libs\FreeImage3160\Source\OpenEXR\IlmImf\ImfCheckedArithmetic.h(65): warning C4101: staticAssertionFailed: неиспользованная локальная переменная
                 IlmImf\ImfPizCompressor.cpp(186): см. ссылку на создание экземпляров функции шаблон при компиляции "T Imf::uiMult<size_t>(T,T)"
                 with
                 [
                     T=size_t
                 ]
     1>D:\wbox\libs\FreeImage3160\Source\OpenEXR\IlmImf\ImfCheckedArithmetic.h(101): warning C4101: staticAssertionFailed: неиспользованная локальная переменная
                 IlmImf\ImfPizCompressor.cpp(190): см. ссылку на создание экземпляров функции шаблон при компиляции "T Imf::uiAdd<T>(T,T)"
                 with
                 [
                     T=size_t
                 ]
     1>D:\wbox\libs\FreeImage3160\Source\OpenEXR\IlmImf\ImfCheckedArithmetic.h(147): warning C4101: staticAssertionFailed: неиспользованная локальная переменная
                 IlmImf\ImfPizCompressor.cpp(193): см. ссылку на создание экземпляров функции шаблон при компиляции "size_t Imf::checkArraySize<size_t>(T,size_t)"
                 with
                 [
                     T=size_t
                 ]
     1>D:\wbox\libs\FreeImage3160\Source\OpenEXR\IlmImf\ImfCheckedArithmetic.h(150): warning C4101: staticAssertionFailed: неиспользованная локальная переменная
         ImfPreviewImage.cpp
     1>D:\wbox\libs\FreeImage3160\Source\OpenEXR\IlmImf\ImfCheckedArithmetic.h(65): warning C4101: staticAssertionFailed: неиспользованная локальная переменная
                 IlmImf\ImfPreviewImage.cpp(56): см. ссылку на создание экземпляров функции шаблон при компиляции "T Imf::uiMult<unsigned int>(T,T)"
                 with
                 [
                     T=unsigned int
                 ]
     1>D:\wbox\libs\FreeImage3160\Source\OpenEXR\IlmImf\ImfCheckedArithmetic.h(147): warning C4101: staticAssertionFailed: неиспользованная локальная переменная
                 IlmImf\ImfPreviewImage.cpp(56): см. ссылку на создание экземпляров функции шаблон при компиляции "size_t Imf::checkArraySize<T>(T,size_t)"
                 with
                 [
                     T=unsigned int
                 ]
     1>D:\wbox\libs\FreeImage3160\Source\OpenEXR\IlmImf\ImfCheckedArithmetic.h(150): warning C4101: staticAssertionFailed: неиспользованная локальная переменная
         ImfPreviewImageAttribute.cpp
         ImfPxr24Compressor.cpp
     1>IlmImf\ImfPxr24Compressor.cpp(468): warning C4018: >: несоответствие типов со знаком и без знака
     1>IlmImf\ImfPxr24Compressor.cpp(494): warning C4018: >: несоответствие типов со знаком и без знака
     1>IlmImf\ImfPxr24Compressor.cpp(518): warning C4018: >: несоответствие типов со знаком и без знака
     1>IlmImf\ImfPxr24Compressor.cpp(543): warning C4018: <: несоответствие типов со знаком и без знака
     1>D:\wbox\libs\FreeImage3160\Source\OpenEXR\IlmImf\ImfCheckedArithmetic.h(65): warning C4101: staticAssertionFailed: неиспользованная локальная переменная
                 IlmImf\ImfPxr24Compressor.cpp(191): см. ссылку на создание экземпляров функции шаблон при компиляции "T Imf::uiMult<size_t>(T,T)"
                 with
                 [
                     T=size_t
                 ]
     1>D:\wbox\libs\FreeImage3160\Source\OpenEXR\IlmImf\ImfCheckedArithmetic.h(101): warning C4101: staticAssertionFailed: неиспользованная локальная переменная
                 IlmImf\ImfPxr24Compressor.cpp(195): см. ссылку на создание экземпляров функции шаблон при компиляции "T Imf::uiAdd<size_t>(T,T)"
                 with
                 [
                     T=size_t
                 ]
         ImfRational.cpp
         ImfRationalAttribute.cpp
         ImfRgbaFile.cpp
         ImfRgbaYca.cpp
         ImfRleCompressor.cpp
     1>D:\wbox\libs\FreeImage3160\Source\OpenEXR\IlmImf\ImfCheckedArithmetic.h(65): warning C4101: staticAssertionFailed: неиспользованная локальная переменная
                 IlmImf\ImfRleCompressor.cpp(169): см. ссылку на создание экземпляров функции шаблон при компиляции "T Imf::uiMult<size_t>(T,T)"
                 with
                 [
                     T=size_t
                 ]
         ImfScanLineInputFile.cpp
     1>IlmImf\ImfScanLineInputFile.cpp(964): warning C4018: <: несоответствие типов со знаком и без знака
         Создание кода...
         Компиляция...
         ImfStandardAttributes.cpp
         ImfStdIO.cpp
         ImfStringAttribute.cpp
         ImfStringVectorAttribute.cpp
         ImfTestFile.cpp
         ImfThreading.cpp
         ImfTileDescriptionAttribute.cpp
         ImfTiledInputFile.cpp
     1>IlmImf\ImfTiledInputFile.cpp(1029): warning C4018: <: несоответствие типов со знаком и без знака
         ImfTiledMisc.cpp
         ImfTiledOutputFile.cpp
     1>IlmImf\ImfTiledOutputFile.cpp(1270): warning C4018: <: несоответствие типов со знаком и без знака
     1>IlmImf\ImfTiledOutputFile.cpp(1386): warning C4018: <: несоответствие типов со знаком и без знака
     1>IlmImf\ImfTiledOutputFile.cpp(1393): warning C4018: <: несоответствие типов со знаком и без знака
     1>IlmImf\ImfTiledOutputFile.cpp(1394): warning C4018: <: несоответствие типов со знаком и без знака
         ImfTiledRgbaFile.cpp
         ImfTileOffsets.cpp
     1>IlmImf\ImfTileOffsets.cpp(80): warning C4018: <: несоответствие типов со знаком и без знака
     1>IlmImf\ImfTileOffsets.cpp(82): warning C4018: <: несоответствие типов со знаком и без знака
     1>IlmImf\ImfTileOffsets.cpp(262): warning C4018: >: несоответствие типов со знаком и без знака
     1>IlmImf\ImfTileOffsets.cpp(263): warning C4018: >: несоответствие типов со знаком и без знака
     1>IlmImf\ImfTileOffsets.cpp(274): warning C4018: >: несоответствие типов со знаком и без знака
     1>IlmImf\ImfTileOffsets.cpp(275): warning C4018: >: несоответствие типов со знаком и без знака
     1>IlmImf\ImfTileOffsets.cpp(276): warning C4018: >: несоответствие типов со знаком и без знака
     1>IlmImf\ImfTileOffsets.cpp(287): warning C4018: >: несоответствие типов со знаком и без знака
     1>IlmImf\ImfTileOffsets.cpp(288): warning C4018: >: несоответствие типов со знаком и без знака
     1>IlmImf\ImfTileOffsets.cpp(289): warning C4018: >: несоответствие типов со знаком и без знака
         ImfTimeCode.cpp
     1>IlmImf\ImfTimeCode.cpp(236): warning C4800: unsigned int: принудительно задано логическое значение "true" или "false" (предупреждение о производительности)
     1>IlmImf\ImfTimeCode.cpp(250): warning C4800: unsigned int: принудительно задано логическое значение "true" или "false" (предупреждение о производительности)
     1>IlmImf\ImfTimeCode.cpp(264): warning C4800: unsigned int: принудительно задано логическое значение "true" или "false" (предупреждение о производительности)
     1>IlmImf\ImfTimeCode.cpp(278): warning C4800: unsigned int: принудительно задано логическое значение "true" или "false" (предупреждение о производительности)
     1>IlmImf\ImfTimeCode.cpp(292): warning C4800: unsigned int: принудительно задано логическое значение "true" или "false" (предупреждение о производительности)
     1>IlmImf\ImfTimeCode.cpp(306): warning C4800: unsigned int: принудительно задано логическое значение "true" или "false" (предупреждение о производительности)
         ImfTimeCodeAttribute.cpp
         ImfVecAttribute.cpp
         ImfVersion.cpp
         ImfWav.cpp
         ImfZipCompressor.cpp
     1>D:\wbox\libs\FreeImage3160\Source\OpenEXR\IlmImf\ImfCheckedArithmetic.h(65): warning C4101: staticAssertionFailed: неиспользованная локальная переменная
                 IlmImf\ImfZipCompressor.cpp(64): см. ссылку на создание экземпляров функции шаблон при компиляции "T Imf::uiMult<size_t>(T,T)"
                 with
                 [
                     T=size_t
                 ]
     1>D:\wbox\libs\FreeImage3160\Source\OpenEXR\IlmImf\ImfCheckedArithmetic.h(101): warning C4101: staticAssertionFailed: неиспользованная локальная переменная
                 IlmImf\ImfZipCompressor.cpp(68): см. ссылку на создание экземпляров функции шаблон при компиляции "T Imf::uiAdd<size_t>(T,T)"
                 with
                 [
                     T=size_t
                 ]
         ImathBox.cpp
         ImathColorAlgo.cpp
         Создание кода...
         Компиляция...
         ImathFun.cpp
         ImathMatrixAlgo.cpp
     1>Imath\ImathMatrixAlgo.cpp(121): warning C4018: <: несоответствие типов со знаком и без знака
                 Imath\ImathMatrixAlgo.cpp(257): см. ссылку на создание экземпляров функции шаблон при компиляции "Imath::M44d Imath::procrustesRotationAndTranslation<double>(const Imath::V3d *,const Imath::V3d *,const double *,const size_t,const bool)"
     1>Imath\ImathMatrixAlgo.cpp(130): warning C4018: <: несоответствие типов со знаком и без знака
     1>Imath\ImathMatrixAlgo.cpp(158): warning C4018: <: несоответствие типов со знаком и без знака
     1>Imath\ImathMatrixAlgo.cpp(163): warning C4018: <: несоответствие типов со знаком и без знака
     1>Imath\ImathMatrixAlgo.cpp(203): warning C4018: <: несоответствие типов со знаком и без знака
     1>Imath\ImathMatrixAlgo.cpp(208): warning C4018: <: несоответствие типов со знаком и без знака
         ImathRandom.cpp
         ImathShear.cpp
         ImathVec.cpp
         IexBaseExc.cpp
         IexThrowErrnoExc.cpp
         half.cpp
         IlmThread.cpp
         IlmThreadMutex.cpp
         IlmThreadPool.cpp
         IlmThreadSemaphore.cpp
         Создание кода...
     1>d:\wbox\libs\freeimage3160\source\openexr\ilmthread\ilmthread.cpp(68): warning C4722: IlmThread::Thread::~Thread: деструктор не возвращает ресурсы, возможна утечка памяти
       Lib:
         C:\Program Files (x86)\Microsoft Visual Studio 11.0\VC\bin\Lib.exe /OUT:".\Release\OpenEXR.lib" /NOLOGO .\Release/ImfAttribute.obj
         .\Release/ImfB44Compressor.obj
         .\Release/ImfBoxAttribute.obj
         .\Release/ImfChannelList.obj
         .\Release/ImfChannelListAttribute.obj
         .\Release/ImfChromaticities.obj
         .\Release/ImfChromaticitiesAttribute.obj
         .\Release/ImfCompressionAttribute.obj
         .\Release/ImfCompressor.obj
         .\Release/ImfConvert.obj
         .\Release/ImfCRgbaFile.obj
         .\Release/ImfDoubleAttribute.obj
         .\Release/ImfEnvmap.obj
         .\Release/ImfEnvmapAttribute.obj
         .\Release/ImfFloatAttribute.obj
         .\Release/ImfFrameBuffer.obj
         .\Release/ImfFramesPerSecond.obj
         .\Release/ImfHeader.obj
         .\Release/ImfHuf.obj
         .\Release/ImfInputFile.obj
         .\Release/ImfIntAttribute.obj
         .\Release/ImfIO.obj
         .\Release/ImfKeyCode.obj
         .\Release/ImfKeyCodeAttribute.obj
         .\Release/ImfLineOrderAttribute.obj
         .\Release/ImfLut.obj
         .\Release/ImfMatrixAttribute.obj
         .\Release/ImfMisc.obj
         .\Release/ImfOpaqueAttribute.obj
         .\Release/ImfOutputFile.obj
         .\Release/ImfPizCompressor.obj
         .\Release/ImfPreviewImage.obj
         .\Release/ImfPreviewImageAttribute.obj
         .\Release/ImfPxr24Compressor.obj
         .\Release/ImfRational.obj
         .\Release/ImfRationalAttribute.obj
         .\Release/ImfRgbaFile.obj
         .\Release/ImfRgbaYca.obj
         .\Release/ImfRleCompressor.obj
         .\Release/ImfScanLineInputFile.obj
         .\Release/ImfStandardAttributes.obj
         .\Release/ImfStdIO.obj
         .\Release/ImfStringAttribute.obj
         .\Release/ImfStringVectorAttribute.obj
         .\Release/ImfTestFile.obj
         .\Release/ImfThreading.obj
         .\Release/ImfTileDescriptionAttribute.obj
         .\Release/ImfTiledInputFile.obj
         .\Release/ImfTiledMisc.obj
         .\Release/ImfTiledOutputFile.obj
         .\Release/ImfTiledRgbaFile.obj
         .\Release/ImfTileOffsets.obj
         .\Release/ImfTimeCode.obj
         .\Release/ImfTimeCodeAttribute.obj
         .\Release/ImfVecAttribute.obj
         .\Release/ImfVersion.obj
         .\Release/ImfWav.obj
         .\Release/ImfZipCompressor.obj
         .\Release/ImathBox.obj
         .\Release/ImathColorAlgo.obj
         .\Release/ImathFun.obj
         .\Release/ImathMatrixAlgo.obj
         .\Release/ImathRandom.obj
         .\Release/ImathShear.obj
         .\Release/ImathVec.obj
         .\Release/IexBaseExc.obj
         .\Release/IexThrowErrnoExc.obj
         .\Release/half.obj
         .\Release/IlmThread.obj
         .\Release/IlmThreadMutex.obj
         .\Release/IlmThreadPool.obj
         .\Release/IlmThreadSemaphore.obj
     1>ImathShear.obj : warning LNK4221: ▌ЄюЄ Їрщы юс·хъЄр эх юяЁхфхы хЄ ъръшх-ышсю Ёрэхх эхюяЁхфхыхээ√х юЄъЁ√Є√х ёшьтюы√, яю¤Єюьє юэ эх сєфхЄ шёяюы№чютрЄ№ё  эшъръшьш юяхЁрЎш ьш ъюьяюэютъш, юсЁр∙р■∙шьшё  ъ ¤Єющ сшсышюЄхъх
     1>ImathBox.obj : warning LNK4221: ▌ЄюЄ Їрщы юс·хъЄр эх юяЁхфхы хЄ ъръшх-ышсю Ёрэхх эхюяЁхфхыхээ√х юЄъЁ√Є√х ёшьтюы√, яю¤Єюьє юэ эх сєфхЄ шёяюы№чютрЄ№ё  эшъръшьш юяхЁрЎш ьш ъюьяюэютъш, юсЁр∙р■∙шьшё  ъ ¤Єющ сшсышюЄхъх
         OpenEXR.2008.vcxproj -> D:\wbox\libs\FreeImage3160\Source\OpenEXR\.\Release\OpenEXR.lib
     1>Done Building Project "D:\wbox\libs\FreeImage3160\Source\OpenEXR\OpenEXR.2008.vcxproj" (Build target(s)).

Build succeeded.

Time Elapsed 00:00:40.47
