Build started 04.06.2015 16:53:35.
     1>Project "D:\wbox\libs\FreeImage3160\Source\LibRawLite\LibRawLite.2008.vcxproj" on node 5 (Rebuild target(s)).
     1>ClCompile:
         C:\Program Files (x86)\Microsoft Visual Studio 12.0\VC\bin\CL.exe /c /I./ /ZI /nologo /W3 /WX- /Od /Oy- /D WIN32 /D _DEBUG /D _LIB /D _CRT_SECURE_NO_WARNINGS /D LIBRAW_NODLL /D _UNICODE /D UNICODE /Gm /EHsc /RTC1 /MDd /GS /fp:precise /Zc:wchar_t /Zc:forScope /Fo"Debug\\" /Fd"Debug\vc120.pdb" /Gd /TP /analyze- /errorReport:prompt internal\dcraw_common.cpp internal\dcraw_fileio.cpp internal\demosaic_packs.cpp src\libraw_c_api.cpp src\libraw_cxx.cpp src\libraw_datastream.cpp
         libraw_datastream.cpp
         libraw_cxx.cpp
     1>d:\wbox\libs\freeimage3160\source\librawlite\src\libraw_cxx.cpp(171): warning C4244: 'argument' : conversion from 'INT64' to 'const int', possible loss of data
     1>d:\wbox\libs\freeimage3160\source\librawlite\src\libraw_cxx.cpp(320): warning C4305: '=' : truncation from 'double' to 'float'
     1>d:\wbox\libs\freeimage3160\source\librawlite\src\libraw_cxx.cpp(980): warning C4996: 'stricmp': The POSIX name for this item is deprecated. Instead, use the ISO C++ conformant name: _stricmp. See online help for details.
                 c:\program files (x86)\microsoft visual studio 12.0\vc\include\string.h(253) : see declaration of 'stricmp'
     1>d:\wbox\libs\freeimage3160\source\librawlite\src\libraw_cxx.cpp(1275): warning C4996: 'stricmp': The POSIX name for this item is deprecated. Instead, use the ISO C++ conformant name: _stricmp. See online help for details.
                 c:\program files (x86)\microsoft visual studio 12.0\vc\include\string.h(253) : see declaration of 'stricmp'
     1>d:\wbox\libs\freeimage3160\source\librawlite\src\libraw_cxx.cpp(1278): warning C4996: 'stricmp': The POSIX name for this item is deprecated. Instead, use the ISO C++ conformant name: _stricmp. See online help for details.
                 c:\program files (x86)\microsoft visual studio 12.0\vc\include\string.h(253) : see declaration of 'stricmp'
     1>d:\wbox\libs\freeimage3160\source\librawlite\src\libraw_cxx.cpp(1423): warning C4804: '<<' : unsafe use of type 'bool' in operation
     1>d:\wbox\libs\freeimage3160\source\librawlite\src\libraw_cxx.cpp(1567): warning C4804: '<<' : unsafe use of type 'bool' in operation
     1>d:\wbox\libs\freeimage3160\source\librawlite\src\libraw_cxx.cpp(1676): warning C4244: '*=' : conversion from 'double' to 'int', possible loss of data
     1>d:\wbox\libs\freeimage3160\source\librawlite\src\libraw_cxx.cpp(1677): warning C4244: '/=' : conversion from 'double' to 'int', possible loss of data
     1>d:\wbox\libs\freeimage3160\source\librawlite\src\libraw_cxx.cpp(1721): warning C4804: '>>' : unsafe use of type 'bool' in operation
     1>d:\wbox\libs\freeimage3160\source\librawlite\src\libraw_cxx.cpp(1758): warning C4804: '>>' : unsafe use of type 'bool' in operation
     1>d:\wbox\libs\freeimage3160\source\librawlite\src\libraw_cxx.cpp(1993): warning C4244: '=' : conversion from 'double' to 'int', possible loss of data
     1>d:\wbox\libs\freeimage3160\source\librawlite\src\libraw_cxx.cpp(2001): warning C4244: 'argument' : conversion from 'float' to 'int', possible loss of data
     1>d:\wbox\libs\freeimage3160\source\librawlite\src\libraw_cxx.cpp(2174): warning C4244: '=' : conversion from 'double' to 'float', possible loss of data
     1>d:\wbox\libs\freeimage3160\source\librawlite\src\libraw_cxx.cpp(2182): warning C4244: '*=' : conversion from 'float' to 'int', possible loss of data
     1>d:\wbox\libs\freeimage3160\source\librawlite\src\libraw_cxx.cpp(2200): warning C4305: 'initializing' : truncation from 'double' to 'float'
     1>d:\wbox\libs\freeimage3160\source\librawlite\src\libraw_cxx.cpp(2232): warning C4244: '=' : conversion from 'double' to 'int', possible loss of data
     1>d:\wbox\libs\freeimage3160\source\librawlite\src\libraw_cxx.cpp(2240): warning C4244: 'argument' : conversion from 'float' to 'int', possible loss of data
     1>d:\wbox\libs\freeimage3160\source\librawlite\src\libraw_cxx.cpp(2356): warning C4996: 'swab': The POSIX name for this item is deprecated. Instead, use the ISO C++ conformant name: _swab. See online help for details.
                 c:\program files (x86)\microsoft visual studio 12.0\vc\include\stdlib.h(944) : see declaration of 'swab'
     1>d:\wbox\libs\freeimage3160\source\librawlite\src\libraw_cxx.cpp(2361): warning C4018: '<' : signed/unsigned mismatch
     1>d:\wbox\libs\freeimage3160\source\librawlite\src\libraw_cxx.cpp(2628): warning C4244: '*=' : conversion from 'float' to 'int', possible loss of data
     1>d:\wbox\libs\freeimage3160\source\librawlite\src\libraw_cxx.cpp(2637): warning C4244: '*=' : conversion from 'float' to 'int', possible loss of data
     1>d:\wbox\libs\freeimage3160\source\librawlite\src\libraw_cxx.cpp(2655): warning C4018: '>' : signed/unsigned mismatch
     1>d:\wbox\libs\freeimage3160\source\librawlite\src\libraw_cxx.cpp(2696): warning C4996: 'stricmp': The POSIX name for this item is deprecated. Instead, use the ISO C++ conformant name: _stricmp. See online help for details.
                 c:\program files (x86)\microsoft visual studio 12.0\vc\include\string.h(253) : see declaration of 'stricmp'
     1>d:\wbox\libs\freeimage3160\source\librawlite\internal\libraw_x3f.cpp(681): warning C4018: '<' : signed/unsigned mismatch
     1>d:\wbox\libs\freeimage3160\source\librawlite\internal\libraw_x3f.cpp(693): warning C4244: '=' : conversion from 'INT64' to 'uint32_t', possible loss of data
     1>d:\wbox\libs\freeimage3160\source\librawlite\internal\libraw_x3f.cpp(801): warning C4018: '<' : signed/unsigned mismatch
     1>d:\wbox\libs\freeimage3160\source\librawlite\internal\libraw_x3f.cpp(854): warning C4018: '<' : signed/unsigned mismatch
     1>d:\wbox\libs\freeimage3160\source\librawlite\internal\libraw_x3f.cpp(979): warning C4018: '<' : signed/unsigned mismatch
     1>d:\wbox\libs\freeimage3160\source\librawlite\internal\libraw_x3f.cpp(1002): warning C4018: '<' : signed/unsigned mismatch
     1>d:\wbox\libs\freeimage3160\source\librawlite\internal\libraw_x3f.cpp(1129): warning C4018: '<' : signed/unsigned mismatch
     1>d:\wbox\libs\freeimage3160\source\librawlite\internal\libraw_x3f.cpp(1134): warning C4018: '<' : signed/unsigned mismatch
     1>d:\wbox\libs\freeimage3160\source\librawlite\internal\libraw_x3f.cpp(1204): warning C4018: '<' : signed/unsigned mismatch
     1>d:\wbox\libs\freeimage3160\source\librawlite\internal\libraw_x3f.cpp(1220): warning C4244: '=' : conversion from 'uint16_t' to 'uint8_t', possible loss of data
     1>d:\wbox\libs\freeimage3160\source\librawlite\internal\libraw_x3f.cpp(1241): warning C4018: '<' : signed/unsigned mismatch
     1>d:\wbox\libs\freeimage3160\source\librawlite\internal\libraw_x3f.cpp(1295): warning C4018: '<' : signed/unsigned mismatch
     1>d:\wbox\libs\freeimage3160\source\librawlite\internal\libraw_x3f.cpp(1312): warning C4244: '=' : conversion from 'uint16_t' to 'uint8_t', possible loss of data
     1>d:\wbox\libs\freeimage3160\source\librawlite\internal\libraw_x3f.cpp(1334): warning C4018: '<' : signed/unsigned mismatch
     1>d:\wbox\libs\freeimage3160\source\librawlite\internal\libraw_x3f.cpp(1361): warning C4244: 'initializing' : conversion from 'INT64' to 'uint32_t', possible loss of data
     1>d:\wbox\libs\freeimage3160\source\librawlite\internal\libraw_x3f.cpp(1390): warning C4018: '<' : signed/unsigned mismatch
     1>d:\wbox\libs\freeimage3160\source\librawlite\internal\libraw_x3f.cpp(1397): warning C4018: '<' : signed/unsigned mismatch
     1>d:\wbox\libs\freeimage3160\source\librawlite\internal\libraw_x3f.cpp(1429): warning C4018: '<' : signed/unsigned mismatch
     1>d:\wbox\libs\freeimage3160\source\librawlite\internal\libraw_x3f.cpp(1464): warning C4018: '<' : signed/unsigned mismatch
     1>d:\wbox\libs\freeimage3160\source\librawlite\internal\libraw_x3f.cpp(1468): warning C4018: '<' : signed/unsigned mismatch
     1>d:\wbox\libs\freeimage3160\source\librawlite\internal\libraw_x3f.cpp(1503): warning C4018: '<' : signed/unsigned mismatch
     1>d:\wbox\libs\freeimage3160\source\librawlite\internal\libraw_x3f.cpp(1582): warning C4018: '<' : signed/unsigned mismatch
     1>d:\wbox\libs\freeimage3160\source\librawlite\internal\libraw_x3f.cpp(1628): warning C4018: '<' : signed/unsigned mismatch
     1>d:\wbox\libs\freeimage3160\source\librawlite\internal\libraw_x3f.cpp(1633): warning C4018: '<' : signed/unsigned mismatch
     1>d:\wbox\libs\freeimage3160\source\librawlite\src\libraw_cxx.cpp(3645): warning C4018: '<' : signed/unsigned mismatch
     1>d:\wbox\libs\freeimage3160\source\librawlite\src\libraw_cxx.cpp(3650): warning C4244: '=' : conversion from 'int' to 'float', possible loss of data
     1>d:\wbox\libs\freeimage3160\source\librawlite\src\libraw_cxx.cpp(3660): warning C4244: '=' : conversion from 'double' to 'float', possible loss of data
     1>d:\wbox\libs\freeimage3160\source\librawlite\src\libraw_cxx.cpp(3662): warning C4244: '=' : conversion from 'double' to 'float', possible loss of data
     1>d:\wbox\libs\freeimage3160\source\librawlite\src\libraw_cxx.cpp(3664): warning C4244: '=' : conversion from 'double' to 'float', possible loss of data
     1>d:\wbox\libs\freeimage3160\source\librawlite\src\libraw_cxx.cpp(3726): warning C4018: '<' : signed/unsigned mismatch
         libraw_c_api.cpp
         demosaic_packs.cpp
     1>d:\wbox\libs\freeimage3160\source\librawlite\internal\wf_filtering.cpp(249): warning C4305: 'initializing' : truncation from 'double' to 'float'
     1>d:\wbox\libs\freeimage3160\source\librawlite\internal\wf_filtering.cpp(256): warning C4305: 'initializing' : truncation from 'double' to 'float'
     1>d:\wbox\libs\freeimage3160\source\librawlite\internal\wf_filtering.cpp(282): warning C4244: '=' : conversion from 'float' to 'long', possible loss of data
     1>d:\wbox\libs\freeimage3160\source\librawlite\internal\wf_filtering.cpp(285): warning C4244: '=' : conversion from 'float' to 'long', possible loss of data
     1>d:\wbox\libs\freeimage3160\source\librawlite\internal\wf_filtering.cpp(292): warning C4244: '=' : conversion from 'float' to 'long', possible loss of data
     1>d:\wbox\libs\freeimage3160\source\librawlite\internal\wf_filtering.cpp(295): warning C4244: '=' : conversion from 'float' to 'long', possible loss of data
     1>d:\wbox\libs\freeimage3160\source\librawlite\internal\wf_filtering.cpp(302): warning C4244: '=' : conversion from 'float' to 'long', possible loss of data
     1>d:\wbox\libs\freeimage3160\source\librawlite\internal\wf_filtering.cpp(360): warning C4244: '*=' : conversion from 'float' to 'long', possible loss of data
     1>d:\wbox\libs\freeimage3160\source\librawlite\internal\wf_filtering.cpp(361): warning C4244: '=' : conversion from 'long' to 'ushort', possible loss of data
     1>d:\wbox\libs\freeimage3160\source\librawlite\internal\wf_filtering.cpp(434): warning C4244: '=' : conversion from 'float' to 'long', possible loss of data
     1>d:\wbox\libs\freeimage3160\source\librawlite\internal\wf_filtering.cpp(449): warning C4244: '=' : conversion from 'double' to 'float', possible loss of data
     1>d:\wbox\libs\freeimage3160\source\librawlite\internal\wf_filtering.cpp(983): warning C4244: '=' : conversion from 'long' to 'ushort', possible loss of data
     1>d:\wbox\libs\freeimage3160\source\librawlite\internal\wf_filtering.cpp(1047): warning C4244: '=' : conversion from 'long' to 'ushort', possible loss of data
     1>d:\wbox\libs\freeimage3160\source\librawlite\internal\wf_filtering.cpp(844): warning C4101: 'src_ca' : unreferenced local variable
     1>d:\wbox\libs\freeimage3160\source\librawlite\internal\wf_filtering.cpp(844): warning C4101: 'dst_ca' : unreferenced local variable
     1>d:\wbox\libs\freeimage3160\source\librawlite\internal\wf_filtering.cpp(1169): warning C4554: '&' : check operator precedence for possible error; use parentheses to clarify precedence
     1>d:\wbox\libs\freeimage3160\source\librawlite\internal\wf_filtering.cpp(1277): warning C4258: 'j' : definition from the for loop is ignored; the definition from the enclosing scope is used
                 d:\wbox\libs\freeimage3160\source\librawlite\internal\wf_filtering.cpp(1198) : definition of 'j' ignored
                 d:\wbox\libs\freeimage3160\source\librawlite\internal\wf_filtering.cpp(1147) : definition of 'j' used
     1>d:\wbox\libs\freeimage3160\source\librawlite\internal\wf_filtering.cpp(1281): warning C4258: 'j' : definition from the for loop is ignored; the definition from the enclosing scope is used
                 d:\wbox\libs\freeimage3160\source\librawlite\internal\wf_filtering.cpp(1198) : definition of 'j' ignored
                 d:\wbox\libs\freeimage3160\source\librawlite\internal\wf_filtering.cpp(1147) : definition of 'j' used
     1>d:\wbox\libs\freeimage3160\source\librawlite\internal\wf_filtering.cpp(1282): warning C4258: 'j' : definition from the for loop is ignored; the definition from the enclosing scope is used
                 d:\wbox\libs\freeimage3160\source\librawlite\internal\wf_filtering.cpp(1198) : definition of 'j' ignored
                 d:\wbox\libs\freeimage3160\source\librawlite\internal\wf_filtering.cpp(1147) : definition of 'j' used
     1>d:\wbox\libs\freeimage3160\source\librawlite\internal\wf_filtering.cpp(1332): warning C4554: '&' : check operator precedence for possible error; use parentheses to clarify precedence
     1>d:\wbox\libs\freeimage3160\source\librawlite\internal\wf_filtering.cpp(1623): warning C4554: '&' : check operator precedence for possible error; use parentheses to clarify precedence
     1>d:\wbox\libs\freeimage3160\source\librawlite\internal\wf_filtering.cpp(1682): warning C4554: '&' : check operator precedence for possible error; use parentheses to clarify precedence
     1>d:\wbox\libs\freeimage3160\source\librawlite\internal\wf_filtering.cpp(1703): warning C4554: '&' : check operator precedence for possible error; use parentheses to clarify precedence
     1>d:\wbox\libs\freeimage3160\source\librawlite\internal\wf_filtering.cpp(1720): warning C4554: '&' : check operator precedence for possible error; use parentheses to clarify precedence
     1>d:\wbox\libs\freeimage3160\source\librawlite\internal\wf_filtering.cpp(1754): warning C4244: '=' : conversion from 'long' to 'ushort', possible loss of data
     1>d:\wbox\libs\freeimage3160\source\librawlite\internal\wf_filtering.cpp(1759): warning C4554: '&' : check operator precedence for possible error; use parentheses to clarify precedence
     1>d:\wbox\libs\freeimage3160\source\librawlite\internal\wf_filtering.cpp(1762): warning C4244: '=' : conversion from 'long' to 'ushort', possible loss of data
     1>d:\wbox\libs\freeimage3160\source\librawlite\internal\wf_filtering.cpp(1798): warning C4554: '&' : check operator precedence for possible error; use parentheses to clarify precedence
     1>d:\wbox\libs\freeimage3160\source\librawlite\internal\wf_filtering.cpp(1857): warning C4554: '&' : check operator precedence for possible error; use parentheses to clarify precedence
     1>d:\wbox\libs\freeimage3160\source\librawlite\internal\wf_filtering.cpp(1878): warning C4554: '&' : check operator precedence for possible error; use parentheses to clarify precedence
     1>d:\wbox\libs\freeimage3160\source\librawlite\internal\wf_filtering.cpp(1895): warning C4554: '&' : check operator precedence for possible error; use parentheses to clarify precedence
     1>d:\wbox\libs\freeimage3160\source\librawlite\internal\wf_filtering.cpp(1929): warning C4244: '=' : conversion from 'long' to 'ushort', possible loss of data
     1>d:\wbox\libs\freeimage3160\source\librawlite\internal\wf_filtering.cpp(1934): warning C4554: '&' : check operator precedence for possible error; use parentheses to clarify precedence
     1>d:\wbox\libs\freeimage3160\source\librawlite\internal\wf_filtering.cpp(1937): warning C4244: '=' : conversion from 'long' to 'ushort', possible loss of data
     1>d:\wbox\libs\freeimage3160\source\librawlite\internal\dht_demosaic.cpp(149): warning C4244: 'initializing' : conversion from 'double' to 'float', possible loss of data
     1>d:\wbox\libs\freeimage3160\source\librawlite\internal\dht_demosaic.cpp(154): warning C4244: 'initializing' : conversion from 'double' to 'float', possible loss of data
     1>d:\wbox\libs\freeimage3160\source\librawlite\internal\dht_demosaic.cpp(637): warning C4305: '/=' : truncation from 'double' to 'float'
     1>d:\wbox\libs\freeimage3160\source\librawlite\internal\dht_demosaic.cpp(638): warning C4305: '*=' : truncation from 'double' to 'float'
     1>d:\wbox\libs\freeimage3160\source\librawlite\internal\dht_demosaic.cpp(674): warning C4244: '=' : conversion from 'int' to 'float', possible loss of data
     1>d:\wbox\libs\freeimage3160\source\librawlite\internal\dht_demosaic.cpp(676): warning C4244: '=' : conversion from 'int' to 'float', possible loss of data
     1>d:\wbox\libs\freeimage3160\source\librawlite\internal\dht_demosaic.cpp(726): warning C4305: '/=' : truncation from 'double' to 'float'
     1>d:\wbox\libs\freeimage3160\source\librawlite\internal\dht_demosaic.cpp(727): warning C4305: '*=' : truncation from 'double' to 'float'
     1>d:\wbox\libs\freeimage3160\source\librawlite\internal\dht_demosaic.cpp(786): warning C4305: '/=' : truncation from 'double' to 'float'
     1>d:\wbox\libs\freeimage3160\source\librawlite\internal\dht_demosaic.cpp(787): warning C4305: '*=' : truncation from 'double' to 'float'
     1>d:\wbox\libs\freeimage3160\source\librawlite\internal\dht_demosaic.cpp(788): warning C4305: '/=' : truncation from 'double' to 'float'
     1>d:\wbox\libs\freeimage3160\source\librawlite\internal\dht_demosaic.cpp(789): warning C4305: '*=' : truncation from 'double' to 'float'
     1>d:\wbox\libs\freeimage3160\source\librawlite\internal\dht_demosaic.cpp(757): warning C4101: 'h2' : unreferenced local variable
     1>d:\wbox\libs\freeimage3160\source\librawlite\internal\dht_demosaic.cpp(757): warning C4101: 'h1' : unreferenced local variable
     1>d:\wbox\libs\freeimage3160\source\librawlite\internal\aahd_demosaic.cpp(56): warning C4244: 'return' : conversion from 'float' to 'int', possible loss of data
     1>d:\wbox\libs\freeimage3160\source\librawlite\internal\aahd_demosaic.cpp(59): warning C4244: 'return' : conversion from 'float' to 'int', possible loss of data
     1>d:\wbox\libs\freeimage3160\source\librawlite\internal\aahd_demosaic.cpp(62): warning C4244: 'return' : conversion from 'float' to 'int', possible loss of data
     1>d:\wbox\libs\freeimage3160\source\librawlite\internal\aahd_demosaic.cpp(294): warning C4244: '=' : conversion from 'float' to 'ushort', possible loss of data
     1>d:\wbox\libs\freeimage3160\source\librawlite\internal\aahd_demosaic.cpp(344): warning C4244: '=' : conversion from 'int' to 'float', possible loss of data
     1>d:\wbox\libs\freeimage3160\source\librawlite\internal\aahd_demosaic.cpp(542): warning C4244: '=' : conversion from 'float' to 'int', possible loss of data
     1>d:\wbox\libs\freeimage3160\source\librawlite\internal\aahd_demosaic.cpp(544): warning C4244: '=' : conversion from 'float' to 'int', possible loss of data
     1>d:\wbox\libs\freeimage3160\source\librawlite\internal\dcb_demosaicing.c(51): warning C4244: '=' : conversion from 'double' to 'float', possible loss of data
     1>d:\wbox\libs\freeimage3160\source\librawlite\internal\dcb_demosaicing.c(65): warning C4244: '=' : conversion from 'double' to 'float', possible loss of data
     1>d:\wbox\libs\freeimage3160\source\librawlite\internal\dcb_demosaicing.c(85): warning C4244: '=' : conversion from 'double' to 'ushort', possible loss of data
     1>d:\wbox\libs\freeimage3160\source\librawlite\internal\dcb_demosaicing.c(91): warning C4244: '=' : conversion from 'double' to 'ushort', possible loss of data
     1>d:\wbox\libs\freeimage3160\source\librawlite\internal\dcb_demosaicing.c(92): warning C4244: '=' : conversion from 'double' to 'ushort', possible loss of data
     1>d:\wbox\libs\freeimage3160\source\librawlite\internal\dcb_demosaicing.c(110): warning C4244: '=' : conversion from 'double' to 'float', possible loss of data
     1>d:\wbox\libs\freeimage3160\source\librawlite\internal\dcb_demosaicing.c(116): warning C4244: '=' : conversion from 'double' to 'float', possible loss of data
     1>d:\wbox\libs\freeimage3160\source\librawlite\internal\dcb_demosaicing.c(117): warning C4244: '=' : conversion from 'double' to 'float', possible loss of data
     1>d:\wbox\libs\freeimage3160\source\librawlite\internal\dcb_demosaicing.c(135): warning C4244: '=' : conversion from 'double' to 'float', possible loss of data
     1>d:\wbox\libs\freeimage3160\source\librawlite\internal\dcb_demosaicing.c(141): warning C4244: '=' : conversion from 'double' to 'float', possible loss of data
     1>d:\wbox\libs\freeimage3160\source\librawlite\internal\dcb_demosaicing.c(142): warning C4244: '=' : conversion from 'double' to 'float', possible loss of data
     1>d:\wbox\libs\freeimage3160\source\librawlite\internal\dcb_demosaicing.c(161): warning C4244: '=' : conversion from 'int' to 'float', possible loss of data
     1>d:\wbox\libs\freeimage3160\source\librawlite\internal\dcb_demosaicing.c(175): warning C4244: '=' : conversion from 'float' to 'ushort', possible loss of data
     1>d:\wbox\libs\freeimage3160\source\librawlite\internal\dcb_demosaicing.c(177): warning C4244: '=' : conversion from 'float' to 'ushort', possible loss of data
     1>d:\wbox\libs\freeimage3160\source\librawlite\internal\dcb_demosaicing.c(203): warning C4244: '=' : conversion from 'float' to 'ushort', possible loss of data
     1>d:\wbox\libs\freeimage3160\source\librawlite\internal\dcb_demosaicing.c(204): warning C4244: '=' : conversion from 'float' to 'ushort', possible loss of data
     1>d:\wbox\libs\freeimage3160\source\librawlite\internal\dcb_demosaicing.c(218): warning C4244: '=' : conversion from 'double' to 'int', possible loss of data
     1>d:\wbox\libs\freeimage3160\source\librawlite\internal\dcb_demosaicing.c(219): warning C4244: '=' : conversion from 'double' to 'int', possible loss of data
     1>d:\wbox\libs\freeimage3160\source\librawlite\internal\dcb_demosaicing.c(220): warning C4244: '=' : conversion from 'double' to 'int', possible loss of data
     1>d:\wbox\libs\freeimage3160\source\librawlite\internal\dcb_demosaicing.c(240): warning C4244: '=' : conversion from 'double' to 'ushort', possible loss of data
     1>d:\wbox\libs\freeimage3160\source\librawlite\internal\dcb_demosaicing.c(260): warning C4244: '=' : conversion from 'int' to 'float', possible loss of data
     1>d:\wbox\libs\freeimage3160\source\librawlite\internal\dcb_demosaicing.c(264): warning C4244: '=' : conversion from 'double' to 'float', possible loss of data
     1>d:\wbox\libs\freeimage3160\source\librawlite\internal\dcb_demosaicing.c(265): warning C4244: '=' : conversion from 'double' to 'float', possible loss of data
     1>d:\wbox\libs\freeimage3160\source\librawlite\internal\dcb_demosaicing.c(266): warning C4244: '=' : conversion from 'double' to 'float', possible loss of data
     1>d:\wbox\libs\freeimage3160\source\librawlite\internal\dcb_demosaicing.c(267): warning C4244: '=' : conversion from 'double' to 'float', possible loss of data
     1>d:\wbox\libs\freeimage3160\source\librawlite\internal\dcb_demosaicing.c(268): warning C4244: '=' : conversion from 'double' to 'float', possible loss of data
     1>d:\wbox\libs\freeimage3160\source\librawlite\internal\dcb_demosaicing.c(269): warning C4244: '=' : conversion from 'double' to 'float', possible loss of data
     1>d:\wbox\libs\freeimage3160\source\librawlite\internal\dcb_demosaicing.c(270): warning C4244: '=' : conversion from 'double' to 'float', possible loss of data
     1>d:\wbox\libs\freeimage3160\source\librawlite\internal\dcb_demosaicing.c(271): warning C4244: '=' : conversion from 'double' to 'float', possible loss of data
     1>d:\wbox\libs\freeimage3160\source\librawlite\internal\dcb_demosaicing.c(277): warning C4244: '=' : conversion from 'double' to 'float', possible loss of data
     1>d:\wbox\libs\freeimage3160\source\librawlite\internal\dcb_demosaicing.c(278): warning C4244: '=' : conversion from 'double' to 'float', possible loss of data
     1>d:\wbox\libs\freeimage3160\source\librawlite\internal\dcb_demosaicing.c(279): warning C4244: '=' : conversion from 'double' to 'float', possible loss of data
     1>d:\wbox\libs\freeimage3160\source\librawlite\internal\dcb_demosaicing.c(280): warning C4244: '=' : conversion from 'double' to 'float', possible loss of data
     1>d:\wbox\libs\freeimage3160\source\librawlite\internal\dcb_demosaicing.c(282): warning C4244: '=' : conversion from 'double' to 'float', possible loss of data
     1>d:\wbox\libs\freeimage3160\source\librawlite\internal\dcb_demosaicing.c(283): warning C4244: '=' : conversion from 'double' to 'float', possible loss of data
     1>d:\wbox\libs\freeimage3160\source\librawlite\internal\dcb_demosaicing.c(284): warning C4244: '=' : conversion from 'double' to 'float', possible loss of data
     1>d:\wbox\libs\freeimage3160\source\librawlite\internal\dcb_demosaicing.c(285): warning C4244: '=' : conversion from 'double' to 'float', possible loss of data
     1>d:\wbox\libs\freeimage3160\source\librawlite\internal\dcb_demosaicing.c(292): warning C4244: '=' : conversion from 'float' to 'ushort', possible loss of data
     1>d:\wbox\libs\freeimage3160\source\librawlite\internal\dcb_demosaicing.c(293): warning C4244: '=' : conversion from 'float' to 'ushort', possible loss of data
     1>d:\wbox\libs\freeimage3160\source\librawlite\internal\dcb_demosaicing.c(253): warning C4101: 'i' : unreferenced local variable
     1>d:\wbox\libs\freeimage3160\source\librawlite\internal\dcb_demosaicing.c(253): warning C4101: 'j' : unreferenced local variable
     1>d:\wbox\libs\freeimage3160\source\librawlite\internal\dcb_demosaicing.c(325): warning C4101: 'current' : unreferenced local variable
     1>d:\wbox\libs\freeimage3160\source\librawlite\internal\dcb_demosaicing.c(325): warning C4101: 'c' : unreferenced local variable
     1>d:\wbox\libs\freeimage3160\source\librawlite\internal\dcb_demosaicing.c(353): warning C4244: '=' : conversion from 'double' to 'ushort', possible loss of data
     1>d:\wbox\libs\freeimage3160\source\librawlite\internal\dcb_demosaicing.c(374): warning C4244: '=' : conversion from 'double' to 'ushort', possible loss of data
     1>d:\wbox\libs\freeimage3160\source\librawlite\internal\dcb_demosaicing.c(365): warning C4101: 'pix' : unreferenced local variable
     1>d:\wbox\libs\freeimage3160\source\librawlite\internal\dcb_demosaicing.c(419): warning C4244: '=' : conversion from 'double' to 'float', possible loss of data
     1>d:\wbox\libs\freeimage3160\source\librawlite\internal\dcb_demosaicing.c(445): warning C4244: '=' : conversion from 'double' to 'float', possible loss of data
     1>d:\wbox\libs\freeimage3160\source\librawlite\internal\dcb_demosaicing.c(448): warning C4244: '=' : conversion from 'double' to 'ushort', possible loss of data
     1>d:\wbox\libs\freeimage3160\source\librawlite\internal\dcb_demosaicing.c(459): warning C4244: '=' : conversion from 'float' to 'ushort', possible loss of data
     1>d:\wbox\libs\freeimage3160\source\librawlite\internal\dcb_demosaicing.c(384): warning C4101: 'tmp' : unreferenced local variable
     1>d:\wbox\libs\freeimage3160\source\librawlite\internal\dcb_demosaicing.c(485): warning C4244: '=' : conversion from 'double' to 'ushort', possible loss of data
     1>d:\wbox\libs\freeimage3160\source\librawlite\internal\dcb_demosaicing.c(486): warning C4244: '=' : conversion from 'double' to 'ushort', possible loss of data
     1>d:\wbox\libs\freeimage3160\source\librawlite\internal\dcb_demosaicing.c(487): warning C4244: '=' : conversion from 'double' to 'ushort', possible loss of data
     1>d:\wbox\libs\freeimage3160\source\librawlite\internal\dcb_demosaicing.c(498): warning C4101: 'pix' : unreferenced local variable
     1>d:\wbox\libs\freeimage3160\source\librawlite\internal\dcb_demosaicing.c(559): warning C4244: '=' : conversion from 'double' to 'float', possible loss of data
     1>d:\wbox\libs\freeimage3160\source\librawlite\internal\dcb_demosaicing.c(560): warning C4244: '=' : conversion from 'double' to 'float', possible loss of data
     1>d:\wbox\libs\freeimage3160\source\librawlite\internal\dcb_demosaicing.c(561): warning C4244: '=' : conversion from 'double' to 'float', possible loss of data
     1>d:\wbox\libs\freeimage3160\source\librawlite\internal\dcb_demosaicing.c(562): warning C4244: '=' : conversion from 'double' to 'float', possible loss of data
     1>d:\wbox\libs\freeimage3160\source\librawlite\internal\dcb_demosaicing.c(564): warning C4244: '=' : conversion from 'double' to 'float', possible loss of data
     1>d:\wbox\libs\freeimage3160\source\librawlite\internal\dcb_demosaicing.c(565): warning C4244: '=' : conversion from 'double' to 'float', possible loss of data
     1>d:\wbox\libs\freeimage3160\source\librawlite\internal\dcb_demosaicing.c(566): warning C4244: '=' : conversion from 'double' to 'float', possible loss of data
     1>d:\wbox\libs\freeimage3160\source\librawlite\internal\dcb_demosaicing.c(567): warning C4244: '=' : conversion from 'double' to 'float', possible loss of data
     1>d:\wbox\libs\freeimage3160\source\librawlite\internal\dcb_demosaicing.c(569): warning C4244: '=' : conversion from 'float' to 'ushort', possible loss of data
     1>d:\wbox\libs\freeimage3160\source\librawlite\internal\dcb_demosaicing.c(552): warning C4101: 'current' : unreferenced local variable
         dcraw_fileio.cpp
         dcraw_common.cpp
     1>d:\wbox\libs\freeimage3160\source\librawlite\internal\dcraw_common.cpp(72): warning C4996: 'strnicmp': The POSIX name for this item is deprecated. Instead, use the ISO C++ conformant name: _strnicmp. See online help for details.
                 c:\program files (x86)\microsoft visual studio 12.0\vc\include\string.h(255) : see declaration of 'strnicmp'
     1>d:\wbox\libs\freeimage3160\source\librawlite\internal\dcraw_common.cpp(149): warning C4996: 'swab': The POSIX name for this item is deprecated. Instead, use the ISO C++ conformant name: _swab. See online help for details.
                 c:\program files (x86)\microsoft visual studio 12.0\vc\include\stdlib.h(944) : see declaration of 'swab'
     1>d:\wbox\libs\freeimage3160\source\librawlite\internal\dcraw_common.cpp(208): warning C4244: '=' : conversion from 'double' to 'int', possible loss of data
     1>d:\wbox\libs\freeimage3160\source\librawlite\internal\dcraw_common.cpp(240): warning C4244: '=' : conversion from 'double' to 'float', possible loss of data
     1>d:\wbox\libs\freeimage3160\source\librawlite\internal\dcraw_common.cpp(265): warning C4244: '=' : conversion from 'double' to 'float', possible loss of data
     1>d:\wbox\libs\freeimage3160\source\librawlite\internal\dcraw_common.cpp(546): warning C4244: '=' : conversion from 'INT64' to 'int', possible loss of data
     1>d:\wbox\libs\freeimage3160\source\librawlite\internal\dcraw_common.cpp(889): warning C4018: '<' : signed/unsigned mismatch
     1>d:\wbox\libs\freeimage3160\source\librawlite\internal\dcraw_common.cpp(906): warning C4244: '=' : conversion from 'INT64' to 'unsigned int', possible loss of data
     1>d:\wbox\libs\freeimage3160\source\librawlite\internal\dcraw_common.cpp(916): warning C4018: '<' : signed/unsigned mismatch
     1>d:\wbox\libs\freeimage3160\source\librawlite\internal\dcraw_common.cpp(959): warning C4018: '<' : signed/unsigned mismatch
     1>d:\wbox\libs\freeimage3160\source\librawlite\internal\dcraw_common.cpp(1150): warning C4146: unary minus operator applied to unsigned type, result still unsigned
     1>d:\wbox\libs\freeimage3160\source\librawlite\internal\dcraw_common.cpp(1176): warning C4018: '<' : signed/unsigned mismatch
     1>d:\wbox\libs\freeimage3160\source\librawlite\internal\dcraw_common.cpp(1195): warning C4018: '<' : signed/unsigned mismatch
     1>d:\wbox\libs\freeimage3160\source\librawlite\internal\dcraw_common.cpp(1258): warning C4018: '<' : signed/unsigned mismatch
     1>d:\wbox\libs\freeimage3160\source\librawlite\internal\dcraw_common.cpp(1260): warning C4018: '<' : signed/unsigned mismatch
     1>d:\wbox\libs\freeimage3160\source\librawlite\internal\dcraw_common.cpp(1261): warning C4244: '=' : conversion from 'double' to 'float', possible loss of data
     1>d:\wbox\libs\freeimage3160\source\librawlite\internal\dcraw_common.cpp(1269): warning C4018: '<' : signed/unsigned mismatch
     1>d:\wbox\libs\freeimage3160\source\librawlite\internal\dcraw_common.cpp(1277): warning C4244: '=' : conversion from 'float' to 'unsigned int', possible loss of data
     1>d:\wbox\libs\freeimage3160\source\librawlite\internal\dcraw_common.cpp(1280): warning C4018: '<' : signed/unsigned mismatch
     1>d:\wbox\libs\freeimage3160\source\librawlite\internal\dcraw_common.cpp(1285): warning C4018: '<' : signed/unsigned mismatch
     1>d:\wbox\libs\freeimage3160\source\librawlite\internal\dcraw_common.cpp(1316): warning C4244: '=' : conversion from 'INT64' to 'unsigned int', possible loss of data
     1>d:\wbox\libs\freeimage3160\source\librawlite\internal\dcraw_common.cpp(1320): warning C4244: '=' : conversion from 'double' to 'float', possible loss of data
     1>d:\wbox\libs\freeimage3160\source\librawlite\internal\dcraw_common.cpp(1324): warning C4244: '=' : conversion from 'float' to 'ushort', possible loss of data
     1>d:\wbox\libs\freeimage3160\source\librawlite\internal\dcraw_common.cpp(1328): warning C4244: '=' : conversion from 'double' to 'float', possible loss of data
     1>d:\wbox\libs\freeimage3160\source\librawlite\internal\dcraw_common.cpp(1332): warning C4244: '=' : conversion from 'float' to 'ushort', possible loss of data
     1>d:\wbox\libs\freeimage3160\source\librawlite\internal\dcraw_common.cpp(1352): warning C4244: '=' : conversion from 'double' to 'ushort', possible loss of data
     1>d:\wbox\libs\freeimage3160\source\librawlite\internal\dcraw_common.cpp(1357): warning C4244: '=' : conversion from 'double' to 'ushort', possible loss of data
     1>d:\wbox\libs\freeimage3160\source\librawlite\internal\dcraw_common.cpp(1378): warning C4244: '=' : conversion from 'INT64' to 'int', possible loss of data
     1>d:\wbox\libs\freeimage3160\source\librawlite\internal\dcraw_common.cpp(1394): warning C4244: '=' : conversion from 'double' to 'float', possible loss of data
     1>d:\wbox\libs\freeimage3160\source\librawlite\internal\dcraw_common.cpp(1401): warning C4244: '=' : conversion from 'float' to 'int', possible loss of data
     1>d:\wbox\libs\freeimage3160\source\librawlite\internal\dcraw_common.cpp(1402): warning C4244: '=' : conversion from 'double' to 'float', possible loss of data
     1>d:\wbox\libs\freeimage3160\source\librawlite\internal\dcraw_common.cpp(1410): warning C4244: '=' : conversion from 'float' to 'int', possible loss of data
     1>d:\wbox\libs\freeimage3160\source\librawlite\internal\dcraw_common.cpp(1449): warning C4244: 'return' : conversion from 'UINT64' to 'unsigned int', possible loss of data
     1>d:\wbox\libs\freeimage3160\source\librawlite\internal\dcraw_common.cpp(1455): warning C4244: '=' : conversion from 'UINT64' to 'unsigned int', possible loss of data
     1>d:\wbox\libs\freeimage3160\source\librawlite\internal\dcraw_common.cpp(1495): warning C4244: '=' : conversion from 'double' to 'ushort', possible loss of data
     1>d:\wbox\libs\freeimage3160\source\librawlite\internal\dcraw_common.cpp(1623): warning C4018: '<' : signed/unsigned mismatch
     1>d:\wbox\libs\freeimage3160\source\librawlite\internal\dcraw_common.cpp(1735): warning C4244: '=' : conversion from 'UINT64' to 'int', possible loss of data
     1>d:\wbox\libs\freeimage3160\source\librawlite\internal\dcraw_common.cpp(2059): warning C4244: '=' : conversion from 'double' to 'ushort', possible loss of data
     1>d:\wbox\libs\freeimage3160\source\librawlite\internal\dcraw_common.cpp(2081): warning C4804: '<=' : unsafe use of type 'bool' in operation
     1>d:\wbox\libs\freeimage3160\source\librawlite\internal\dcraw_common.cpp(2442): warning C4244: '=' : conversion from 'INT64' to 'int', possible loss of data
     1>d:\wbox\libs\freeimage3160\source\librawlite\internal\dcraw_common.cpp(2771): warning C4018: '<' : signed/unsigned mismatch
     1>d:\wbox\libs\freeimage3160\source\librawlite\internal\dcraw_common.cpp(2879): warning C4244: '=' : conversion from 'INT64' to 'unsigned int', possible loss of data
     1>d:\wbox\libs\freeimage3160\source\librawlite\internal\dcraw_common.cpp(2884): warning C4244: '=' : conversion from 'INT64' to 'unsigned int', possible loss of data
     1>d:\wbox\libs\freeimage3160\source\librawlite\internal\dcraw_common.cpp(3115): warning C4244: '=' : conversion from 'double' to 'ushort', possible loss of data
     1>d:\wbox\libs\freeimage3160\source\librawlite\internal\dcraw_common.cpp(3165): warning C4244: '=' : conversion from 'double' to 'float', possible loss of data
     1>d:\wbox\libs\freeimage3160\source\librawlite\internal\dcraw_common.cpp(3177): warning C4244: '=' : conversion from 'double' to 'float', possible loss of data
     1>d:\wbox\libs\freeimage3160\source\librawlite\internal\dcraw_common.cpp(3268): warning C4305: 'initializing' : truncation from 'double' to 'const float'
     1>d:\wbox\libs\freeimage3160\source\librawlite\internal\dcraw_common.cpp(3285): warning C4244: '=' : conversion from 'double' to 'float', possible loss of data
     1>d:\wbox\libs\freeimage3160\source\librawlite\internal\dcraw_common.cpp(3291): warning C4244: '=' : conversion from 'double' to 'float', possible loss of data
     1>d:\wbox\libs\freeimage3160\source\librawlite\internal\dcraw_common.cpp(3296): warning C4244: '=' : conversion from 'double' to 'float', possible loss of data
     1>d:\wbox\libs\freeimage3160\source\librawlite\internal\dcraw_common.cpp(3309): warning C4244: '=' : conversion from 'float' to 'ushort', possible loss of data
     1>d:\wbox\libs\freeimage3160\source\librawlite\internal\dcraw_common.cpp(3313): warning C4244: '=' : conversion from 'double' to 'float', possible loss of data
     1>d:\wbox\libs\freeimage3160\source\librawlite\internal\dcraw_common.cpp(3329): warning C4244: '=' : conversion from 'double' to 'float', possible loss of data
     1>d:\wbox\libs\freeimage3160\source\librawlite\internal\dcraw_common.cpp(3331): warning C4244: '=' : conversion from 'double' to 'float', possible loss of data
     1>d:\wbox\libs\freeimage3160\source\librawlite\internal\dcraw_common.cpp(3335): warning C4244: '=' : conversion from 'double' to 'ushort', possible loss of data
     1>d:\wbox\libs\freeimage3160\source\librawlite\internal\dcraw_common.cpp(3489): warning C4244: '=' : conversion from 'double' to 'float', possible loss of data
     1>d:\wbox\libs\freeimage3160\source\librawlite\internal\dcraw_common.cpp(3490): warning C4244: '=' : conversion from 'float' to 'ushort', possible loss of data
     1>d:\wbox\libs\freeimage3160\source\librawlite\internal\dcraw_common.cpp(3525): warning C4018: '>' : signed/unsigned mismatch
     1>d:\wbox\libs\freeimage3160\source\librawlite\internal\dcraw_common.cpp(3534): warning C4244: '=' : conversion from 'double' to 'float', possible loss of data
     1>d:\wbox\libs\freeimage3160\source\librawlite\internal\dcraw_common.cpp(3572): warning C4244: '/=' : conversion from 'double' to 'float', possible loss of data
     1>d:\wbox\libs\freeimage3160\source\librawlite\internal\dcraw_common.cpp(3572): warning C4244: '=' : conversion from 'double' to 'float', possible loss of data
     1>d:\wbox\libs\freeimage3160\source\librawlite\internal\dcraw_common.cpp(3605): warning C4244: '=' : conversion from 'double' to 'float', possible loss of data
     1>d:\wbox\libs\freeimage3160\source\librawlite\internal\dcraw_common.cpp(3605): warning C4244: '=' : conversion from 'float' to 'unsigned int', possible loss of data
     1>d:\wbox\libs\freeimage3160\source\librawlite\internal\dcraw_common.cpp(3606): warning C4018: '>' : signed/unsigned mismatch
     1>d:\wbox\libs\freeimage3160\source\librawlite\internal\dcraw_common.cpp(3609): warning C4244: '=' : conversion from 'double' to 'float', possible loss of data
     1>d:\wbox\libs\freeimage3160\source\librawlite\internal\dcraw_common.cpp(3609): warning C4244: '=' : conversion from 'float' to 'unsigned int', possible loss of data
     1>d:\wbox\libs\freeimage3160\source\librawlite\internal\dcraw_common.cpp(3610): warning C4018: '>' : signed/unsigned mismatch
     1>d:\wbox\libs\freeimage3160\source\librawlite\internal\dcraw_common.cpp(3615): warning C4244: '=' : conversion from 'float' to 'ushort', possible loss of data
     1>d:\wbox\libs\freeimage3160\source\librawlite\internal\dcraw_common.cpp(3684): warning C4018: '>=' : signed/unsigned mismatch
     1>d:\wbox\libs\freeimage3160\source\librawlite\internal\dcraw_common.cpp(3684): warning C4018: '<' : signed/unsigned mismatch
     1>d:\wbox\libs\freeimage3160\source\librawlite\internal\dcraw_common.cpp(3695): warning C4018: '<' : signed/unsigned mismatch
     1>d:\wbox\libs\freeimage3160\source\librawlite\internal\dcraw_common.cpp(3802): warning C4309: 'initializing' : truncation of constant value
     1>d:\wbox\libs\freeimage3160\source\librawlite\internal\dcraw_common.cpp(3999): warning C4244: '=' : conversion from 'double' to 'float', possible loss of data
     1>d:\wbox\libs\freeimage3160\source\librawlite\internal\dcraw_common.cpp(4004): warning C4244: '=' : conversion from 'int' to 'float', possible loss of data
     1>d:\wbox\libs\freeimage3160\source\librawlite\internal\dcraw_common.cpp(4005): warning C4244: '+=' : conversion from 'const double' to 'float', possible loss of data
     1>d:\wbox\libs\freeimage3160\source\librawlite\internal\dcraw_common.cpp(4017): warning C4244: '=' : conversion from 'float' to 'short', possible loss of data
     1>d:\wbox\libs\freeimage3160\source\librawlite\internal\dcraw_common.cpp(4018): warning C4244: '=' : conversion from 'float' to 'short', possible loss of data
     1>d:\wbox\libs\freeimage3160\source\librawlite\internal\dcraw_common.cpp(4019): warning C4244: '=' : conversion from 'float' to 'short', possible loss of data
     1>d:\wbox\libs\freeimage3160\source\librawlite\internal\dcraw_common.cpp(4054): warning C4804: '<<' : unsafe use of type 'bool' in operation
     1>d:\wbox\libs\freeimage3160\source\librawlite\internal\dcraw_common.cpp(4209): warning C4244: '=' : conversion from 'int' to 'float', possible loss of data
     1>d:\wbox\libs\freeimage3160\source\librawlite\internal\dcraw_common.cpp(4290): warning C4101: 'xyz' : unreferenced local variable
     1>d:\wbox\libs\freeimage3160\source\librawlite\internal\dcraw_common.cpp(4445): warning C4101: 'i' : unreferenced local variable
     1>d:\wbox\libs\freeimage3160\source\librawlite\internal\dcraw_common.cpp(4446): warning C4101: 'xyz_cam' : unreferenced local variable
     1>d:\wbox\libs\freeimage3160\source\librawlite\internal\dcraw_common.cpp(4445): warning C4101: 'k' : unreferenced local variable
     1>d:\wbox\libs\freeimage3160\source\librawlite\internal\dcraw_common.cpp(4446): warning C4101: 'r' : unreferenced local variable
     1>d:\wbox\libs\freeimage3160\source\librawlite\internal\dcraw_common.cpp(4445): warning C4101: 'j' : unreferenced local variable
     1>d:\wbox\libs\freeimage3160\source\librawlite\internal\dcraw_common.cpp(4647): warning C4305: 'initializing' : truncation from 'double' to 'const float'
     1>d:\wbox\libs\freeimage3160\source\librawlite\internal\dcraw_common.cpp(4650): warning C4305: 'initializing' : truncation from 'double' to 'const float'
     1>d:\wbox\libs\freeimage3160\source\librawlite\internal\dcraw_common.cpp(4660): warning C4244: '=' : conversion from 'float' to 'int', possible loss of data
     1>d:\wbox\libs\freeimage3160\source\librawlite\internal\dcraw_common.cpp(4670): warning C4244: '=' : conversion from 'int' to 'float', possible loss of data
     1>d:\wbox\libs\freeimage3160\source\librawlite\internal\dcraw_common.cpp(4678): warning C4244: '=' : conversion from 'int' to 'float', possible loss of data
     1>d:\wbox\libs\freeimage3160\source\librawlite\internal\dcraw_common.cpp(4680): warning C4244: '=' : conversion from 'float' to 'ushort', possible loss of data
     1>d:\wbox\libs\freeimage3160\source\librawlite\internal\dcraw_common.cpp(4701): warning C4244: '=' : conversion from 'double' to 'float', possible loss of data
     1>d:\wbox\libs\freeimage3160\source\librawlite\internal\dcraw_common.cpp(4702): warning C4018: '<' : signed/unsigned mismatch
     1>d:\wbox\libs\freeimage3160\source\librawlite\internal\dcraw_common.cpp(4702): warning C4244: '=' : conversion from 'float' to 'int', possible loss of data
     1>d:\wbox\libs\freeimage3160\source\librawlite\internal\dcraw_common.cpp(4703): warning C4018: '<' : signed/unsigned mismatch
     1>d:\wbox\libs\freeimage3160\source\librawlite\internal\dcraw_common.cpp(4709): warning C4018: '<' : signed/unsigned mismatch
     1>d:\wbox\libs\freeimage3160\source\librawlite\internal\dcraw_common.cpp(4716): warning C4244: '=' : conversion from 'int' to 'float', possible loss of data
     1>d:\wbox\libs\freeimage3160\source\librawlite\internal\dcraw_common.cpp(4729): warning C4244: '=' : conversion from 'float' to 'int', possible loss of data
     1>d:\wbox\libs\freeimage3160\source\librawlite\internal\dcraw_common.cpp(4733): warning C4244: '=' : conversion from 'int' to 'float', possible loss of data
     1>d:\wbox\libs\freeimage3160\source\librawlite\internal\dcraw_common.cpp(4745): warning C4018: '<' : signed/unsigned mismatch
     1>d:\wbox\libs\freeimage3160\source\librawlite\internal\dcraw_common.cpp(4752): warning C4018: '<' : signed/unsigned mismatch
     1>d:\wbox\libs\freeimage3160\source\librawlite\internal\dcraw_common.cpp(4760): warning C4244: '=' : conversion from 'float' to 'int', possible loss of data
     1>d:\wbox\libs\freeimage3160\source\librawlite\internal\dcraw_common.cpp(4776): warning C4244: '=' : conversion from 'INT64' to 'unsigned int', possible loss of data
     1>d:\wbox\libs\freeimage3160\source\librawlite\internal\dcraw_common.cpp(4854): warning C4244: '=' : conversion from 'INT64' to 'unsigned int', possible loss of data
     1>d:\wbox\libs\freeimage3160\source\librawlite\internal\dcraw_common.cpp(4859): warning C4244: '=' : conversion from 'unsigned int' to 'float', possible loss of data
     1>d:\wbox\libs\freeimage3160\source\librawlite\internal\dcraw_common.cpp(4864): warning C4244: '=' : conversion from 'INT64' to 'int', possible loss of data
     1>d:\wbox\libs\freeimage3160\source\librawlite\internal\dcraw_common.cpp(4870): warning C4244: '=' : conversion from 'INT64' to 'int', possible loss of data
     1>d:\wbox\libs\freeimage3160\source\librawlite\internal\dcraw_common.cpp(4877): warning C4244: '=' : conversion from 'INT64' to 'int', possible loss of data
     1>d:\wbox\libs\freeimage3160\source\librawlite\internal\dcraw_common.cpp(4891): warning C4244: '=' : conversion from 'INT64' to 'int', possible loss of data
     1>d:\wbox\libs\freeimage3160\source\librawlite\internal\dcraw_common.cpp(4906): warning C4244: '=' : conversion from 'int' to 'float', possible loss of data
     1>d:\wbox\libs\freeimage3160\source\librawlite\internal\dcraw_common.cpp(4910): warning C4244: '=' : conversion from 'double' to 'float', possible loss of data
     1>d:\wbox\libs\freeimage3160\source\librawlite\internal\dcraw_common.cpp(4912): warning C4244: '=' : conversion from 'double' to 'float', possible loss of data
     1>d:\wbox\libs\freeimage3160\source\librawlite\internal\dcraw_common.cpp(4914): warning C4244: '=' : conversion from 'double' to 'float', possible loss of data
     1>d:\wbox\libs\freeimage3160\source\librawlite\internal\dcraw_common.cpp(4933): warning C4244: '=' : conversion from 'double' to 'float', possible loss of data
     1>d:\wbox\libs\freeimage3160\source\librawlite\internal\dcraw_common.cpp(4955): warning C4244: '=' : conversion from 'unsigned int' to 'float', possible loss of data
     1>d:\wbox\libs\freeimage3160\source\librawlite\internal\dcraw_common.cpp(4956): warning C4244: '=' : conversion from 'unsigned int' to 'float', possible loss of data
     1>d:\wbox\libs\freeimage3160\source\librawlite\internal\dcraw_common.cpp(4957): warning C4244: '=' : conversion from 'unsigned int' to 'float', possible loss of data
     1>d:\wbox\libs\freeimage3160\source\librawlite\internal\dcraw_common.cpp(4979): warning C4244: '=' : conversion from 'unsigned int' to 'float', possible loss of data
     1>d:\wbox\libs\freeimage3160\source\librawlite\internal\dcraw_common.cpp(5016): warning C4244: '=' : conversion from 'unsigned int' to 'float', possible loss of data
     1>d:\wbox\libs\freeimage3160\source\librawlite\internal\dcraw_common.cpp(5061): warning C4244: '=' : conversion from 'double' to 'float', possible loss of data
     1>d:\wbox\libs\freeimage3160\source\librawlite\internal\dcraw_common.cpp(5062): warning C4244: '=' : conversion from 'double' to 'float', possible loss of data
     1>d:\wbox\libs\freeimage3160\source\librawlite\internal\dcraw_common.cpp(5074): warning C4996: 'stricmp': The POSIX name for this item is deprecated. Instead, use the ISO C++ conformant name: _stricmp. See online help for details.
                 c:\program files (x86)\microsoft visual studio 12.0\vc\include\string.h(253) : see declaration of 'stricmp'
     1>d:\wbox\libs\freeimage3160\source\librawlite\internal\dcraw_common.cpp(5078): warning C4244: '=' : conversion from 'double' to 'float', possible loss of data
     1>d:\wbox\libs\freeimage3160\source\librawlite\internal\dcraw_common.cpp(5081): warning C4244: '=' : conversion from 'int' to 'float', possible loss of data
     1>d:\wbox\libs\freeimage3160\source\librawlite\internal\dcraw_common.cpp(5082): warning C4244: '+=' : conversion from 'const double' to 'float', possible loss of data
     1>d:\wbox\libs\freeimage3160\source\librawlite\internal\dcraw_common.cpp(5086): warning C4244: '=' : conversion from 'double' to 'float', possible loss of data
     1>d:\wbox\libs\freeimage3160\source\librawlite\internal\dcraw_common.cpp(5091): warning C4244: '=' : conversion from 'double' to 'float', possible loss of data
     1>d:\wbox\libs\freeimage3160\source\librawlite\internal\dcraw_common.cpp(5093): warning C4244: '=' : conversion from 'double' to 'float', possible loss of data
     1>d:\wbox\libs\freeimage3160\source\librawlite\internal\dcraw_common.cpp(5097): warning C4244: '=' : conversion from 'double' to 'float', possible loss of data
     1>d:\wbox\libs\freeimage3160\source\librawlite\internal\dcraw_common.cpp(5098): warning C4244: '=' : conversion from 'double' to 'float', possible loss of data
     1>d:\wbox\libs\freeimage3160\source\librawlite\internal\dcraw_common.cpp(5119): warning C4996: 'stricmp': The POSIX name for this item is deprecated. Instead, use the ISO C++ conformant name: _stricmp. See online help for details.
                 c:\program files (x86)\microsoft visual studio 12.0\vc\include\string.h(253) : see declaration of 'stricmp'
     1>d:\wbox\libs\freeimage3160\source\librawlite\internal\dcraw_common.cpp(5124): warning C4244: '=' : conversion from 'unsigned int' to 'float', possible loss of data
     1>d:\wbox\libs\freeimage3160\source\librawlite\internal\dcraw_common.cpp(5127): warning C4244: '=' : conversion from 'double' to 'float', possible loss of data
     1>d:\wbox\libs\freeimage3160\source\librawlite\internal\dcraw_common.cpp(5135): warning C4244: '=' : conversion from 'unsigned int' to 'float', possible loss of data
     1>d:\wbox\libs\freeimage3160\source\librawlite\internal\dcraw_common.cpp(5182): warning C4244: '=' : conversion from 'double' to 'float', possible loss of data
     1>d:\wbox\libs\freeimage3160\source\librawlite\internal\dcraw_common.cpp(5183): warning C4244: '=' : conversion from 'double' to 'float', possible loss of data
     1>d:\wbox\libs\freeimage3160\source\librawlite\internal\dcraw_common.cpp(5188): warning C4244: '=' : conversion from 'double' to 'float', possible loss of data
     1>d:\wbox\libs\freeimage3160\source\librawlite\internal\dcraw_common.cpp(5189): warning C4244: '=' : conversion from 'double' to 'float', possible loss of data
     1>d:\wbox\libs\freeimage3160\source\librawlite\internal\dcraw_common.cpp(5190): warning C4244: '=' : conversion from 'double' to 'float', possible loss of data
     1>d:\wbox\libs\freeimage3160\source\librawlite\internal\dcraw_common.cpp(5229): warning C4305: 'initializing' : truncation from 'double' to 'const float'
     1>d:\wbox\libs\freeimage3160\source\librawlite\internal\dcraw_common.cpp(5234): warning C4244: '=' : conversion from 'int' to 'float', possible loss of data
     1>d:\wbox\libs\freeimage3160\source\librawlite\internal\dcraw_common.cpp(5255): warning C4244: '=' : conversion from 'INT64' to 'int', possible loss of data
     1>d:\wbox\libs\freeimage3160\source\librawlite\internal\dcraw_common.cpp(5330): warning C4244: '=' : conversion from 'double' to 'float', possible loss of data
     1>d:\wbox\libs\freeimage3160\source\librawlite\internal\dcraw_common.cpp(5335): warning C4244: '=' : conversion from 'double' to 'float', possible loss of data
     1>d:\wbox\libs\freeimage3160\source\librawlite\internal\dcraw_common.cpp(5338): warning C4244: '=' : conversion from 'int' to 'float', possible loss of data
     1>d:\wbox\libs\freeimage3160\source\librawlite\internal\dcraw_common.cpp(5339): warning C4244: '+=' : conversion from 'double' to 'float', possible loss of data
     1>d:\wbox\libs\freeimage3160\source\librawlite\internal\dcraw_common.cpp(5343): warning C4244: '=' : conversion from 'unsigned int' to 'float', possible loss of data
     1>d:\wbox\libs\freeimage3160\source\librawlite\internal\dcraw_common.cpp(5346): warning C4244: '=' : conversion from 'unsigned int' to 'float', possible loss of data
     1>d:\wbox\libs\freeimage3160\source\librawlite\internal\dcraw_common.cpp(5385): warning C4244: '=' : conversion from 'double' to 'float', possible loss of data
     1>d:\wbox\libs\freeimage3160\source\librawlite\internal\dcraw_common.cpp(5474): warning C4244: '=' : conversion from 'unsigned int' to 'float', possible loss of data
     1>d:\wbox\libs\freeimage3160\source\librawlite\internal\dcraw_common.cpp(5499): warning C4244: '=' : conversion from 'INT64' to 'int', possible loss of data
     1>d:\wbox\libs\freeimage3160\source\librawlite\internal\dcraw_common.cpp(5508): warning C4018: '<' : signed/unsigned mismatch
     1>d:\wbox\libs\freeimage3160\source\librawlite\internal\dcraw_common.cpp(5523): warning C4244: '=' : conversion from 'INT64' to 'int', possible loss of data
     1>d:\wbox\libs\freeimage3160\source\librawlite\internal\dcraw_common.cpp(5536): warning C4018: '<=' : signed/unsigned mismatch
     1>d:\wbox\libs\freeimage3160\source\librawlite\internal\dcraw_common.cpp(5543): warning C4244: 'argument' : conversion from 'INT64' to 'int', possible loss of data
     1>d:\wbox\libs\freeimage3160\source\librawlite\internal\dcraw_common.cpp(5556): warning C4244: '=' : conversion from 'double' to 'float', possible loss of data
     1>d:\wbox\libs\freeimage3160\source\librawlite\internal\dcraw_common.cpp(5564): warning C4018: '>' : signed/unsigned mismatch
     1>d:\wbox\libs\freeimage3160\source\librawlite\internal\dcraw_common.cpp(5578): warning C4018: '<' : signed/unsigned mismatch
     1>d:\wbox\libs\freeimage3160\source\librawlite\internal\dcraw_common.cpp(5591): warning C4244: '=' : conversion from 'double' to 'float', possible loss of data
     1>d:\wbox\libs\freeimage3160\source\librawlite\internal\dcraw_common.cpp(5594): warning C4244: '=' : conversion from 'double' to 'float', possible loss of data
     1>d:\wbox\libs\freeimage3160\source\librawlite\internal\dcraw_common.cpp(5597): warning C4244: '=' : conversion from 'double' to 'float', possible loss of data
     1>d:\wbox\libs\freeimage3160\source\librawlite\internal\dcraw_common.cpp(5608): warning C4244: '/=' : conversion from 'double' to 'float', possible loss of data
     1>d:\wbox\libs\freeimage3160\source\librawlite\internal\dcraw_common.cpp(5612): warning C4244: 'argument' : conversion from 'INT64' to 'int', possible loss of data
     1>d:\wbox\libs\freeimage3160\source\librawlite\internal\dcraw_common.cpp(5633): warning C4244: '=' : conversion from 'double' to 'float', possible loss of data
     1>d:\wbox\libs\freeimage3160\source\librawlite\internal\dcraw_common.cpp(5641): warning C4244: '=' : conversion from 'double' to 'float', possible loss of data
     1>d:\wbox\libs\freeimage3160\source\librawlite\internal\dcraw_common.cpp(5675): warning C4244: '=' : conversion from 'double' to 'float', possible loss of data
     1>d:\wbox\libs\freeimage3160\source\librawlite\internal\dcraw_common.cpp(5706): warning C4244: '=' : conversion from 'INT64' to 'int', possible loss of data
     1>d:\wbox\libs\freeimage3160\source\librawlite\internal\dcraw_common.cpp(5748): warning C4244: '=' : conversion from 'double' to 'unsigned int', possible loss of data
     1>d:\wbox\libs\freeimage3160\source\librawlite\internal\dcraw_common.cpp(5751): warning C4244: '=' : conversion from 'double' to 'int', possible loss of data
     1>d:\wbox\libs\freeimage3160\source\librawlite\internal\dcraw_common.cpp(5752): warning C4244: '=' : conversion from 'double' to 'int', possible loss of data
     1>d:\wbox\libs\freeimage3160\source\librawlite\internal\dcraw_common.cpp(5753): warning C4244: '=' : conversion from 'double' to 'int', possible loss of data
     1>d:\wbox\libs\freeimage3160\source\librawlite\internal\dcraw_common.cpp(5762): warning C4018: '<' : signed/unsigned mismatch
     1>d:\wbox\libs\freeimage3160\source\librawlite\internal\dcraw_common.cpp(5764): warning C4244: '+=' : conversion from 'double' to 'unsigned int', possible loss of data
     1>d:\wbox\libs\freeimage3160\source\librawlite\internal\dcraw_common.cpp(5812): warning C4018: '<' : signed/unsigned mismatch
     1>d:\wbox\libs\freeimage3160\source\librawlite\internal\dcraw_common.cpp(5848): warning C4146: unary minus operator applied to unsigned type, result still unsigned
     1>d:\wbox\libs\freeimage3160\source\librawlite\internal\dcraw_common.cpp(5864): warning C4244: '=' : conversion from 'double' to 'float', possible loss of data
     1>d:\wbox\libs\freeimage3160\source\librawlite\internal\dcraw_common.cpp(5867): warning C4244: '/=' : conversion from 'double' to 'float', possible loss of data
     1>d:\wbox\libs\freeimage3160\source\librawlite\internal\dcraw_common.cpp(5903): warning C4018: '<' : signed/unsigned mismatch
     1>d:\wbox\libs\freeimage3160\source\librawlite\internal\dcraw_common.cpp(5997): warning C4018: '<' : signed/unsigned mismatch
     1>d:\wbox\libs\freeimage3160\source\librawlite\internal\dcraw_common.cpp(6003): warning C4018: '>' : signed/unsigned mismatch
     1>d:\wbox\libs\freeimage3160\source\librawlite\internal\dcraw_common.cpp(6041): warning C4244: '=' : conversion from 'INT64' to 'int', possible loss of data
     1>d:\wbox\libs\freeimage3160\source\librawlite\internal\dcraw_common.cpp(6057): warning C4244: 'argument' : conversion from 'INT64' to 'int', possible loss of data
     1>d:\wbox\libs\freeimage3160\source\librawlite\internal\dcraw_common.cpp(6118): warning C4996: 'stricmp': The POSIX name for this item is deprecated. Instead, use the ISO C++ conformant name: _stricmp. See online help for details.
                 c:\program files (x86)\microsoft visual studio 12.0\vc\include\string.h(253) : see declaration of 'stricmp'
     1>d:\wbox\libs\freeimage3160\source\librawlite\internal\dcraw_common.cpp(6194): warning C4244: '=' : conversion from 'unsigned long' to 'ushort', possible loss of data
     1>d:\wbox\libs\freeimage3160\source\librawlite\internal\dcraw_common.cpp(6215): warning C4244: '=' : conversion from 'INT64' to 'int', possible loss of data
     1>d:\wbox\libs\freeimage3160\source\librawlite\internal\dcraw_common.cpp(6218): warning C4244: 'argument' : conversion from 'INT64' to 'int', possible loss of data
     1>d:\wbox\libs\freeimage3160\source\librawlite\internal\dcraw_common.cpp(6243): warning C4244: '=' : conversion from 'double' to 'float', possible loss of data
     1>d:\wbox\libs\freeimage3160\source\librawlite\internal\dcraw_common.cpp(6244): warning C4244: '=' : conversion from 'double' to 'float', possible loss of data
     1>d:\wbox\libs\freeimage3160\source\librawlite\internal\dcraw_common.cpp(6245): warning C4244: '=' : conversion from 'double' to 'float', possible loss of data
     1>d:\wbox\libs\freeimage3160\source\librawlite\internal\dcraw_common.cpp(6249): warning C4244: '=' : conversion from 'double' to 'float', possible loss of data
     1>d:\wbox\libs\freeimage3160\source\librawlite\internal\dcraw_common.cpp(6263): warning C4244: '=' : conversion from 'double' to 'float', possible loss of data
     1>d:\wbox\libs\freeimage3160\source\librawlite\internal\dcraw_common.cpp(6274): warning C4244: '=' : conversion from 'int' to 'float', possible loss of data
     1>d:\wbox\libs\freeimage3160\source\librawlite\internal\dcraw_common.cpp(6290): warning C4244: '=' : conversion from 'int' to 'float', possible loss of data
     1>d:\wbox\libs\freeimage3160\source\librawlite\internal\dcraw_common.cpp(6395): warning C4244: '=' : conversion from 'INT64' to 'unsigned int', possible loss of data
     1>d:\wbox\libs\freeimage3160\source\librawlite\internal\dcraw_common.cpp(6401): warning C4244: '=' : conversion from 'double' to 'float', possible loss of data
     1>d:\wbox\libs\freeimage3160\source\librawlite\internal\dcraw_common.cpp(6405): warning C4244: '=' : conversion from 'double' to 'float', possible loss of data
     1>d:\wbox\libs\freeimage3160\source\librawlite\internal\dcraw_common.cpp(6454): warning C4244: '=' : conversion from 'INT64' to 'unsigned int', possible loss of data
     1>d:\wbox\libs\freeimage3160\source\librawlite\internal\dcraw_common.cpp(6493): warning C4244: '=' : conversion from 'INT64' to 'int', possible loss of data
     1>d:\wbox\libs\freeimage3160\source\librawlite\internal\dcraw_common.cpp(6520): warning C4244: '=' : conversion from 'INT64' to 'unsigned int', possible loss of data
     1>d:\wbox\libs\freeimage3160\source\librawlite\internal\dcraw_common.cpp(6539): warning C4996: 'stricmp': The POSIX name for this item is deprecated. Instead, use the ISO C++ conformant name: _stricmp. See online help for details.
                 c:\program files (x86)\microsoft visual studio 12.0\vc\include\string.h(253) : see declaration of 'stricmp'
     1>d:\wbox\libs\freeimage3160\source\librawlite\internal\dcraw_common.cpp(6605): warning C4244: '=' : conversion from 'double' to 'float', possible loss of data
     1>d:\wbox\libs\freeimage3160\source\librawlite\internal\dcraw_common.cpp(6606): warning C4244: '=' : conversion from 'double' to 'float', possible loss of data
     1>d:\wbox\libs\freeimage3160\source\librawlite\internal\dcraw_common.cpp(6609): warning C4244: '=' : conversion from 'double' to 'float', possible loss of data
     1>d:\wbox\libs\freeimage3160\source\librawlite\internal\dcraw_common.cpp(6627): warning C4146: unary minus operator applied to unsigned type, result still unsigned
     1>d:\wbox\libs\freeimage3160\source\librawlite\internal\dcraw_common.cpp(7523): warning C4309: 'initializing' : truncation of constant value
     1>d:\wbox\libs\freeimage3160\source\librawlite\internal\dcraw_common.cpp(7530): warning C4996: 'strnicmp': The POSIX name for this item is deprecated. Instead, use the ISO C++ conformant name: _strnicmp. See online help for details.
                 c:\program files (x86)\microsoft visual studio 12.0\vc\include\string.h(255) : see declaration of 'strnicmp'
     1>d:\wbox\libs\freeimage3160\source\librawlite\internal\dcraw_common.cpp(7539): warning C4244: '=' : conversion from 'double' to 'float', possible loss of data
     1>d:\wbox\libs\freeimage3160\source\librawlite\internal\dcraw_common.cpp(7559): warning C4305: 'initializing' : truncation from 'double' to 'const float'
     1>d:\wbox\libs\freeimage3160\source\librawlite\internal\dcraw_common.cpp(7600): warning C4244: '=' : conversion from 'UINT64' to 'ushort', possible loss of data
     1>d:\wbox\libs\freeimage3160\source\librawlite\internal\dcraw_common.cpp(7607): warning C4244: 'return' : conversion from 'double' to 'float', possible loss of data
     1>d:\wbox\libs\freeimage3160\source\librawlite\internal\dcraw_common.cpp(7867): warning C4244: '=' : conversion from 'unsigned int' to 'float', possible loss of data
     1>d:\wbox\libs\freeimage3160\source\librawlite\internal\dcraw_common.cpp(7897): warning C4244: '=' : conversion from 'INT64' to 'int', possible loss of data
     1>d:\wbox\libs\freeimage3160\source\librawlite\internal\dcraw_common.cpp(7922): warning C4244: '=' : conversion from 'unsigned int' to 'float', possible loss of data
     1>d:\wbox\libs\freeimage3160\source\librawlite\internal\dcraw_common.cpp(7948): warning C4244: 'argument' : conversion from 'INT64' to 'int', possible loss of data
     1>d:\wbox\libs\freeimage3160\source\librawlite\internal\dcraw_common.cpp(7949): warning C4244: 'argument' : conversion from 'INT64' to 'int', possible loss of data
     1>d:\wbox\libs\freeimage3160\source\librawlite\internal\dcraw_common.cpp(8048): warning C4244: '=' : conversion from 'INT64' to 'unsigned int', possible loss of data
     1>d:\wbox\libs\freeimage3160\source\librawlite\internal\dcraw_common.cpp(8069): warning C4244: 'initializing' : conversion from 'INT64' to 'int', possible loss of data
     1>d:\wbox\libs\freeimage3160\source\librawlite\internal\dcraw_common.cpp(8093): warning C4996: 'strnicmp': The POSIX name for this item is deprecated. Instead, use the ISO C++ conformant name: _strnicmp. See online help for details.
                 c:\program files (x86)\microsoft visual studio 12.0\vc\include\string.h(255) : see declaration of 'strnicmp'
     1>d:\wbox\libs\freeimage3160\source\librawlite\internal\dcraw_common.cpp(8157): warning C4996: 'stricmp': The POSIX name for this item is deprecated. Instead, use the ISO C++ conformant name: _stricmp. See online help for details.
                 c:\program files (x86)\microsoft visual studio 12.0\vc\include\string.h(253) : see declaration of 'stricmp'
     1>d:\wbox\libs\freeimage3160\source\librawlite\internal\dcraw_common.cpp(8269): warning C4305: '*=' : truncation from 'double' to 'float'
     1>d:\wbox\libs\freeimage3160\source\librawlite\internal\dcraw_common.cpp(8270): warning C4305: '*=' : truncation from 'double' to 'float'
     1>d:\wbox\libs\freeimage3160\source\librawlite\internal\dcraw_common.cpp(8336): warning C4305: '=' : truncation from 'double' to 'float'
     1>d:\wbox\libs\freeimage3160\source\librawlite\internal\dcraw_common.cpp(8337): warning C4305: '=' : truncation from 'double' to 'float'
     1>d:\wbox\libs\freeimage3160\source\librawlite\internal\dcraw_common.cpp(8338): warning C4305: '=' : truncation from 'double' to 'float'
     1>d:\wbox\libs\freeimage3160\source\librawlite\internal\dcraw_common.cpp(8348): warning C4305: '=' : truncation from 'double' to 'float'
     1>d:\wbox\libs\freeimage3160\source\librawlite\internal\dcraw_common.cpp(8349): warning C4305: '=' : truncation from 'double' to 'float'
     1>d:\wbox\libs\freeimage3160\source\librawlite\internal\dcraw_common.cpp(8350): warning C4305: '=' : truncation from 'double' to 'float'
     1>d:\wbox\libs\freeimage3160\source\librawlite\internal\dcraw_common.cpp(8370): warning C4244: '=' : conversion from 'float' to 'int', possible loss of data
     1>d:\wbox\libs\freeimage3160\source\librawlite\internal\dcraw_common.cpp(8371): warning C4244: '=' : conversion from 'float' to 'int', possible loss of data
     1>d:\wbox\libs\freeimage3160\source\librawlite\internal\dcraw_common.cpp(8420): warning C4996: 'stricmp': The POSIX name for this item is deprecated. Instead, use the ISO C++ conformant name: _stricmp. See online help for details.
                 c:\program files (x86)\microsoft visual studio 12.0\vc\include\string.h(253) : see declaration of 'stricmp'
     1>d:\wbox\libs\freeimage3160\source\librawlite\internal\dcraw_common.cpp(8626): warning C4244: '=' : conversion from 'INT64' to 'unsigned int', possible loss of data
     1>d:\wbox\libs\freeimage3160\source\librawlite\internal\dcraw_common.cpp(8686): warning C4996: 'strnicmp': The POSIX name for this item is deprecated. Instead, use the ISO C++ conformant name: _strnicmp. See online help for details.
                 c:\program files (x86)\microsoft visual studio 12.0\vc\include\string.h(255) : see declaration of 'strnicmp'
     1>d:\wbox\libs\freeimage3160\source\librawlite\internal\dcraw_common.cpp(8689): warning C4996: 'stricmp': The POSIX name for this item is deprecated. Instead, use the ISO C++ conformant name: _stricmp. See online help for details.
                 c:\program files (x86)\microsoft visual studio 12.0\vc\include\string.h(253) : see declaration of 'stricmp'
     1>d:\wbox\libs\freeimage3160\source\librawlite\internal\dcraw_common.cpp(8739): warning C4305: '=' : truncation from 'double' to 'float'
     1>d:\wbox\libs\freeimage3160\source\librawlite\internal\dcraw_common.cpp(8740): warning C4305: '=' : truncation from 'double' to 'float'
     1>d:\wbox\libs\freeimage3160\source\librawlite\internal\dcraw_common.cpp(8741): warning C4305: '=' : truncation from 'double' to 'float'
     1>d:\wbox\libs\freeimage3160\source\librawlite\internal\dcraw_common.cpp(8866): warning C4804: '>>' : unsafe use of type 'bool' in operation
     1>d:\wbox\libs\freeimage3160\source\librawlite\internal\dcraw_common.cpp(8991): warning C4018: '<' : signed/unsigned mismatch
     1>d:\wbox\libs\freeimage3160\source\librawlite\internal\dcraw_common.cpp(9007): warning C4244: '=' : conversion from 'double' to 'unsigned int', possible loss of data
     1>d:\wbox\libs\freeimage3160\source\librawlite\internal\dcraw_common.cpp(9009): warning C4018: '<' : signed/unsigned mismatch
     1>d:\wbox\libs\freeimage3160\source\librawlite\internal\dcraw_common.cpp(9015): warning C4244: '=' : conversion from 'int' to 'float', possible loss of data
     1>d:\wbox\libs\freeimage3160\source\librawlite\internal\dcraw_common.cpp(9016): warning C4244: '+=' : conversion from 'const double' to 'float', possible loss of data
     1>d:\wbox\libs\freeimage3160\source\librawlite\internal\dcraw_common.cpp(9067): warning C4244: '=' : conversion from 'double' to 'ushort', possible loss of data
     1>d:\wbox\libs\freeimage3160\source\librawlite\internal\dcraw_common.cpp(9068): warning C4244: '=' : conversion from 'double' to 'ushort', possible loss of data
     1>d:\wbox\libs\freeimage3160\source\librawlite\internal\dcraw_common.cpp(9078): warning C4244: '=' : conversion from 'double' to 'float', possible loss of data
     1>d:\wbox\libs\freeimage3160\source\librawlite\internal\dcraw_common.cpp(9078): warning C4244: '=' : conversion from 'float' to 'unsigned int', possible loss of data
     1>d:\wbox\libs\freeimage3160\source\librawlite\internal\dcraw_common.cpp(9079): warning C4244: '=' : conversion from 'double' to 'float', possible loss of data
     1>d:\wbox\libs\freeimage3160\source\librawlite\internal\dcraw_common.cpp(9079): warning C4244: '=' : conversion from 'float' to 'unsigned int', possible loss of data
     1>d:\wbox\libs\freeimage3160\source\librawlite\internal\dcraw_common.cpp(9080): warning C4018: '>' : signed/unsigned mismatch
     1>d:\wbox\libs\freeimage3160\source\librawlite\internal\dcraw_common.cpp(9087): warning C4244: '=' : conversion from 'float' to 'ushort', possible loss of data
     1>d:\wbox\libs\freeimage3160\source\librawlite\internal\dcraw_common.cpp(9114): warning C4244: '=' : conversion from 'double' to 'ushort', possible loss of data
     1>d:\wbox\libs\freeimage3160\source\librawlite\internal\dcraw_common.cpp(9118): warning C4244: '=' : conversion from 'double' to 'int', possible loss of data
     1>d:\wbox\libs\freeimage3160\source\librawlite\internal\dcraw_common.cpp(9122): warning C4244: '=' : conversion from 'double' to 'ushort', possible loss of data
     1>d:\wbox\libs\freeimage3160\source\librawlite\internal\dcraw_common.cpp(9126): warning C4244: '=' : conversion from 'double' to 'ushort', possible loss of data
     1>d:\wbox\libs\freeimage3160\source\librawlite\internal\dcraw_common.cpp(9130): warning C4244: '=' : conversion from 'double' to 'int', possible loss of data
     1>d:\wbox\libs\freeimage3160\source\librawlite\internal\dcraw_common.cpp(9134): warning C4244: '=' : conversion from 'double' to 'ushort', possible loss of data
     1>d:\wbox\libs\freeimage3160\source\librawlite\internal\dcraw_common.cpp(9213): warning C4244: 'argument' : conversion from 'float' to 'int', possible loss of data
     1>d:\wbox\libs\freeimage3160\source\librawlite\internal\dcraw_common.cpp(9232): warning C4244: '*=' : conversion from 'float' to 'int', possible loss of data
     1>d:\wbox\libs\freeimage3160\source\librawlite\internal\dcraw_common.cpp(9233): warning C4244: '*=' : conversion from 'float' to 'int', possible loss of data
     1>d:\wbox\libs\freeimage3160\source\librawlite\internal\dcraw_common.cpp(9234): warning C4244: '*=' : conversion from 'float' to 'int', possible loss of data
     1>d:\wbox\libs\freeimage3160\source\librawlite\internal\dcraw_common.cpp(9304): warning C4244: '=' : conversion from 'double' to 'int', possible loss of data
     1>d:\wbox\libs\freeimage3160\source\librawlite\internal\dcraw_common.cpp(9312): warning C4244: 'argument' : conversion from 'float' to 'int', possible loss of data
     1>d:\wbox\libs\freeimage3160\source\librawlite\internal\dcraw_common.cpp(9340): warning C4996: 'swab': The POSIX name for this item is deprecated. Instead, use the ISO C++ conformant name: _swab. See online help for details.
                 c:\program files (x86)\microsoft visual studio 12.0\vc\include\stdlib.h(944) : see declaration of 'swab'
         Generating Code...
     1>C:\Program Files (x86)\MSBuild\Microsoft.Cpp\v4.0\V120\Microsoft.CppBuild.targets(1361,5): warning MSB8012: TargetPath(D:\wbox\libs\FreeImage3160\Debug\LibRaw.lib) does not match the Library's OutputFile property value (D:\wbox\libs\FreeImage3160\Source\LibRawLite\Debug\LibRawLite.lib). This may cause your project to build incorrectly. To correct this, please make sure that $(OutDir), $(TargetName) and $(TargetExt) property values match the value specified in %(Lib.OutputFile).
     1>C:\Program Files (x86)\MSBuild\Microsoft.Cpp\v4.0\V120\Microsoft.CppBuild.targets(1363,5): warning MSB8012: TargetName(LibRaw) does not match the Library's OutputFile property value (LibRawLite). This may cause your project to build incorrectly. To correct this, please make sure that $(OutDir), $(TargetName) and $(TargetExt) property values match the value specified in %(Lib.OutputFile).
       Lib:
         C:\Program Files (x86)\Microsoft Visual Studio 12.0\VC\bin\Lib.exe /OUT:".\Debug\LibRawLite.lib" /NOLOGO Debug\dcraw_common.obj
         Debug\dcraw_fileio.obj
         Debug\demosaic_packs.obj
         Debug\libraw_c_api.obj
         Debug\libraw_cxx.obj
         Debug\libraw_datastream.obj
         LibRawLite.2008.vcxproj -> D:\wbox\libs\FreeImage3160\Debug\LibRaw.lib
     1>Done Building Project "D:\wbox\libs\FreeImage3160\Source\LibRawLite\LibRawLite.2008.vcxproj" (Rebuild target(s)).

Build succeeded.

Time Elapsed 00:00:06.26
