Build started 28.05.2015 19:28:04.
     1>Project "D:\wbox\libs\FreeImage3160\Source\LibPNG\LibPNG.2008.vcxproj" on node 2 (Build target(s)).
       Project file contains ToolsVersion="12.0". This toolset may be unknown or missing, in which case you may be able to resolve this by installing the appropriate version of MSBuild, or the build may have been forced to a particular ToolsVersion for policy reasons. Treating the project as if it had ToolsVersion="4.0". For more information, please see http://go.microsoft.com/fwlink/?LinkId=291333.
     1>Project "D:\wbox\libs\FreeImage3160\Source\LibPNG\LibPNG.2008.vcxproj" (1) is building "D:\wbox\libs\FreeImage3160\Source\ZLib\ZLib.2008.vcxproj" (2) on node 3 (GetTargetPath target(s)).
       Project file contains ToolsVersion="12.0". This toolset may be unknown or missing, in which case you may be able to resolve this by installing the appropriate version of MSBuild, or the build may have been forced to a particular ToolsVersion for policy reasons. Treating the project as if it had ToolsVersion="4.0". For more information, please see http://go.microsoft.com/fwlink/?LinkId=291333.
     2>Done Building Project "D:\wbox\libs\FreeImage3160\Source\ZLib\ZLib.2008.vcxproj" (GetTargetPath target(s)).
     1>Project "D:\wbox\libs\FreeImage3160\Source\LibPNG\LibPNG.2008.vcxproj" (1) is building "D:\wbox\libs\FreeImage3160\Source\ZLib\ZLib.2008.vcxproj" (2:2) on node 3 (GetNativeManifest target(s)).
       Project file contains ToolsVersion="12.0". This toolset may be unknown or missing, in which case you may be able to resolve this by installing the appropriate version of MSBuild, or the build may have been forced to a particular ToolsVersion for policy reasons. Treating the project as if it had ToolsVersion="4.0". For more information, please see http://go.microsoft.com/fwlink/?LinkId=291333.
     2>Done Building Project "D:\wbox\libs\FreeImage3160\Source\ZLib\ZLib.2008.vcxproj" (GetNativeManifest target(s)).
     1>ClCompile:
         C:\Program Files (x86)\Microsoft Visual Studio 11.0\VC\bin\CL.exe /c /I..\zlib /Zi /nologo /W3 /WX- /O2 /Ob2 /Oi /Ot /Oy /D WIN32 /D NDEBUG /D _LIB /D _CRT_SECURE_NO_DEPRECATE /D _VC80_UPGRADE=0x0710 /D _MBCS /GF /Gm- /EHsc /MT /GS- /fp:precise /Zc:wchar_t /Zc:forScope /Fo".\Release/" /Fd".\Release/vc110.pdb" /Gd /TC /analyze- /errorReport:prompt png.c pngerror.c pngget.c pngmem.c pngpread.c pngread.c pngrio.c pngrtran.c pngrutil.c pngset.c pngtrans.c pngwio.c pngwrite.c pngwtran.c pngwutil.c
         png.c
         pngerror.c
         pngget.c
         pngmem.c
         pngpread.c
         pngread.c
         pngrio.c
         pngrtran.c
         pngrutil.c
         pngset.c
         pngtrans.c
         pngwio.c
         pngwrite.c
         pngwtran.c
         pngwutil.c
         Создание кода...
     1>Project "D:\wbox\libs\FreeImage3160\Source\LibPNG\LibPNG.2008.vcxproj" (1) is building "D:\wbox\libs\FreeImage3160\Source\ZLib\ZLib.2008.vcxproj" (2:3) on node 3 (GetResolvedLinkLibs target(s)).
       Project file contains ToolsVersion="12.0". This toolset may be unknown or missing, in which case you may be able to resolve this by installing the appropriate version of MSBuild, or the build may have been forced to a particular ToolsVersion for policy reasons. Treating the project as if it had ToolsVersion="4.0". For more information, please see http://go.microsoft.com/fwlink/?LinkId=291333.
     2>Done Building Project "D:\wbox\libs\FreeImage3160\Source\ZLib\ZLib.2008.vcxproj" (GetResolvedLinkLibs target(s)).
     1>Lib:
         C:\Program Files (x86)\Microsoft Visual Studio 11.0\VC\bin\Lib.exe /OUT:".\Release\LibPNG.lib" /NOLOGO .\Release/png.obj
         .\Release/pngerror.obj
         .\Release/pngget.obj
         .\Release/pngmem.obj
         .\Release/pngpread.obj
         .\Release/pngread.obj
         .\Release/pngrio.obj
         .\Release/pngrtran.obj
         .\Release/pngrutil.obj
         .\Release/pngset.obj
         .\Release/pngtrans.obj
         .\Release/pngwio.obj
         .\Release/pngwrite.obj
         .\Release/pngwtran.obj
         .\Release/pngwutil.obj
         LibPNG.2008.vcxproj -> D:\wbox\libs\FreeImage3160\Source\LibPNG\.\Release\LibPNG.lib
     1>Project "D:\wbox\libs\FreeImage3160\Source\LibPNG\LibPNG.2008.vcxproj" (1) is building "D:\wbox\libs\FreeImage3160\Source\ZLib\ZLib.2008.vcxproj" (2:4) on node 3 (GetCopyToOutputDirectoryItems target(s)).
       Project file contains ToolsVersion="12.0". This toolset may be unknown or missing, in which case you may be able to resolve this by installing the appropriate version of MSBuild, or the build may have been forced to a particular ToolsVersion for policy reasons. Treating the project as if it had ToolsVersion="4.0". For more information, please see http://go.microsoft.com/fwlink/?LinkId=291333.
     2>Done Building Project "D:\wbox\libs\FreeImage3160\Source\ZLib\ZLib.2008.vcxproj" (GetCopyToOutputDirectoryItems target(s)).
     1>Done Building Project "D:\wbox\libs\FreeImage3160\Source\LibPNG\LibPNG.2008.vcxproj" (Build target(s)).

Build succeeded.

Time Elapsed 00:00:07.91
