d:\wbox\libs\freeimage3160\source\libjxr\debug\segdec.obj
d:\wbox\libs\freeimage3160\source\libjxr\debug\strdec.obj
d:\wbox\libs\freeimage3160\source\libjxr\debug\strdec_x86.obj
d:\wbox\libs\freeimage3160\source\libjxr\debug\strinvtransform.obj
d:\wbox\libs\freeimage3160\source\libjxr\debug\strpredquantdec.obj
d:\wbox\libs\freeimage3160\source\libjxr\debug\encode.obj
d:\wbox\libs\freeimage3160\source\libjxr\debug\segenc.obj
d:\wbox\libs\freeimage3160\source\libjxr\debug\strenc.obj
d:\wbox\libs\freeimage3160\source\libjxr\debug\strenc_x86.obj
d:\wbox\libs\freeimage3160\source\libjxr\debug\strfwdtransform.obj
d:\wbox\libs\freeimage3160\source\libjxr\debug\strpredquantenc.obj
d:\wbox\libs\freeimage3160\source\libjxr\debug\adapthuff.obj
d:\wbox\libs\freeimage3160\source\libjxr\debug\image.obj
d:\wbox\libs\freeimage3160\source\libjxr\debug\strcodec.obj
d:\wbox\libs\freeimage3160\source\libjxr\debug\strpredquant.obj
d:\wbox\libs\freeimage3160\source\libjxr\debug\strtransform.obj
d:\wbox\libs\freeimage3160\source\libjxr\debug\jxrglue.obj
d:\wbox\libs\freeimage3160\source\libjxr\debug\jxrgluejxr.obj
d:\wbox\libs\freeimage3160\source\libjxr\debug\jxrgluepfc.obj
d:\wbox\libs\freeimage3160\source\libjxr\debug\jxrmeta.obj
d:\wbox\libs\freeimage3160\source\libjxr\debug\decode.obj
d:\wbox\libs\freeimage3160\source\libjxr\debug\jxrtranscode.obj
d:\wbox\libs\freeimage3160\source\libjxr\debug\postprocess.obj
d:\wbox\libs\freeimage3160\source\libjxr\debug\vc110.pdb
d:\wbox\libs\freeimage3160\debug\libjxr.lib
d:\wbox\libs\freeimage3160\source\libjxr\debug\vc120.pdb
d:\wbox\libs\freeimage3160\source\libjxr\debug\vc120.idb
d:\wbox\libs\freeimage3160\source\libjxr\debug\cl.command.1.tlog
d:\wbox\libs\freeimage3160\source\libjxr\debug\cl.read.1.tlog
d:\wbox\libs\freeimage3160\source\libjxr\debug\cl.write.1.tlog
d:\wbox\libs\freeimage3160\source\libjxr\debug\lib-link.read.1.tlog
d:\wbox\libs\freeimage3160\source\libjxr\debug\lib-link.write.1.tlog
d:\wbox\libs\freeimage3160\source\libjxr\debug\lib.command.1.tlog
d:\wbox\libs\freeimage3160\source\libjxr\debug\vc110.idb
d:\wbox\libs\freeimage3160\source\libjxr\debug\libjxr.tlog\cl.command.1.tlog
d:\wbox\libs\freeimage3160\source\libjxr\debug\libjxr.tlog\cl.read.1.tlog
d:\wbox\libs\freeimage3160\source\libjxr\debug\libjxr.tlog\cl.write.1.tlog
d:\wbox\libs\freeimage3160\source\libjxr\debug\libjxr.tlog\lib-link.read.1.tlog
d:\wbox\libs\freeimage3160\source\libjxr\debug\libjxr.tlog\lib-link.write.1.tlog
d:\wbox\libs\freeimage3160\source\libjxr\debug\libjxr.tlog\lib.command.1.tlog
