d:\wbox\libs\freeimage3160\source\libjpeg\debug\jdarith.obj
d:\wbox\libs\freeimage3160\source\libjpeg\debug\jdapistd.obj
d:\wbox\libs\freeimage3160\source\libjpeg\debug\jdapimin.obj
d:\wbox\libs\freeimage3160\source\libjpeg\debug\jctrans.obj
d:\wbox\libs\freeimage3160\source\libjpeg\debug\jcsample.obj
d:\wbox\libs\freeimage3160\source\libjpeg\debug\jcprepct.obj
d:\wbox\libs\freeimage3160\source\libjpeg\debug\jcparam.obj
d:\wbox\libs\freeimage3160\source\libjpeg\debug\jcomapi.obj
d:\wbox\libs\freeimage3160\source\libjpeg\debug\jcmaster.obj
d:\wbox\libs\freeimage3160\source\libjpeg\debug\jcmarker.obj
d:\wbox\libs\freeimage3160\source\libjpeg\debug\jcmainct.obj
d:\wbox\libs\freeimage3160\source\libjpeg\debug\jcinit.obj
d:\wbox\libs\freeimage3160\source\libjpeg\debug\jchuff.obj
d:\wbox\libs\freeimage3160\source\libjpeg\debug\jcdctmgr.obj
d:\wbox\libs\freeimage3160\source\libjpeg\debug\jccolor.obj
d:\wbox\libs\freeimage3160\source\libjpeg\debug\jccoefct.obj
d:\wbox\libs\freeimage3160\source\libjpeg\debug\jcarith.obj
d:\wbox\libs\freeimage3160\source\libjpeg\debug\jcapistd.obj
d:\wbox\libs\freeimage3160\source\libjpeg\debug\jcapimin.obj
d:\wbox\libs\freeimage3160\source\libjpeg\debug\jaricom.obj
d:\wbox\libs\freeimage3160\source\libjpeg\debug\jidctfst.obj
d:\wbox\libs\freeimage3160\source\libjpeg\debug\jidctflt.obj
d:\wbox\libs\freeimage3160\source\libjpeg\debug\jfdctint.obj
d:\wbox\libs\freeimage3160\source\libjpeg\debug\jfdctfst.obj
d:\wbox\libs\freeimage3160\source\libjpeg\debug\jfdctflt.obj
d:\wbox\libs\freeimage3160\source\libjpeg\debug\jerror.obj
d:\wbox\libs\freeimage3160\source\libjpeg\debug\jdtrans.obj
d:\wbox\libs\freeimage3160\source\libjpeg\debug\jdsample.obj
d:\wbox\libs\freeimage3160\source\libjpeg\debug\jdpostct.obj
d:\wbox\libs\freeimage3160\source\libjpeg\debug\jdmerge.obj
d:\wbox\libs\freeimage3160\source\libjpeg\debug\jdmaster.obj
d:\wbox\libs\freeimage3160\source\libjpeg\debug\jdmarker.obj
d:\wbox\libs\freeimage3160\source\libjpeg\debug\jdmainct.obj
d:\wbox\libs\freeimage3160\source\libjpeg\debug\jdinput.obj
d:\wbox\libs\freeimage3160\source\libjpeg\debug\jdhuff.obj
d:\wbox\libs\freeimage3160\source\libjpeg\debug\jddctmgr.obj
d:\wbox\libs\freeimage3160\source\libjpeg\debug\jdcolor.obj
d:\wbox\libs\freeimage3160\source\libjpeg\debug\jdcoefct.obj
d:\wbox\libs\freeimage3160\source\libjpeg\debug\jdatasrc.obj
d:\wbox\libs\freeimage3160\source\libjpeg\debug\jdatadst.obj
d:\wbox\libs\freeimage3160\source\libjpeg\debug\transupp.obj
d:\wbox\libs\freeimage3160\source\libjpeg\debug\jutils.obj
d:\wbox\libs\freeimage3160\source\libjpeg\debug\jquant2.obj
d:\wbox\libs\freeimage3160\source\libjpeg\debug\jquant1.obj
d:\wbox\libs\freeimage3160\source\libjpeg\debug\jmemnobs.obj
d:\wbox\libs\freeimage3160\source\libjpeg\debug\jmemmgr.obj
d:\wbox\libs\freeimage3160\source\libjpeg\debug\jidctint.obj
d:\wbox\libs\freeimage3160\source\libjpeg\debug\vc110.pdb
d:\wbox\libs\freeimage3160\source\libjpeg\debug\libjpeg.lib
d:\wbox\libs\freeimage3160\source\libjpeg\debug\vc120.pdb
d:\wbox\libs\freeimage3160\source\libjpeg\debug\vc120.idb
d:\wbox\libs\freeimage3160\source\libjpeg\debug\cl.command.1.tlog
d:\wbox\libs\freeimage3160\source\libjpeg\debug\cl.read.1.tlog
d:\wbox\libs\freeimage3160\source\libjpeg\debug\cl.write.1.tlog
d:\wbox\libs\freeimage3160\source\libjpeg\debug\lib-link.read.1.tlog
d:\wbox\libs\freeimage3160\source\libjpeg\debug\lib-link.write.1.tlog
d:\wbox\libs\freeimage3160\source\libjpeg\debug\lib.command.1.tlog
d:\wbox\libs\freeimage3160\source\libjpeg\debug\vc110.idb
d:\wbox\libs\freeimage3160\source\libjpeg\.\debug\libjpeg.lib
d:\wbox\libs\freeimage3160\source\libjpeg\debug\libjpeg.tlog\cl.command.1.tlog
d:\wbox\libs\freeimage3160\source\libjpeg\debug\libjpeg.tlog\cl.read.1.tlog
d:\wbox\libs\freeimage3160\source\libjpeg\debug\libjpeg.tlog\cl.write.1.tlog
d:\wbox\libs\freeimage3160\source\libjpeg\debug\libjpeg.tlog\lib-link.read.1.tlog
d:\wbox\libs\freeimage3160\source\libjpeg\debug\libjpeg.tlog\lib-link.write.1.tlog
d:\wbox\libs\freeimage3160\source\libjpeg\debug\libjpeg.tlog\lib.command.1.tlog
